<?xml version="1.0" encoding="UTF-8"?>
<robot generator="Robot 7.2.2 (Python 3.13.2 on win32)" generated="2025-04-22T05:40:57.709021" rpa="false" schemaversion="5">
<suite id="s1" name="FrontEndNGT" source="C:\ProgramData\Jenkins\.jenkins\workspace\daily-contract-pipeline\tests\FrontEndNGT.robot">
<kw name="Open Browser And Maximize" owner="KeyWord" type="SETUP">
<kw name="Open Browser" owner="SeleniumLibrary">
<msg time="2025-04-22T05:40:58.537769" level="INFO">Opening browser 'chrome' to base url 'http://localhost:5173/'.</msg>
<arg>${BASE_URL}</arg>
<arg>${BROWSER}</arg>
<doc>Opens a new browser instance to the optional ``url``.</doc>
<status status="PASS" start="2025-04-22T05:40:58.537266" elapsed="2.372454"/>
</kw>
<kw name="Maximize Browser Window" owner="SeleniumLibrary">
<doc>Maximizes current browser window.</doc>
<status status="PASS" start="2025-04-22T05:41:00.910605" elapsed="1.207499"/>
</kw>
<kw name="Set Selenium Speed" owner="SeleniumLibrary">
<arg>0.2s</arg>
<doc>Sets the delay that is waited after each Selenium command.</doc>
<status status="PASS" start="2025-04-22T05:41:02.118478" elapsed="0.000570"/>
</kw>
<status status="PASS" start="2025-04-22T05:40:58.535811" elapsed="3.583483"/>
</kw>
<test id="s1-t1" name="Test Login With Invalid Credentials" line="11">
<kw name="Set Screenshot Directory" owner="SeleniumLibrary">
<arg>${EXECDIR}/results/Screenshots/Login/Negative</arg>
<doc>Sets the directory for captured screenshots.</doc>
<status status="PASS" start="2025-04-22T05:41:02.121047" elapsed="0.000853"/>
</kw>
<kw name="Go To" owner="SeleniumLibrary">
<msg time="2025-04-22T05:41:02.122848" level="INFO">Opening url 'http://localhost:5173/'</msg>
<arg>${BASE_URL}</arg>
<doc>Navigates the current browser window to the provided ``url``.</doc>
<status status="PASS" start="2025-04-22T05:41:02.122454" elapsed="0.304746"/>
</kw>
<kw name="Click And Capture" owner="KeyWord">
<kw name="Wait Until Element Is Visible" owner="SeleniumLibrary">
<arg>${locator}</arg>
<arg>timeout=10s</arg>
<doc>Waits until the element ``locator`` is visible.</doc>
<status status="PASS" start="2025-04-22T05:41:02.428658" elapsed="0.492010"/>
</kw>
<kw name="Capture Page Screenshot" owner="SeleniumLibrary">
<msg time="2025-04-22T05:41:06.516558" level="INFO" html="true">&lt;/td&gt;&lt;/tr&gt;&lt;tr&gt;&lt;td colspan="3"&gt;&lt;a href="Screenshots/Login/Negative/InvalidLogin1.png"&gt;&lt;img src="Screenshots/Login/Negative/InvalidLogin1.png" width="800px"&gt;&lt;/a&gt;</msg>
<arg>${filename}</arg>
<doc>Takes a screenshot of the current page and embeds it into a log file.</doc>
<status status="PASS" start="2025-04-22T05:41:02.921109" elapsed="3.595744"/>
</kw>
<kw name="Click Element" owner="SeleniumLibrary">
<msg time="2025-04-22T05:41:06.517784" level="INFO">Clicking element 'xpath=//*[@id="root"]/div/div/div/div/div[1]'.</msg>
<arg>${locator}</arg>
<doc>Click the element identified by ``locator``.</doc>
<status status="PASS" start="2025-04-22T05:41:06.517245" elapsed="0.541940"/>
</kw>
<arg>xpath=//*[@id="root"]/div/div/div/div/div[1]</arg>
<arg>InvalidLogin1.png</arg>
<status status="PASS" start="2025-04-22T05:41:02.427873" elapsed="4.631813"/>
</kw>
<kw name="Input Text" owner="SeleniumLibrary">
<msg time="2025-04-22T05:41:07.060773" level="INFO">Typing text '20240008' into text field 'xpath=//*[@id="root"]/div/div/div/div[2]/form/div[1]/div/input'.</msg>
<arg>xpath=//*[@id="root"]/div/div/div/div[2]/form/div[1]/div/input</arg>
<arg>20240008</arg>
<doc>Types the given ``text`` into the text field identified by ``locator``.</doc>
<status status="PASS" start="2025-04-22T05:41:07.060093" elapsed="0.826635"/>
</kw>
<kw name="Input Password" owner="SeleniumLibrary">
<msg time="2025-04-22T05:41:07.887898" level="INFO">Typing password into text field 'xpath=//*[@id="root"]/div/div/div/div[2]/form/div[2]/div/input'.</msg>
<msg time="2025-04-22T05:41:08.362366" level="INFO">Temporally setting log level to: NONE</msg>
<arg>xpath=//*[@id="root"]/div/div/div/div[2]/form/div[2]/div/input</arg>
<arg>1234567</arg>
<doc>Types the given password into the text field identified by ``locator``.</doc>
<status status="PASS" start="2025-04-22T05:41:07.887329" elapsed="0.784782"/>
</kw>
<kw name="Click And Capture" owner="KeyWord">
<kw name="Wait Until Element Is Visible" owner="SeleniumLibrary">
<arg>${locator}</arg>
<arg>timeout=10s</arg>
<doc>Waits until the element ``locator`` is visible.</doc>
<status status="PASS" start="2025-04-22T05:41:08.673841" elapsed="0.460983"/>
</kw>
<kw name="Capture Page Screenshot" owner="SeleniumLibrary">
<msg time="2025-04-22T05:41:09.561410" level="INFO" html="true">&lt;/td&gt;&lt;/tr&gt;&lt;tr&gt;&lt;td colspan="3"&gt;&lt;a href="Screenshots/Login/Negative/InvalidLogin2.png"&gt;&lt;img src="Screenshots/Login/Negative/InvalidLogin2.png" width="800px"&gt;&lt;/a&gt;</msg>
<arg>${filename}</arg>
<doc>Takes a screenshot of the current page and embeds it into a log file.</doc>
<status status="PASS" start="2025-04-22T05:41:09.135229" elapsed="0.426369"/>
</kw>
<kw name="Click Element" owner="SeleniumLibrary">
<msg time="2025-04-22T05:41:09.562315" level="INFO">Clicking element 'xpath=//*[@id="root"]/div/div/div/div[2]/form/button'.</msg>
<arg>${locator}</arg>
<doc>Click the element identified by ``locator``.</doc>
<status status="PASS" start="2025-04-22T05:41:09.561896" elapsed="0.564043"/>
</kw>
<arg>xpath=//*[@id="root"]/div/div/div/div[2]/form/button</arg>
<arg>InvalidLogin2.png</arg>
<status status="PASS" start="2025-04-22T05:41:08.672619" elapsed="1.453640"/>
</kw>
<kw name="Wait Until Element Is Visible" owner="SeleniumLibrary">
<arg>xpath=//div[contains(@class, "bg-red-50")]//p[contains(text(), "ชื่อผู้ใช้หรือรหัสผ่านไม่ถูกต้อง")]</arg>
<arg>timeout=10s</arg>
<doc>Waits until the element ``locator`` is visible.</doc>
<status status="PASS" start="2025-04-22T05:41:10.126681" elapsed="0.451705"/>
</kw>
<kw name="Capture Page Screenshot" owner="SeleniumLibrary">
<msg time="2025-04-22T05:41:10.998885" level="INFO" html="true">&lt;/td&gt;&lt;/tr&gt;&lt;tr&gt;&lt;td colspan="3"&gt;&lt;a href="Screenshots/Login/Negative/InvalidLogin3.png"&gt;&lt;img src="Screenshots/Login/Negative/InvalidLogin3.png" width="800px"&gt;&lt;/a&gt;</msg>
<arg>InvalidLogin3.png</arg>
<doc>Takes a screenshot of the current page and embeds it into a log file.</doc>
<status status="PASS" start="2025-04-22T05:41:10.578976" elapsed="0.420133"/>
</kw>
<doc>Check login with invalid credentials</doc>
<tag>LoginNegative</tag>
<status status="PASS" start="2025-04-22T05:41:02.119498" elapsed="8.879932"/>
</test>
<test id="s1-t2" name="Test Checkin Outside Allowed Radius" line="27">
<kw name="Set Screenshot Directory" owner="SeleniumLibrary">
<arg>${EXECDIR}/results/Screenshots/Checkin/Negative</arg>
<doc>Sets the directory for captured screenshots.</doc>
<status status="PASS" start="2025-04-22T05:41:11.000789" elapsed="0.000656"/>
</kw>
<kw name="Go To" owner="SeleniumLibrary">
<msg time="2025-04-22T05:41:11.002204" level="INFO">Opening url 'http://localhost:5173/'</msg>
<arg>${BASE_URL}</arg>
<doc>Navigates the current browser window to the provided ``url``.</doc>
<status status="PASS" start="2025-04-22T05:41:11.001809" elapsed="0.378946"/>
</kw>
<kw name="Click And Capture" owner="KeyWord">
<kw name="Wait Until Element Is Visible" owner="SeleniumLibrary">
<arg>${locator}</arg>
<arg>timeout=10s</arg>
<doc>Waits until the element ``locator`` is visible.</doc>
<status status="PASS" start="2025-04-22T05:41:11.382134" elapsed="0.430514"/>
</kw>
<kw name="Capture Page Screenshot" owner="SeleniumLibrary">
<msg time="2025-04-22T05:41:12.101551" level="INFO" html="true">&lt;/td&gt;&lt;/tr&gt;&lt;tr&gt;&lt;td colspan="3"&gt;&lt;a href="Screenshots/Checkin/Negative/CheckIn1.png"&gt;&lt;img src="Screenshots/Checkin/Negative/CheckIn1.png" width="800px"&gt;&lt;/a&gt;</msg>
<arg>${filename}</arg>
<doc>Takes a screenshot of the current page and embeds it into a log file.</doc>
<status status="PASS" start="2025-04-22T05:41:11.813195" elapsed="0.288595"/>
</kw>
<kw name="Click Element" owner="SeleniumLibrary">
<msg time="2025-04-22T05:41:12.103005" level="INFO">Clicking element 'xpath=//*[@id="root"]/div/div/div/div/div[1]'.</msg>
<arg>${locator}</arg>
<doc>Click the element identified by ``locator``.</doc>
<status status="PASS" start="2025-04-22T05:41:12.102491" elapsed="0.562525"/>
</kw>
<arg>xpath=//*[@id="root"]/div/div/div/div/div[1]</arg>
<arg>CheckIn1.png</arg>
<status status="PASS" start="2025-04-22T05:41:11.381376" elapsed="1.283909"/>
</kw>
<kw name="Input Text" owner="SeleniumLibrary">
<msg time="2025-04-22T05:41:12.666037" level="INFO">Typing text '20240010' into text field 'xpath=//*[@id="root"]/div/div/div/div[2]/form/div[1]/div/input'.</msg>
<arg>xpath=//*[@id="root"]/div/div/div/div[2]/form/div[1]/div/input</arg>
<arg>20240010</arg>
<doc>Types the given ``text`` into the text field identified by ``locator``.</doc>
<status status="PASS" start="2025-04-22T05:41:12.665609" elapsed="0.792528"/>
</kw>
<kw name="Input Password" owner="SeleniumLibrary">
<msg time="2025-04-22T05:41:13.459177" level="INFO">Typing password into text field 'xpath=//*[@id="root"]/div/div/div/div[2]/form/div[2]/div/input'.</msg>
<msg time="2025-04-22T05:41:13.920322" level="INFO">Temporally setting log level to: NONE</msg>
<arg>xpath=//*[@id="root"]/div/div/div/div[2]/form/div[2]/div/input</arg>
<arg>1234567</arg>
<doc>Types the given password into the text field identified by ``locator``.</doc>
<status status="PASS" start="2025-04-22T05:41:13.458708" elapsed="0.776909"/>
</kw>
<kw name="Click And Capture" owner="KeyWord">
<kw name="Wait Until Element Is Visible" owner="SeleniumLibrary">
<arg>${locator}</arg>
<arg>timeout=10s</arg>
<doc>Waits until the element ``locator`` is visible.</doc>
<status status="PASS" start="2025-04-22T05:41:14.237488" elapsed="0.435590"/>
</kw>
<kw name="Capture Page Screenshot" owner="SeleniumLibrary">
<msg time="2025-04-22T05:41:15.143147" level="INFO" html="true">&lt;/td&gt;&lt;/tr&gt;&lt;tr&gt;&lt;td colspan="3"&gt;&lt;a href="Screenshots/Checkin/Negative/CheckIn2.png"&gt;&lt;img src="Screenshots/Checkin/Negative/CheckIn2.png" width="800px"&gt;&lt;/a&gt;</msg>
<arg>${filename}</arg>
<doc>Takes a screenshot of the current page and embeds it into a log file.</doc>
<status status="PASS" start="2025-04-22T05:41:14.673872" elapsed="0.469482"/>
</kw>
<kw name="Click Element" owner="SeleniumLibrary">
<msg time="2025-04-22T05:41:15.144123" level="INFO">Clicking element 'xpath=//*[@id="root"]/div/div/div/div[2]/form/button'.</msg>
<arg>${locator}</arg>
<doc>Click the element identified by ``locator``.</doc>
<status status="PASS" start="2025-04-22T05:41:15.143670" elapsed="0.544984"/>
</kw>
<arg>xpath=//*[@id="root"]/div/div/div/div[2]/form/button</arg>
<arg>CheckIn2.png</arg>
<status status="PASS" start="2025-04-22T05:41:14.236343" elapsed="1.452659"/>
</kw>
<kw name="Click And Capture" owner="KeyWord">
<kw name="Wait Until Element Is Visible" owner="SeleniumLibrary">
<arg>${locator}</arg>
<arg>timeout=10s</arg>
<doc>Waits until the element ``locator`` is visible.</doc>
<status status="PASS" start="2025-04-22T05:41:15.690503" elapsed="0.875077"/>
</kw>
<kw name="Capture Page Screenshot" owner="SeleniumLibrary">
<msg time="2025-04-22T05:41:16.901583" level="INFO" html="true">&lt;/td&gt;&lt;/tr&gt;&lt;tr&gt;&lt;td colspan="3"&gt;&lt;a href="Screenshots/Checkin/Negative/Checkin3.png"&gt;&lt;img src="Screenshots/Checkin/Negative/Checkin3.png" width="800px"&gt;&lt;/a&gt;</msg>
<arg>${filename}</arg>
<doc>Takes a screenshot of the current page and embeds it into a log file.</doc>
<status status="PASS" start="2025-04-22T05:41:16.566218" elapsed="0.335635"/>
</kw>
<kw name="Click Element" owner="SeleniumLibrary">
<msg time="2025-04-22T05:41:16.902775" level="INFO">Clicking element 'xpath=//*[@id="root"]/div/div/div[1]/nav/div/div/div[2]/div[1]/a'.</msg>
<arg>${locator}</arg>
<doc>Click the element identified by ``locator``.</doc>
<status status="PASS" start="2025-04-22T05:41:16.902265" elapsed="0.784287"/>
</kw>
<arg>xpath=//*[@id="root"]/div/div/div[1]/nav/div/div/div[2]/div[1]/a</arg>
<arg>Checkin3.png</arg>
<status status="PASS" start="2025-04-22T05:41:15.689512" elapsed="1.997340"/>
</kw>
<kw name="Set Geolocation" owner="KeyWord">
<kw name="Create Dictionary" owner="BuiltIn">
<msg time="2025-04-22T05:41:17.689578" level="INFO">${params} = {'latitude': '14.123456', 'longitude': '100.987654', 'accuracy': '100'}</msg>
<var>${params}</var>
<arg>latitude=${lat}</arg>
<arg>longitude=${lng}</arg>
<arg>accuracy=100</arg>
<doc>Creates and returns a dictionary based on the given ``items``.</doc>
<status status="PASS" start="2025-04-22T05:41:17.688452" elapsed="0.001224"/>
</kw>
<arg>${GEO_LAT}</arg>
<arg>${GEO_LNG}</arg>
<status status="PASS" start="2025-04-22T05:41:17.687311" elapsed="0.002640"/>
</kw>
<kw name="Reload Page" owner="SeleniumLibrary">
<doc>Simulates user reloading page.</doc>
<status status="PASS" start="2025-04-22T05:41:17.690435" elapsed="0.369665"/>
</kw>
<kw name="Wait Until Page Contains" owner="SeleniumLibrary">
<arg>ระบบบันทึกเวลาทำงาน</arg>
<arg>timeout=5s</arg>
<doc>Waits until ``text`` appears on the current page.</doc>
<status status="PASS" start="2025-04-22T05:41:18.060481" elapsed="0.226456"/>
</kw>
<kw name="Click And Capture" owner="KeyWord">
<kw name="Wait Until Element Is Visible" owner="SeleniumLibrary">
<arg>${locator}</arg>
<arg>timeout=10s</arg>
<doc>Waits until the element ``locator`` is visible.</doc>
<status status="PASS" start="2025-04-22T05:41:18.288042" elapsed="0.438122"/>
</kw>
<kw name="Capture Page Screenshot" owner="SeleniumLibrary">
<msg time="2025-04-22T05:41:19.118668" level="INFO" html="true">&lt;/td&gt;&lt;/tr&gt;&lt;tr&gt;&lt;td colspan="3"&gt;&lt;a href="Screenshots/Checkin/Negative/Checkin4.png"&gt;&lt;img src="Screenshots/Checkin/Negative/Checkin4.png" width="800px"&gt;&lt;/a&gt;</msg>
<arg>${filename}</arg>
<doc>Takes a screenshot of the current page and embeds it into a log file.</doc>
<status status="PASS" start="2025-04-22T05:41:18.726634" elapsed="0.392227"/>
</kw>
<kw name="Click Element" owner="SeleniumLibrary">
<msg time="2025-04-22T05:41:19.119527" level="INFO">Clicking element 'xpath=//*[@id="root"]/div/div/div[2]/div/div[2]/div[3]/button[1]'.</msg>
<arg>${locator}</arg>
<doc>Click the element identified by ``locator``.</doc>
<status status="PASS" start="2025-04-22T05:41:19.119147" elapsed="0.551999"/>
</kw>
<arg>xpath=//*[@id="root"]/div/div/div[2]/div/div[2]/div[3]/button[1]</arg>
<arg>Checkin4.png</arg>
<status status="PASS" start="2025-04-22T05:41:18.287358" elapsed="1.384123"/>
</kw>
<kw name="Capture Page Screenshot" owner="SeleniumLibrary">
<msg time="2025-04-22T05:41:20.114455" level="INFO" html="true">&lt;/td&gt;&lt;/tr&gt;&lt;tr&gt;&lt;td colspan="3"&gt;&lt;a href="Screenshots/Checkin/Negative/Checkin5.png"&gt;&lt;img src="Screenshots/Checkin/Negative/Checkin5.png" width="800px"&gt;&lt;/a&gt;</msg>
<arg>Checkin5.png</arg>
<doc>Takes a screenshot of the current page and embeds it into a log file.</doc>
<status status="PASS" start="2025-04-22T05:41:19.671988" elapsed="0.442731"/>
</kw>
<doc>Test case for checkin when outside allowed radius</doc>
<tag>CheckinNegative</tag>
<status status="PASS" start="2025-04-22T05:41:10.999973" elapsed="9.115177"/>
</test>
<test id="s1-t3" name="Test Checkout Outside Allowed Radius" line="49">
<kw name="Set Screenshot Directory" owner="SeleniumLibrary">
<arg>${EXECDIR}/results/Screenshots/Checkin/Negative</arg>
<doc>Sets the directory for captured screenshots.</doc>
<status status="PASS" start="2025-04-22T05:41:20.116980" elapsed="0.000704"/>
</kw>
<kw name="Go To" owner="SeleniumLibrary">
<msg time="2025-04-22T05:41:20.118527" level="INFO">Opening url 'http://localhost:5173/'</msg>
<arg>${BASE_URL}</arg>
<doc>Navigates the current browser window to the provided ``url``.</doc>
<status status="PASS" start="2025-04-22T05:41:20.118104" elapsed="0.356912"/>
</kw>
<kw name="Click And Capture" owner="KeyWord">
<kw name="Wait Until Element Is Visible" owner="SeleniumLibrary">
<arg>${locator}</arg>
<arg>timeout=10s</arg>
<doc>Waits until the element ``locator`` is visible.</doc>
<status status="PASS" start="2025-04-22T05:41:20.476138" elapsed="0.430529"/>
</kw>
<kw name="Capture Page Screenshot" owner="SeleniumLibrary">
<msg time="2025-04-22T05:41:21.183004" level="INFO" html="true">&lt;/td&gt;&lt;/tr&gt;&lt;tr&gt;&lt;td colspan="3"&gt;&lt;a href="Screenshots/Checkin/Negative/CheckOut1.png"&gt;&lt;img src="Screenshots/Checkin/Negative/CheckOut1.png" width="800px"&gt;&lt;/a&gt;</msg>
<arg>${filename}</arg>
<doc>Takes a screenshot of the current page and embeds it into a log file.</doc>
<status status="PASS" start="2025-04-22T05:41:20.907081" elapsed="0.276131"/>
</kw>
<kw name="Click Element" owner="SeleniumLibrary">
<msg time="2025-04-22T05:41:21.184231" level="INFO">Clicking element 'xpath=//*[@id="root"]/div/div/div/div/div[1]'.</msg>
<arg>${locator}</arg>
<doc>Click the element identified by ``locator``.</doc>
<status status="PASS" start="2025-04-22T05:41:21.183592" elapsed="0.524361"/>
</kw>
<arg>xpath=//*[@id="root"]/div/div/div/div/div[1]</arg>
<arg>CheckOut1.png</arg>
<status status="PASS" start="2025-04-22T05:41:20.475482" elapsed="1.232739"/>
</kw>
<kw name="Input Text" owner="SeleniumLibrary">
<msg time="2025-04-22T05:41:21.708988" level="INFO">Typing text '20240010' into text field 'xpath=//*[@id="root"]/div/div/div/div[2]/form/div[1]/div/input'.</msg>
<arg>xpath=//*[@id="root"]/div/div/div/div[2]/form/div[1]/div/input</arg>
<arg>20240010</arg>
<doc>Types the given ``text`` into the text field identified by ``locator``.</doc>
<status status="PASS" start="2025-04-22T05:41:21.708525" elapsed="0.794205"/>
</kw>
<kw name="Input Password" owner="SeleniumLibrary">
<msg time="2025-04-22T05:41:22.503851" level="INFO">Typing password into text field 'xpath=//*[@id="root"]/div/div/div/div[2]/form/div[2]/div/input'.</msg>
<msg time="2025-04-22T05:41:22.968298" level="INFO">Temporally setting log level to: NONE</msg>
<arg>xpath=//*[@id="root"]/div/div/div/div[2]/form/div[2]/div/input</arg>
<arg>1234567</arg>
<doc>Types the given password into the text field identified by ``locator``.</doc>
<status status="PASS" start="2025-04-22T05:41:22.503308" elapsed="0.769335"/>
</kw>
<kw name="Click And Capture" owner="KeyWord">
<kw name="Wait Until Element Is Visible" owner="SeleniumLibrary">
<arg>${locator}</arg>
<arg>timeout=10s</arg>
<doc>Waits until the element ``locator`` is visible.</doc>
<status status="PASS" start="2025-04-22T05:41:23.273976" elapsed="0.433043"/>
</kw>
<kw name="Capture Page Screenshot" owner="SeleniumLibrary">
<msg time="2025-04-22T05:41:24.144066" level="INFO" html="true">&lt;/td&gt;&lt;/tr&gt;&lt;tr&gt;&lt;td colspan="3"&gt;&lt;a href="Screenshots/Checkin/Negative/CheckOut2.png"&gt;&lt;img src="Screenshots/Checkin/Negative/CheckOut2.png" width="800px"&gt;&lt;/a&gt;</msg>
<arg>${filename}</arg>
<doc>Takes a screenshot of the current page and embeds it into a log file.</doc>
<status status="PASS" start="2025-04-22T05:41:23.707552" elapsed="0.436758"/>
</kw>
<kw name="Click Element" owner="SeleniumLibrary">
<msg time="2025-04-22T05:41:24.145165" level="INFO">Clicking element 'xpath=//*[@id="root"]/div/div/div/div[2]/form/button'.</msg>
<arg>${locator}</arg>
<doc>Click the element identified by ``locator``.</doc>
<status status="PASS" start="2025-04-22T05:41:24.144717" elapsed="0.588680"/>
</kw>
<arg>xpath=//*[@id="root"]/div/div/div/div[2]/form/button</arg>
<arg>CheckOut2.png</arg>
<status status="PASS" start="2025-04-22T05:41:23.273218" elapsed="1.460674"/>
</kw>
<kw name="Click And Capture" owner="KeyWord">
<kw name="Wait Until Element Is Visible" owner="SeleniumLibrary">
<arg>${locator}</arg>
<arg>timeout=10s</arg>
<doc>Waits until the element ``locator`` is visible.</doc>
<status status="PASS" start="2025-04-22T05:41:24.735760" elapsed="0.852534"/>
</kw>
<kw name="Capture Page Screenshot" owner="SeleniumLibrary">
<msg time="2025-04-22T05:41:25.872835" level="INFO" html="true">&lt;/td&gt;&lt;/tr&gt;&lt;tr&gt;&lt;td colspan="3"&gt;&lt;a href="Screenshots/Checkin/Negative/CheckOut3.png"&gt;&lt;img src="Screenshots/Checkin/Negative/CheckOut3.png" width="800px"&gt;&lt;/a&gt;</msg>
<arg>${filename}</arg>
<doc>Takes a screenshot of the current page and embeds it into a log file.</doc>
<status status="PASS" start="2025-04-22T05:41:25.588692" elapsed="0.284443"/>
</kw>
<kw name="Click Element" owner="SeleniumLibrary">
<msg time="2025-04-22T05:41:25.874520" level="INFO">Clicking element 'xpath=//*[@id="root"]/div/div/div[1]/nav/div/div/div[2]/div[1]/a'.</msg>
<arg>${locator}</arg>
<doc>Click the element identified by ``locator``.</doc>
<status status="PASS" start="2025-04-22T05:41:25.873631" elapsed="0.723806"/>
</kw>
<arg>xpath=//*[@id="root"]/div/div/div[1]/nav/div/div/div[2]/div[1]/a</arg>
<arg>CheckOut3.png</arg>
<status status="PASS" start="2025-04-22T05:41:24.734571" elapsed="1.863132"/>
</kw>
<kw name="Set Geolocation" owner="KeyWord">
<kw name="Create Dictionary" owner="BuiltIn">
<msg time="2025-04-22T05:41:26.599291" level="INFO">${params} = {'latitude': '14.123456', 'longitude': '100.987654', 'accuracy': '100'}</msg>
<var>${params}</var>
<arg>latitude=${lat}</arg>
<arg>longitude=${lng}</arg>
<arg>accuracy=100</arg>
<doc>Creates and returns a dictionary based on the given ``items``.</doc>
<status status="PASS" start="2025-04-22T05:41:26.598782" elapsed="0.000570"/>
</kw>
<arg>${GEO_LAT}</arg>
<arg>${GEO_LNG}</arg>
<status status="PASS" start="2025-04-22T05:41:26.598057" elapsed="0.001437"/>
</kw>
<kw name="Reload Page" owner="SeleniumLibrary">
<doc>Simulates user reloading page.</doc>
<status status="PASS" start="2025-04-22T05:41:26.599701" elapsed="0.358808"/>
</kw>
<kw name="Wait Until Page Contains" owner="SeleniumLibrary">
<arg>ระบบบันทึกเวลาทำงาน</arg>
<arg>timeout=5s</arg>
<doc>Waits until ``text`` appears on the current page.</doc>
<status status="PASS" start="2025-04-22T05:41:26.959298" elapsed="0.221763"/>
</kw>
<kw name="Click And Capture" owner="KeyWord">
<kw name="Wait Until Element Is Visible" owner="SeleniumLibrary">
<arg>${locator}</arg>
<arg>timeout=10s</arg>
<doc>Waits until the element ``locator`` is visible.</doc>
<status status="PASS" start="2025-04-22T05:41:27.182023" elapsed="0.442438"/>
</kw>
<kw name="Capture Page Screenshot" owner="SeleniumLibrary">
<msg time="2025-04-22T05:41:28.028722" level="INFO" html="true">&lt;/td&gt;&lt;/tr&gt;&lt;tr&gt;&lt;td colspan="3"&gt;&lt;a href="Screenshots/Checkin/Negative/CheckOut3.png"&gt;&lt;img src="Screenshots/Checkin/Negative/CheckOut3.png" width="800px"&gt;&lt;/a&gt;</msg>
<arg>${filename}</arg>
<doc>Takes a screenshot of the current page and embeds it into a log file.</doc>
<status status="PASS" start="2025-04-22T05:41:27.624842" elapsed="0.404065"/>
</kw>
<kw name="Click Element" owner="SeleniumLibrary">
<msg time="2025-04-22T05:41:28.029555" level="INFO">Clicking element 'xpath=//*[@id="root"]/div/div/div[2]/div/div[2]/div[3]/button[2]'.</msg>
<arg>${locator}</arg>
<doc>Click the element identified by ``locator``.</doc>
<status status="PASS" start="2025-04-22T05:41:28.029205" elapsed="0.540110"/>
</kw>
<arg>xpath=//*[@id="root"]/div/div/div[2]/div/div[2]/div[3]/button[2]</arg>
<arg>CheckOut3.png</arg>
<status status="PASS" start="2025-04-22T05:41:27.181467" elapsed="1.388164"/>
</kw>
<kw name="Capture Page Screenshot" owner="SeleniumLibrary">
<msg time="2025-04-22T05:41:28.978073" level="INFO" html="true">&lt;/td&gt;&lt;/tr&gt;&lt;tr&gt;&lt;td colspan="3"&gt;&lt;a href="Screenshots/Checkin/Negative/CheckOut4.png"&gt;&lt;img src="Screenshots/Checkin/Negative/CheckOut4.png" width="800px"&gt;&lt;/a&gt;</msg>
<arg>CheckOut4.png</arg>
<doc>Takes a screenshot of the current page and embeds it into a log file.</doc>
<status status="PASS" start="2025-04-22T05:41:28.570034" elapsed="0.408271"/>
</kw>
<doc>Test case for checkout when outside allowed radius</doc>
<tag>CheckoutNegative</tag>
<status status="PASS" start="2025-04-22T05:41:20.115845" elapsed="8.862756"/>
</test>
<test id="s1-t4" name="Test Case For Workinfo Page dropdown" line="92">
<kw name="Set Screenshot Directory" owner="SeleniumLibrary">
<arg>${EXECDIR}/results/Screenshots/WorkInfo/Dropdown/Negative</arg>
<doc>Sets the directory for captured screenshots.</doc>
<status status="PASS" start="2025-04-22T05:41:28.979904" elapsed="0.000461"/>
</kw>
<kw name="Go To" owner="SeleniumLibrary">
<msg time="2025-04-22T05:41:28.980774" level="INFO">Opening url 'http://localhost:5173/'</msg>
<arg>${BASE_URL}</arg>
<doc>Navigates the current browser window to the provided ``url``.</doc>
<status status="PASS" start="2025-04-22T05:41:28.980565" elapsed="0.360475"/>
</kw>
<kw name="Click And Capture" owner="KeyWord">
<kw name="Wait Until Element Is Visible" owner="SeleniumLibrary">
<arg>${locator}</arg>
<arg>timeout=10s</arg>
<doc>Waits until the element ``locator`` is visible.</doc>
<status status="PASS" start="2025-04-22T05:41:29.342173" elapsed="0.432912"/>
</kw>
<kw name="Capture Page Screenshot" owner="SeleniumLibrary">
<msg time="2025-04-22T05:41:30.050048" level="INFO" html="true">&lt;/td&gt;&lt;/tr&gt;&lt;tr&gt;&lt;td colspan="3"&gt;&lt;a href="Screenshots/WorkInfo/Dropdown/Negative/WorkInfoDropDown1.png"&gt;&lt;img src="Screenshots/WorkInfo/Dropdown/Negative/WorkInfoDropDown1.png" width="800px"&gt;&lt;/a&gt;</msg>
<arg>${filename}</arg>
<doc>Takes a screenshot of the current page and embeds it into a log file.</doc>
<status status="PASS" start="2025-04-22T05:41:29.775880" elapsed="0.274406"/>
</kw>
<kw name="Click Element" owner="SeleniumLibrary">
<msg time="2025-04-22T05:41:30.051043" level="INFO">Clicking element 'xpath=//*[@id="root"]/div/div/div/div/div[1]'.</msg>
<arg>${locator}</arg>
<doc>Click the element identified by ``locator``.</doc>
<status status="PASS" start="2025-04-22T05:41:30.050660" elapsed="0.541948"/>
</kw>
<arg>xpath=//*[@id="root"]/div/div/div/div/div[1]</arg>
<arg>WorkInfoDropDown1.png</arg>
<status status="PASS" start="2025-04-22T05:41:29.341503" elapsed="1.251457"/>
</kw>
<kw name="Input Text" owner="SeleniumLibrary">
<msg time="2025-04-22T05:41:30.593914" level="INFO">Typing text '20240008' into text field 'xpath=//*[@id="root"]/div/div/div/div[2]/form/div[1]/div/input'.</msg>
<arg>xpath=//*[@id="root"]/div/div/div/div[2]/form/div[1]/div/input</arg>
<arg>20240008</arg>
<doc>Types the given ``text`` into the text field identified by ``locator``.</doc>
<status status="PASS" start="2025-04-22T05:41:30.593359" elapsed="0.793685"/>
</kw>
<kw name="Input Password" owner="SeleniumLibrary">
<msg time="2025-04-22T05:41:31.388391" level="INFO">Typing password into text field 'xpath=//*[@id="root"]/div/div/div/div[2]/form/div[2]/div/input'.</msg>
<msg time="2025-04-22T05:41:31.853467" level="INFO">Temporally setting log level to: NONE</msg>
<arg>xpath=//*[@id="root"]/div/div/div/div[2]/form/div[2]/div/input</arg>
<arg>123456</arg>
<doc>Types the given password into the text field identified by ``locator``.</doc>
<status status="PASS" start="2025-04-22T05:41:31.387678" elapsed="0.771340"/>
</kw>
<kw name="Click And Capture" owner="KeyWord">
<kw name="Wait Until Element Is Visible" owner="SeleniumLibrary">
<arg>${locator}</arg>
<arg>timeout=10s</arg>
<doc>Waits until the element ``locator`` is visible.</doc>
<status status="PASS" start="2025-04-22T05:41:32.160216" elapsed="0.432236"/>
</kw>
<kw name="Capture Page Screenshot" owner="SeleniumLibrary">
<msg time="2025-04-22T05:41:33.025968" level="INFO" html="true">&lt;/td&gt;&lt;/tr&gt;&lt;tr&gt;&lt;td colspan="3"&gt;&lt;a href="Screenshots/WorkInfo/Dropdown/Negative/WorkInfoDropDown2.png"&gt;&lt;img src="Screenshots/WorkInfo/Dropdown/Negative/WorkInfoDropDown2.png" width="800px"&gt;&lt;/a&gt;</msg>
<arg>${filename}</arg>
<doc>Takes a screenshot of the current page and embeds it into a log file.</doc>
<status status="PASS" start="2025-04-22T05:41:32.592851" elapsed="0.433371"/>
</kw>
<kw name="Click Element" owner="SeleniumLibrary">
<msg time="2025-04-22T05:41:33.026985" level="INFO">Clicking element 'xpath=//*[@id="root"]/div/div/div/div[2]/form/button'.</msg>
<arg>${locator}</arg>
<doc>Click the element identified by ``locator``.</doc>
<status status="PASS" start="2025-04-22T05:41:33.026565" elapsed="0.544691"/>
</kw>
<arg>xpath=//*[@id="root"]/div/div/div/div[2]/form/button</arg>
<arg>WorkInfoDropDown2.png</arg>
<status status="PASS" start="2025-04-22T05:41:32.159515" elapsed="1.412084"/>
</kw>
<kw name="Click And Capture" owner="KeyWord">
<kw name="Wait Until Element Is Visible" owner="SeleniumLibrary">
<arg>${locator}</arg>
<arg>timeout=10s</arg>
<doc>Waits until the element ``locator`` is visible.</doc>
<status status="PASS" start="2025-04-22T05:41:33.572936" elapsed="0.866021"/>
</kw>
<kw name="Capture Page Screenshot" owner="SeleniumLibrary">
<msg time="2025-04-22T05:41:34.767789" level="INFO" html="true">&lt;/td&gt;&lt;/tr&gt;&lt;tr&gt;&lt;td colspan="3"&gt;&lt;a href="Screenshots/WorkInfo/Dropdown/Negative/WorkInfoDropdown3.png"&gt;&lt;img src="Screenshots/WorkInfo/Dropdown/Negative/WorkInfoDropdown3.png" width="800px"&gt;&lt;/a&gt;</msg>
<arg>${filename}</arg>
<doc>Takes a screenshot of the current page and embeds it into a log file.</doc>
<status status="PASS" start="2025-04-22T05:41:34.440075" elapsed="0.328047"/>
</kw>
<kw name="Click Element" owner="SeleniumLibrary">
<msg time="2025-04-22T05:41:34.769518" level="INFO">Clicking element 'xpath=//*[@id="root"]/div/div/div[1]/nav/div/div/div[2]/div[3]/a'.</msg>
<arg>${locator}</arg>
<doc>Click the element identified by ``locator``.</doc>
<status status="PASS" start="2025-04-22T05:41:34.768659" elapsed="0.704308"/>
</kw>
<arg>xpath=//*[@id="root"]/div/div/div[1]/nav/div/div/div[2]/div[3]/a</arg>
<arg>WorkInfoDropdown3.png</arg>
<status status="PASS" start="2025-04-22T05:41:33.572144" elapsed="1.901145"/>
</kw>
<kw name="Input Text" owner="SeleniumLibrary">
<msg time="2025-04-22T05:41:35.474169" level="INFO">Typing text '5' into text field 'xpath=//*[@id="root"]/div/div/div[2]/div/div[2]/form/div[1]/div[2]/div/input'.</msg>
<arg>xpath=//*[@id="root"]/div/div/div[2]/div/div[2]/form/div[1]/div[2]/div/input</arg>
<arg>5</arg>
<doc>Types the given ``text`` into the text field identified by ``locator``.</doc>
<status status="PASS" start="2025-04-22T05:41:35.473685" elapsed="0.758299"/>
</kw>
<kw name="Input Text" owner="SeleniumLibrary">
<msg time="2025-04-22T05:41:36.233321" level="INFO">Typing text 'test' into text field 'xpath=//*[@id="root"]/div/div/div[2]/div/div[2]/form/div[2]/div/textarea'.</msg>
<arg>xpath=//*[@id="root"]/div/div/div[2]/div/div[2]/form/div[2]/div/textarea</arg>
<arg>test</arg>
<doc>Types the given ``text`` into the text field identified by ``locator``.</doc>
<status status="PASS" start="2025-04-22T05:41:36.232573" elapsed="0.776182"/>
</kw>
<kw name="Input Text" owner="SeleniumLibrary">
<msg time="2025-04-22T05:41:37.009529" level="INFO">Typing text 'test' into text field 'xpath=//*[@id="root"]/div/div/div[2]/div/div[2]/form/div[3]/div/input'.</msg>
<arg>xpath=//*[@id="root"]/div/div/div[2]/div/div[2]/form/div[3]/div/input</arg>
<arg>test</arg>
<doc>Types the given ``text`` into the text field identified by ``locator``.</doc>
<status status="PASS" start="2025-04-22T05:41:37.009104" elapsed="0.786546"/>
</kw>
<kw name="Click And Capture" owner="KeyWord">
<kw name="Wait Until Element Is Visible" owner="SeleniumLibrary">
<arg>${locator}</arg>
<arg>timeout=10s</arg>
<doc>Waits until the element ``locator`` is visible.</doc>
<status status="PASS" start="2025-04-22T05:41:37.796721" elapsed="0.435223"/>
</kw>
<kw name="Capture Page Screenshot" owner="SeleniumLibrary">
<msg time="2025-04-22T05:41:38.506089" level="INFO" html="true">&lt;/td&gt;&lt;/tr&gt;&lt;tr&gt;&lt;td colspan="3"&gt;&lt;a href="Screenshots/WorkInfo/Dropdown/Negative/WorkInfoDropdown4.png"&gt;&lt;img src="Screenshots/WorkInfo/Dropdown/Negative/WorkInfoDropdown4.png" width="800px"&gt;&lt;/a&gt;</msg>
<arg>${filename}</arg>
<doc>Takes a screenshot of the current page and embeds it into a log file.</doc>
<status status="PASS" start="2025-04-22T05:41:38.232540" elapsed="0.273760"/>
</kw>
<kw name="Click Element" owner="SeleniumLibrary">
<msg time="2025-04-22T05:41:38.507293" level="INFO">Clicking element 'xpath=//*[@id="root"]/div/div/div[2]/div/div[2]/form/div[4]/button[2]'.</msg>
<arg>${locator}</arg>
<doc>Click the element identified by ``locator``.</doc>
<status status="PASS" start="2025-04-22T05:41:38.506863" elapsed="0.561410"/>
</kw>
<arg>xpath=//*[@id="root"]/div/div/div[2]/div/div[2]/form/div[4]/button[2]</arg>
<arg>WorkInfoDropdown4.png</arg>
<status status="PASS" start="2025-04-22T05:41:37.796120" elapsed="1.272494"/>
</kw>
<kw name="Execute Javascript" owner="SeleniumLibrary">
<msg time="2025-04-22T05:41:39.070218" level="INFO">Executing JavaScript:
return document.querySelector("select").checkValidity();
Without any arguments.</msg>
<msg time="2025-04-22T05:41:39.283229" level="INFO">${valid} = False</msg>
<var>${valid}</var>
<arg>return document.querySelector("select").checkValidity();</arg>
<doc>Executes the given JavaScript code with possible arguments.</doc>
<status status="PASS" start="2025-04-22T05:41:39.069143" elapsed="0.214178"/>
</kw>
<kw name="Should Be Equal" owner="BuiltIn">
<arg>${valid}</arg>
<arg>${False}</arg>
<doc>Fails if the given objects are unequal.</doc>
<status status="PASS" start="2025-04-22T05:41:39.283617" elapsed="0.000402"/>
</kw>
<kw name="Capture Page Screenshot" owner="SeleniumLibrary">
<msg time="2025-04-22T05:41:39.618339" level="INFO" html="true">&lt;/td&gt;&lt;/tr&gt;&lt;tr&gt;&lt;td colspan="3"&gt;&lt;a href="Screenshots/WorkInfo/Dropdown/Negative/WorkInfoDropdown5.png"&gt;&lt;img src="Screenshots/WorkInfo/Dropdown/Negative/WorkInfoDropdown5.png" width="800px"&gt;&lt;/a&gt;</msg>
<arg>WorkInfoDropdown5.png</arg>
<doc>Takes a screenshot of the current page and embeds it into a log file.</doc>
<status status="PASS" start="2025-04-22T05:41:39.284300" elapsed="0.334267"/>
</kw>
<doc>Test case for workinfo page when no dropdown selected</doc>
<tag>WorkInfoDropdown</tag>
<status status="PASS" start="2025-04-22T05:41:28.979132" elapsed="10.639732"/>
</test>
<test id="s1-t5" name="Test Case For Workinfo Page Hour" line="118">
<kw name="Set Screenshot Directory" owner="SeleniumLibrary">
<arg>${EXECDIR}/results/Screenshots/WorkInfo/Hours/Negative</arg>
<doc>Sets the directory for captured screenshots.</doc>
<status status="PASS" start="2025-04-22T05:41:39.620970" elapsed="0.000830"/>
</kw>
<kw name="Go To" owner="SeleniumLibrary">
<msg time="2025-04-22T05:41:39.622401" level="INFO">Opening url 'http://localhost:5173/'</msg>
<arg>${BASE_URL}</arg>
<doc>Navigates the current browser window to the provided ``url``.</doc>
<status status="PASS" start="2025-04-22T05:41:39.622099" elapsed="0.342923"/>
</kw>
<kw name="Click And Capture" owner="KeyWord">
<kw name="Wait Until Element Is Visible" owner="SeleniumLibrary">
<arg>${locator}</arg>
<arg>timeout=10s</arg>
<doc>Waits until the element ``locator`` is visible.</doc>
<status status="PASS" start="2025-04-22T05:41:39.966191" elapsed="0.430782"/>
</kw>
<kw name="Capture Page Screenshot" owner="SeleniumLibrary">
<msg time="2025-04-22T05:41:40.681094" level="INFO" html="true">&lt;/td&gt;&lt;/tr&gt;&lt;tr&gt;&lt;td colspan="3"&gt;&lt;a href="Screenshots/WorkInfo/Hours/Negative/Hours1.png"&gt;&lt;img src="Screenshots/WorkInfo/Hours/Negative/Hours1.png" width="800px"&gt;&lt;/a&gt;</msg>
<arg>${filename}</arg>
<doc>Takes a screenshot of the current page and embeds it into a log file.</doc>
<status status="PASS" start="2025-04-22T05:41:40.397474" elapsed="0.283807"/>
</kw>
<kw name="Click Element" owner="SeleniumLibrary">
<msg time="2025-04-22T05:41:40.681948" level="INFO">Clicking element 'xpath=//*[@id="root"]/div/div/div/div/div[1]'.</msg>
<arg>${locator}</arg>
<doc>Click the element identified by ``locator``.</doc>
<status status="PASS" start="2025-04-22T05:41:40.681573" elapsed="0.536537"/>
</kw>
<arg>xpath=//*[@id="root"]/div/div/div/div/div[1]</arg>
<arg>Hours1.png</arg>
<status status="PASS" start="2025-04-22T05:41:39.965512" elapsed="1.252977"/>
</kw>
<kw name="Input Text" owner="SeleniumLibrary">
<msg time="2025-04-22T05:41:41.219494" level="INFO">Typing text '20240008' into text field 'xpath=//*[@id="root"]/div/div/div/div[2]/form/div[1]/div/input'.</msg>
<arg>xpath=//*[@id="root"]/div/div/div/div[2]/form/div[1]/div/input</arg>
<arg>20240008</arg>
<doc>Types the given ``text`` into the text field identified by ``locator``.</doc>
<status status="PASS" start="2025-04-22T05:41:41.218920" elapsed="0.844421"/>
</kw>
<kw name="Input Password" owner="SeleniumLibrary">
<msg time="2025-04-22T05:41:42.064257" level="INFO">Typing password into text field 'xpath=//*[@id="root"]/div/div/div/div[2]/form/div[2]/div/input'.</msg>
<msg time="2025-04-22T05:41:42.527980" level="INFO">Temporally setting log level to: NONE</msg>
<arg>xpath=//*[@id="root"]/div/div/div/div[2]/form/div[2]/div/input</arg>
<arg>123456</arg>
<doc>Types the given password into the text field identified by ``locator``.</doc>
<status status="PASS" start="2025-04-22T05:41:42.063768" elapsed="0.777591"/>
</kw>
<kw name="Click And Capture" owner="KeyWord">
<kw name="Wait Until Element Is Visible" owner="SeleniumLibrary">
<arg>${locator}</arg>
<arg>timeout=10s</arg>
<doc>Waits until the element ``locator`` is visible.</doc>
<status status="PASS" start="2025-04-22T05:41:42.843071" elapsed="0.433277"/>
</kw>
<kw name="Capture Page Screenshot" owner="SeleniumLibrary">
<msg time="2025-04-22T05:41:43.730101" level="INFO" html="true">&lt;/td&gt;&lt;/tr&gt;&lt;tr&gt;&lt;td colspan="3"&gt;&lt;a href="Screenshots/WorkInfo/Hours/Negative/Hours2.png"&gt;&lt;img src="Screenshots/WorkInfo/Hours/Negative/Hours2.png" width="800px"&gt;&lt;/a&gt;</msg>
<arg>${filename}</arg>
<doc>Takes a screenshot of the current page and embeds it into a log file.</doc>
<status status="PASS" start="2025-04-22T05:41:43.276857" elapsed="0.453444"/>
</kw>
<kw name="Click Element" owner="SeleniumLibrary">
<msg time="2025-04-22T05:41:43.731162" level="INFO">Clicking element 'xpath=//*[@id="root"]/div/div/div/div[2]/form/button'.</msg>
<arg>${locator}</arg>
<doc>Click the element identified by ``locator``.</doc>
<status status="PASS" start="2025-04-22T05:41:43.730671" elapsed="0.528023"/>
</kw>
<arg>xpath=//*[@id="root"]/div/div/div/div[2]/form/button</arg>
<arg>Hours2.png</arg>
<status status="PASS" start="2025-04-22T05:41:42.842071" elapsed="1.417095"/>
</kw>
<kw name="Click And Capture" owner="KeyWord">
<kw name="Wait Until Element Is Visible" owner="SeleniumLibrary">
<arg>${locator}</arg>
<arg>timeout=10s</arg>
<doc>Waits until the element ``locator`` is visible.</doc>
<status status="PASS" start="2025-04-22T05:41:44.260499" elapsed="0.869969"/>
</kw>
<kw name="Capture Page Screenshot" owner="SeleniumLibrary">
<msg time="2025-04-22T05:41:45.430885" level="INFO" html="true">&lt;/td&gt;&lt;/tr&gt;&lt;tr&gt;&lt;td colspan="3"&gt;&lt;a href="Screenshots/WorkInfo/Hours/Negative/Hours3.png"&gt;&lt;img src="Screenshots/WorkInfo/Hours/Negative/Hours3.png" width="800px"&gt;&lt;/a&gt;</msg>
<arg>${filename}</arg>
<doc>Takes a screenshot of the current page and embeds it into a log file.</doc>
<status status="PASS" start="2025-04-22T05:41:45.130896" elapsed="0.300171"/>
</kw>
<kw name="Click Element" owner="SeleniumLibrary">
<msg time="2025-04-22T05:41:45.431777" level="INFO">Clicking element 'xpath=//*[@id="root"]/div/div/div[1]/nav/div/div/div[2]/div[3]/a'.</msg>
<arg>${locator}</arg>
<doc>Click the element identified by ``locator``.</doc>
<status status="PASS" start="2025-04-22T05:41:45.431394" elapsed="0.730544"/>
</kw>
<arg>xpath=//*[@id="root"]/div/div/div[1]/nav/div/div/div[2]/div[3]/a</arg>
<arg>Hours3.png</arg>
<status status="PASS" start="2025-04-22T05:41:44.259657" elapsed="1.902547"/>
</kw>
<kw name="Click And Capture" owner="KeyWord">
<kw name="Wait Until Element Is Visible" owner="SeleniumLibrary">
<arg>${locator}</arg>
<arg>timeout=10s</arg>
<doc>Waits until the element ``locator`` is visible.</doc>
<status status="PASS" start="2025-04-22T05:41:46.163323" elapsed="0.437072"/>
</kw>
<kw name="Capture Page Screenshot" owner="SeleniumLibrary">
<msg time="2025-04-22T05:41:46.885204" level="INFO" html="true">&lt;/td&gt;&lt;/tr&gt;&lt;tr&gt;&lt;td colspan="3"&gt;&lt;a href="Screenshots/WorkInfo/Hours/Negative/Hours4.png"&gt;&lt;img src="Screenshots/WorkInfo/Hours/Negative/Hours4.png" width="800px"&gt;&lt;/a&gt;</msg>
<arg>${filename}</arg>
<doc>Takes a screenshot of the current page and embeds it into a log file.</doc>
<status status="PASS" start="2025-04-22T05:41:46.600882" elapsed="0.284553"/>
</kw>
<kw name="Click Element" owner="SeleniumLibrary">
<msg time="2025-04-22T05:41:46.886188" level="INFO">Clicking element 'xpath=//*[@id="root"]/div/div/div[2]/div/div[2]/form/div[1]/div[1]/div/select'.</msg>
<arg>${locator}</arg>
<doc>Click the element identified by ``locator``.</doc>
<status status="PASS" start="2025-04-22T05:41:46.885811" elapsed="0.554808"/>
</kw>
<arg>xpath=//*[@id="root"]/div/div/div[2]/div/div[2]/form/div[1]/div[1]/div/select</arg>
<arg>Hours4.png</arg>
<status status="PASS" start="2025-04-22T05:41:46.162592" elapsed="1.278267"/>
</kw>
<kw name="Click And Capture" owner="KeyWord">
<kw name="Wait Until Element Is Visible" owner="SeleniumLibrary">
<arg>${locator}</arg>
<arg>timeout=10s</arg>
<doc>Waits until the element ``locator`` is visible.</doc>
<status status="PASS" start="2025-04-22T05:41:47.442231" elapsed="0.440006"/>
</kw>
<kw name="Capture Page Screenshot" owner="SeleniumLibrary">
<msg time="2025-04-22T05:41:48.163015" level="INFO" html="true">&lt;/td&gt;&lt;/tr&gt;&lt;tr&gt;&lt;td colspan="3"&gt;&lt;a href="Screenshots/WorkInfo/Hours/Negative/Hours5.png"&gt;&lt;img src="Screenshots/WorkInfo/Hours/Negative/Hours5.png" width="800px"&gt;&lt;/a&gt;</msg>
<arg>${filename}</arg>
<doc>Takes a screenshot of the current page and embeds it into a log file.</doc>
<status status="PASS" start="2025-04-22T05:41:47.882584" elapsed="0.280617"/>
</kw>
<kw name="Click Element" owner="SeleniumLibrary">
<msg time="2025-04-22T05:41:48.163849" level="INFO">Clicking element 'xpath=//*[@id="root"]/div/div/div[2]/div/div[2]/form/div[1]/div[1]/div/select/option[2]'.</msg>
<arg>${locator}</arg>
<doc>Click the element identified by ``locator``.</doc>
<status status="PASS" start="2025-04-22T05:41:48.163494" elapsed="0.465277"/>
</kw>
<arg>xpath=//*[@id="root"]/div/div/div[2]/div/div[2]/form/div[1]/div[1]/div/select/option[2]</arg>
<arg>Hours5.png</arg>
<status status="PASS" start="2025-04-22T05:41:47.441285" elapsed="1.187889"/>
</kw>
<kw name="Input Text" owner="SeleniumLibrary">
<msg time="2025-04-22T05:41:48.630298" level="INFO">Typing text 'test' into text field 'xpath=//*[@id="root"]/div/div/div[2]/div/div[2]/form/div[2]/div/textarea'.</msg>
<arg>xpath=//*[@id="root"]/div/div/div[2]/div/div[2]/form/div[2]/div/textarea</arg>
<arg>test</arg>
<doc>Types the given ``text`` into the text field identified by ``locator``.</doc>
<status status="PASS" start="2025-04-22T05:41:48.629738" elapsed="0.770301"/>
</kw>
<kw name="Input Text" owner="SeleniumLibrary">
<msg time="2025-04-22T05:41:49.401070" level="INFO">Typing text 'test' into text field 'xpath=//*[@id="root"]/div/div/div[2]/div/div[2]/form/div[3]/div/input'.</msg>
<arg>xpath=//*[@id="root"]/div/div/div[2]/div/div[2]/form/div[3]/div/input</arg>
<arg>test</arg>
<doc>Types the given ``text`` into the text field identified by ``locator``.</doc>
<status status="PASS" start="2025-04-22T05:41:49.400570" elapsed="0.802586"/>
</kw>
<kw name="Click And Capture" owner="KeyWord">
<kw name="Wait Until Element Is Visible" owner="SeleniumLibrary">
<arg>${locator}</arg>
<arg>timeout=10s</arg>
<doc>Waits until the element ``locator`` is visible.</doc>
<status status="PASS" start="2025-04-22T05:41:50.205335" elapsed="0.432147"/>
</kw>
<kw name="Capture Page Screenshot" owner="SeleniumLibrary">
<msg time="2025-04-22T05:41:50.912572" level="INFO" html="true">&lt;/td&gt;&lt;/tr&gt;&lt;tr&gt;&lt;td colspan="3"&gt;&lt;a href="Screenshots/WorkInfo/Hours/Negative/Hours6.png"&gt;&lt;img src="Screenshots/WorkInfo/Hours/Negative/Hours6.png" width="800px"&gt;&lt;/a&gt;</msg>
<arg>${filename}</arg>
<doc>Takes a screenshot of the current page and embeds it into a log file.</doc>
<status status="PASS" start="2025-04-22T05:41:50.638129" elapsed="0.274736"/>
</kw>
<kw name="Click Element" owner="SeleniumLibrary">
<msg time="2025-04-22T05:41:50.913600" level="INFO">Clicking element 'xpath=//*[@id="root"]/div/div/div[2]/div/div[2]/form/div[4]/button[2]'.</msg>
<arg>${locator}</arg>
<doc>Click the element identified by ``locator``.</doc>
<status status="PASS" start="2025-04-22T05:41:50.913203" elapsed="0.522103"/>
</kw>
<arg>xpath=//*[@id="root"]/div/div/div[2]/div/div[2]/form/div[4]/button[2]</arg>
<arg>Hours6.png</arg>
<status status="PASS" start="2025-04-22T05:41:50.204348" elapsed="1.231329"/>
</kw>
<kw name="Execute Javascript" owner="SeleniumLibrary">
<msg time="2025-04-22T05:41:51.437486" level="INFO">Executing JavaScript:
return document.querySelector("input").checkValidity();
Without any arguments.</msg>
<msg time="2025-04-22T05:41:51.650273" level="INFO">${valid} = False</msg>
<var>${valid}</var>
<arg>return document.querySelector("input").checkValidity();</arg>
<doc>Executes the given JavaScript code with possible arguments.</doc>
<status status="PASS" start="2025-04-22T05:41:51.436128" elapsed="0.214485"/>
</kw>
<kw name="Should Be Equal" owner="BuiltIn">
<arg>${valid}</arg>
<arg>${False}</arg>
<doc>Fails if the given objects are unequal.</doc>
<status status="PASS" start="2025-04-22T05:41:51.651472" elapsed="0.001146"/>
</kw>
<kw name="Capture Page Screenshot" owner="SeleniumLibrary">
<msg time="2025-04-22T05:41:51.970005" level="INFO" html="true">&lt;/td&gt;&lt;/tr&gt;&lt;tr&gt;&lt;td colspan="3"&gt;&lt;a href="Screenshots/WorkInfo/Hours/Negative/Hours7.png"&gt;&lt;img src="Screenshots/WorkInfo/Hours/Negative/Hours7.png" width="800px"&gt;&lt;/a&gt;</msg>
<arg>Hours7.png</arg>
<doc>Takes a screenshot of the current page and embeds it into a log file.</doc>
<status status="PASS" start="2025-04-22T05:41:51.653223" elapsed="0.317138"/>
</kw>
<doc>Test case for workinfo page when no hours selected</doc>
<tag>WorkInfoHours</tag>
<status status="PASS" start="2025-04-22T05:41:39.619774" elapsed="12.351124"/>
</test>
<test id="s1-t6" name="Test Case For Request Page leaveRequest Type" line="147">
<kw name="Set Screenshot Directory" owner="SeleniumLibrary">
<arg>${EXECDIR}/results/Screenshots/Request/LeaveRequest/Type</arg>
<doc>Sets the directory for captured screenshots.</doc>
<status status="PASS" start="2025-04-22T05:41:51.973262" elapsed="0.000690"/>
</kw>
<kw name="Go To" owner="SeleniumLibrary">
<msg time="2025-04-22T05:41:51.974506" level="INFO">Opening url 'http://localhost:5173/'</msg>
<arg>${BASE_URL}</arg>
<doc>Navigates the current browser window to the provided ``url``.</doc>
<status status="PASS" start="2025-04-22T05:41:51.974252" elapsed="0.370955"/>
</kw>
<kw name="Click And Capture" owner="KeyWord">
<kw name="Wait Until Element Is Visible" owner="SeleniumLibrary">
<arg>${locator}</arg>
<arg>timeout=10s</arg>
<doc>Waits until the element ``locator`` is visible.</doc>
<status status="PASS" start="2025-04-22T05:41:52.346336" elapsed="0.430398"/>
</kw>
<kw name="Capture Page Screenshot" owner="SeleniumLibrary">
<msg time="2025-04-22T05:41:53.069307" level="INFO" html="true">&lt;/td&gt;&lt;/tr&gt;&lt;tr&gt;&lt;td colspan="3"&gt;&lt;a href="Screenshots/Request/LeaveRequest/Type/LeaveRequest1.png"&gt;&lt;img src="Screenshots/Request/LeaveRequest/Type/LeaveRequest1.png" width="800px"&gt;&lt;/a&gt;</msg>
<arg>${filename}</arg>
<doc>Takes a screenshot of the current page and embeds it into a log file.</doc>
<status status="PASS" start="2025-04-22T05:41:52.777384" elapsed="0.292139"/>
</kw>
<kw name="Click Element" owner="SeleniumLibrary">
<msg time="2025-04-22T05:41:53.070227" level="INFO">Clicking element 'xpath=//*[@id="root"]/div/div/div/div/div[1]'.</msg>
<arg>${locator}</arg>
<doc>Click the element identified by ``locator``.</doc>
<status status="PASS" start="2025-04-22T05:41:53.069823" elapsed="0.526441"/>
</kw>
<arg>xpath=//*[@id="root"]/div/div/div/div/div[1]</arg>
<arg>LeaveRequest1.png</arg>
<status status="PASS" start="2025-04-22T05:41:52.345709" elapsed="1.251191"/>
</kw>
<kw name="Input Text" owner="SeleniumLibrary">
<msg time="2025-04-22T05:41:53.597700" level="INFO">Typing text '20240008' into text field 'xpath=//*[@id="root"]/div/div/div/div[2]/form/div[1]/div/input'.</msg>
<arg>xpath=//*[@id="root"]/div/div/div/div[2]/form/div[1]/div/input</arg>
<arg>20240008</arg>
<doc>Types the given ``text`` into the text field identified by ``locator``.</doc>
<status status="PASS" start="2025-04-22T05:41:53.597298" elapsed="0.782224"/>
</kw>
<kw name="Input Password" owner="SeleniumLibrary">
<msg time="2025-04-22T05:41:54.380639" level="INFO">Typing password into text field 'xpath=//*[@id="root"]/div/div/div/div[2]/form/div[2]/div/input'.</msg>
<msg time="2025-04-22T05:41:54.884932" level="INFO">Temporally setting log level to: NONE</msg>
<arg>xpath=//*[@id="root"]/div/div/div/div[2]/form/div[2]/div/input</arg>
<arg>123456</arg>
<doc>Types the given password into the text field identified by ``locator``.</doc>
<status status="PASS" start="2025-04-22T05:41:54.380079" elapsed="0.806225"/>
</kw>
<kw name="Click And Capture" owner="KeyWord">
<kw name="Wait Until Element Is Visible" owner="SeleniumLibrary">
<arg>${locator}</arg>
<arg>timeout=10s</arg>
<doc>Waits until the element ``locator`` is visible.</doc>
<status status="PASS" start="2025-04-22T05:41:55.187351" elapsed="0.431594"/>
</kw>
<kw name="Capture Page Screenshot" owner="SeleniumLibrary">
<msg time="2025-04-22T05:41:56.078439" level="INFO" html="true">&lt;/td&gt;&lt;/tr&gt;&lt;tr&gt;&lt;td colspan="3"&gt;&lt;a href="Screenshots/Request/LeaveRequest/Type/LeaveRequest2.png"&gt;&lt;img src="Screenshots/Request/LeaveRequest/Type/LeaveRequest2.png" width="800px"&gt;&lt;/a&gt;</msg>
<arg>${filename}</arg>
<doc>Takes a screenshot of the current page and embeds it into a log file.</doc>
<status status="PASS" start="2025-04-22T05:41:55.619322" elapsed="0.459342"/>
</kw>
<kw name="Click Element" owner="SeleniumLibrary">
<msg time="2025-04-22T05:41:56.079391" level="INFO">Clicking element 'xpath=//*[@id="root"]/div/div/div/div[2]/form/button'.</msg>
<arg>${locator}</arg>
<doc>Click the element identified by ``locator``.</doc>
<status status="PASS" start="2025-04-22T05:41:56.079008" elapsed="0.525031"/>
</kw>
<arg>xpath=//*[@id="root"]/div/div/div/div[2]/form/button</arg>
<arg>LeaveRequest2.png</arg>
<status status="PASS" start="2025-04-22T05:41:55.186778" elapsed="1.417682"/>
</kw>
<kw name="Click And Capture" owner="KeyWord">
<kw name="Wait Until Element Is Visible" owner="SeleniumLibrary">
<arg>${locator}</arg>
<arg>timeout=10s</arg>
<doc>Waits until the element ``locator`` is visible.</doc>
<status status="PASS" start="2025-04-22T05:41:56.605810" elapsed="0.874903"/>
</kw>
<kw name="Capture Page Screenshot" owner="SeleniumLibrary">
<msg time="2025-04-22T05:41:57.789165" level="INFO" html="true">&lt;/td&gt;&lt;/tr&gt;&lt;tr&gt;&lt;td colspan="3"&gt;&lt;a href="Screenshots/Request/LeaveRequest/Type/LeaveRequest3.png"&gt;&lt;img src="Screenshots/Request/LeaveRequest/Type/LeaveRequest3.png" width="800px"&gt;&lt;/a&gt;</msg>
<arg>${filename}</arg>
<doc>Takes a screenshot of the current page and embeds it into a log file.</doc>
<status status="PASS" start="2025-04-22T05:41:57.481348" elapsed="0.308008"/>
</kw>
<kw name="Click Element" owner="SeleniumLibrary">
<msg time="2025-04-22T05:41:57.790052" level="INFO">Clicking element 'xpath=//*[@id="root"]/div/div/div[1]/nav/div/div/div[2]/div[4]/a'.</msg>
<arg>${locator}</arg>
<doc>Click the element identified by ``locator``.</doc>
<status status="PASS" start="2025-04-22T05:41:57.789647" elapsed="0.727691"/>
</kw>
<arg>xpath=//*[@id="root"]/div/div/div[1]/nav/div/div/div[2]/div[4]/a</arg>
<arg>LeaveRequest3.png</arg>
<status status="PASS" start="2025-04-22T05:41:56.604952" elapsed="1.912684"/>
</kw>
<kw name="Click And Capture" owner="KeyWord">
<kw name="Wait Until Element Is Visible" owner="SeleniumLibrary">
<arg>${locator}</arg>
<arg>timeout=10s</arg>
<doc>Waits until the element ``locator`` is visible.</doc>
<status status="PASS" start="2025-04-22T05:41:58.518925" elapsed="0.440187"/>
</kw>
<kw name="Capture Page Screenshot" owner="SeleniumLibrary">
<msg time="2025-04-22T05:41:59.241390" level="INFO" html="true">&lt;/td&gt;&lt;/tr&gt;&lt;tr&gt;&lt;td colspan="3"&gt;&lt;a href="Screenshots/Request/LeaveRequest/Type/LeaveRequest4.png"&gt;&lt;img src="Screenshots/Request/LeaveRequest/Type/LeaveRequest4.png" width="800px"&gt;&lt;/a&gt;</msg>
<arg>${filename}</arg>
<doc>Takes a screenshot of the current page and embeds it into a log file.</doc>
<status status="PASS" start="2025-04-22T05:41:58.959527" elapsed="0.282077"/>
</kw>
<kw name="Click Element" owner="SeleniumLibrary">
<msg time="2025-04-22T05:41:59.242446" level="INFO">Clicking element 'xpath=//*[@id="formType"]'.</msg>
<arg>${locator}</arg>
<doc>Click the element identified by ``locator``.</doc>
<status status="PASS" start="2025-04-22T05:41:59.241945" elapsed="0.573933"/>
</kw>
<arg>xpath=//*[@id="formType"]</arg>
<arg>LeaveRequest4.png</arg>
<status status="PASS" start="2025-04-22T05:41:58.518066" elapsed="1.298072"/>
</kw>
<kw name="Click And Capture" owner="KeyWord">
<kw name="Wait Until Element Is Visible" owner="SeleniumLibrary">
<arg>${locator}</arg>
<arg>timeout=10s</arg>
<doc>Waits until the element ``locator`` is visible.</doc>
<status status="PASS" start="2025-04-22T05:41:59.817305" elapsed="0.440615"/>
</kw>
<kw name="Capture Page Screenshot" owner="SeleniumLibrary">
<msg time="2025-04-22T05:42:00.540365" level="INFO" html="true">&lt;/td&gt;&lt;/tr&gt;&lt;tr&gt;&lt;td colspan="3"&gt;&lt;a href="Screenshots/Request/LeaveRequest/Type/LeaveRequest5.png"&gt;&lt;img src="Screenshots/Request/LeaveRequest/Type/LeaveRequest5.png" width="800px"&gt;&lt;/a&gt;</msg>
<arg>${filename}</arg>
<doc>Takes a screenshot of the current page and embeds it into a log file.</doc>
<status status="PASS" start="2025-04-22T05:42:00.258272" elapsed="0.282297"/>
</kw>
<kw name="Click Element" owner="SeleniumLibrary">
<msg time="2025-04-22T05:42:00.541234" level="INFO">Clicking element 'xpath=//*[@id="formType"]/option[2]'.</msg>
<arg>${locator}</arg>
<doc>Click the element identified by ``locator``.</doc>
<status status="PASS" start="2025-04-22T05:42:00.540875" elapsed="0.485076"/>
</kw>
<arg>xpath=//*[@id="formType"]/option[2]</arg>
<arg>LeaveRequest5.png</arg>
<status status="PASS" start="2025-04-22T05:41:59.816532" elapsed="1.209677"/>
</kw>
<kw name="Click And Capture" owner="KeyWord">
<kw name="Wait Until Element Is Visible" owner="SeleniumLibrary">
<arg>${locator}</arg>
<arg>timeout=10s</arg>
<doc>Waits until the element ``locator`` is visible.</doc>
<status status="PASS" start="2025-04-22T05:42:01.027689" elapsed="0.443250"/>
</kw>
<kw name="Capture Page Screenshot" owner="SeleniumLibrary">
<msg time="2025-04-22T05:42:01.742678" level="INFO" html="true">&lt;/td&gt;&lt;/tr&gt;&lt;tr&gt;&lt;td colspan="3"&gt;&lt;a href="Screenshots/Request/LeaveRequest/Type/LeaveRequest6.png"&gt;&lt;img src="Screenshots/Request/LeaveRequest/Type/LeaveRequest6.png" width="800px"&gt;&lt;/a&gt;</msg>
<arg>${filename}</arg>
<doc>Takes a screenshot of the current page and embeds it into a log file.</doc>
<status status="PASS" start="2025-04-22T05:42:01.471291" elapsed="0.271774"/>
</kw>
<kw name="Click Element" owner="SeleniumLibrary">
<msg time="2025-04-22T05:42:01.743788" level="INFO">Clicking element 'xpath=//*[@id="root"]/div/div/div[2]/div/form/div/input[1]'.</msg>
<arg>${locator}</arg>
<doc>Click the element identified by ``locator``.</doc>
<status status="PASS" start="2025-04-22T05:42:01.743377" elapsed="0.541610"/>
</kw>
<arg>xpath=//*[@id="root"]/div/div/div[2]/div/form/div/input[1]</arg>
<arg>LeaveRequest6.png</arg>
<status status="PASS" start="2025-04-22T05:42:01.027003" elapsed="1.258216"/>
</kw>
<kw name="Input Text" owner="SeleniumLibrary">
<msg time="2025-04-22T05:42:02.285916" level="INFO">Typing text '04/16/2025' into text field 'xpath=//*[@id="root"]/div/div/div[2]/div/form/div/input[1]'.</msg>
<arg>xpath=//*[@id="root"]/div/div/div[2]/div/form/div/input[1]</arg>
<arg>04/16/2025</arg>
<doc>Types the given ``text`` into the text field identified by ``locator``.</doc>
<status status="PASS" start="2025-04-22T05:42:02.285532" elapsed="0.841923"/>
</kw>
<kw name="Click And Capture" owner="KeyWord">
<kw name="Wait Until Element Is Visible" owner="SeleniumLibrary">
<arg>${locator}</arg>
<arg>timeout=10s</arg>
<doc>Waits until the element ``locator`` is visible.</doc>
<status status="PASS" start="2025-04-22T05:42:03.128568" elapsed="0.438234"/>
</kw>
<kw name="Capture Page Screenshot" owner="SeleniumLibrary">
<msg time="2025-04-22T05:42:03.845787" level="INFO" html="true">&lt;/td&gt;&lt;/tr&gt;&lt;tr&gt;&lt;td colspan="3"&gt;&lt;a href="Screenshots/Request/LeaveRequest/Type/LeaveRequest7.png"&gt;&lt;img src="Screenshots/Request/LeaveRequest/Type/LeaveRequest7.png" width="800px"&gt;&lt;/a&gt;</msg>
<arg>${filename}</arg>
<doc>Takes a screenshot of the current page and embeds it into a log file.</doc>
<status status="PASS" start="2025-04-22T05:42:03.567316" elapsed="0.278706"/>
</kw>
<kw name="Click Element" owner="SeleniumLibrary">
<msg time="2025-04-22T05:42:03.846788" level="INFO">Clicking element 'xpath=//*[@id="root"]/div/div/div[2]/div/form/div/input[2]'.</msg>
<arg>${locator}</arg>
<doc>Click the element identified by ``locator``.</doc>
<status status="PASS" start="2025-04-22T05:42:03.846359" elapsed="0.538387"/>
</kw>
<arg>xpath=//*[@id="root"]/div/div/div[2]/div/form/div/input[2]</arg>
<arg>LeaveRequest7.png</arg>
<status status="PASS" start="2025-04-22T05:42:03.127982" elapsed="1.257043"/>
</kw>
<kw name="Input Text" owner="SeleniumLibrary">
<msg time="2025-04-22T05:42:04.385741" level="INFO">Typing text '04/20/2025' into text field 'xpath=//*[@id="root"]/div/div/div[2]/div/form/div/input[2]'.</msg>
<arg>xpath=//*[@id="root"]/div/div/div[2]/div/form/div/input[2]</arg>
<arg>04/20/2025</arg>
<doc>Types the given ``text`` into the text field identified by ``locator``.</doc>
<status status="PASS" start="2025-04-22T05:42:04.385363" elapsed="0.811165"/>
</kw>
<kw name="Click And Capture" owner="KeyWord">
<kw name="Wait Until Element Is Visible" owner="SeleniumLibrary">
<arg>${locator}</arg>
<arg>timeout=10s</arg>
<doc>Waits until the element ``locator`` is visible.</doc>
<status status="PASS" start="2025-04-22T05:42:05.197524" elapsed="0.436225"/>
</kw>
<kw name="Capture Page Screenshot" owner="SeleniumLibrary">
<msg time="2025-04-22T05:42:05.904540" level="INFO" html="true">&lt;/td&gt;&lt;/tr&gt;&lt;tr&gt;&lt;td colspan="3"&gt;&lt;a href="Screenshots/Request/LeaveRequest/Type/LeaveRequest8.png"&gt;&lt;img src="Screenshots/Request/LeaveRequest/Type/LeaveRequest8.png" width="800px"&gt;&lt;/a&gt;</msg>
<arg>${filename}</arg>
<doc>Takes a screenshot of the current page and embeds it into a log file.</doc>
<status status="PASS" start="2025-04-22T05:42:05.634302" elapsed="0.270506"/>
</kw>
<kw name="Click Element" owner="SeleniumLibrary">
<msg time="2025-04-22T05:42:05.906057" level="INFO">Clicking element 'xpath=//*[@id="root"]/div/div/div[2]/div/form/div/input[3]'.</msg>
<arg>${locator}</arg>
<doc>Click the element identified by ``locator``.</doc>
<status status="PASS" start="2025-04-22T05:42:05.905301" elapsed="0.551675"/>
</kw>
<arg>xpath=//*[@id="root"]/div/div/div[2]/div/form/div/input[3]</arg>
<arg>LeaveRequest8.png</arg>
<status status="PASS" start="2025-04-22T05:42:05.196972" elapsed="1.260232"/>
</kw>
<kw name="Input Text" owner="SeleniumLibrary">
<msg time="2025-04-22T05:42:06.457822" level="INFO">Typing text 'กูจะนอน' into text field 'xpath=//*[@id="root"]/div/div/div[2]/div/form/div/input[3]'.</msg>
<arg>xpath=//*[@id="root"]/div/div/div[2]/div/form/div/input[3]</arg>
<arg>กูจะนอน</arg>
<doc>Types the given ``text`` into the text field identified by ``locator``.</doc>
<status status="PASS" start="2025-04-22T05:42:06.457468" elapsed="0.799064"/>
</kw>
<kw name="Click And Capture" owner="KeyWord">
<kw name="Wait Until Element Is Visible" owner="SeleniumLibrary">
<arg>${locator}</arg>
<arg>timeout=10s</arg>
<doc>Waits until the element ``locator`` is visible.</doc>
<status status="PASS" start="2025-04-22T05:42:07.258429" elapsed="0.446419"/>
</kw>
<kw name="Capture Page Screenshot" owner="SeleniumLibrary">
<msg time="2025-04-22T05:42:07.971431" level="INFO" html="true">&lt;/td&gt;&lt;/tr&gt;&lt;tr&gt;&lt;td colspan="3"&gt;&lt;a href="Screenshots/Request/LeaveRequest/Type/LeaveRequest9.png"&gt;&lt;img src="Screenshots/Request/LeaveRequest/Type/LeaveRequest9.png" width="800px"&gt;&lt;/a&gt;</msg>
<arg>${filename}</arg>
<doc>Takes a screenshot of the current page and embeds it into a log file.</doc>
<status status="PASS" start="2025-04-22T05:42:07.705217" elapsed="0.266488"/>
</kw>
<kw name="Click Element" owner="SeleniumLibrary">
<msg time="2025-04-22T05:42:07.973021" level="INFO">Clicking element 'xpath=//*[@id="root"]/div/div/div[2]/div/form/button'.</msg>
<arg>${locator}</arg>
<doc>Click the element identified by ``locator``.</doc>
<status status="PASS" start="2025-04-22T05:42:07.972375" elapsed="0.542364"/>
</kw>
<arg>xpath=//*[@id="root"]/div/div/div[2]/div/form/button</arg>
<arg>LeaveRequest9.png</arg>
<status status="PASS" start="2025-04-22T05:42:07.257104" elapsed="1.257899"/>
</kw>
<kw name="Should Field Be Invalid" owner="KeyWord">
<kw name="Execute Javascript" owner="SeleniumLibrary">
<msg time="2025-04-22T05:42:08.516625" level="INFO">Executing JavaScript:
return document.querySelector(`select[name="leave_type"]`).checkValidity();
Without any arguments.</msg>
<msg time="2025-04-22T05:42:08.730168" level="INFO">${is_valid} = False</msg>
<var>${is_valid}</var>
<arg>return document.querySelector(`${locator}`).checkValidity();</arg>
<doc>Executes the given JavaScript code with possible arguments.</doc>
<status status="PASS" start="2025-04-22T05:42:08.515884" elapsed="0.214390"/>
</kw>
<kw name="Should Be Equal" owner="BuiltIn">
<arg>${is_valid}</arg>
<arg>${False}</arg>
<doc>Fails if the given objects are unequal.</doc>
<status status="PASS" start="2025-04-22T05:42:08.730618" elapsed="0.000452"/>
</kw>
<arg>select[name="leave_type"]</arg>
<status status="PASS" start="2025-04-22T05:42:08.515380" elapsed="0.215843"/>
</kw>
<kw name="Sleep" owner="BuiltIn">
<msg time="2025-04-22T05:42:13.731992" level="INFO">Slept 5 seconds.</msg>
<arg>5s</arg>
<doc>Pauses the test executed for the given time.</doc>
<status status="PASS" start="2025-04-22T05:42:08.731410" elapsed="5.000878"/>
</kw>
<kw name="Capture Page Screenshot" owner="SeleniumLibrary">
<msg time="2025-04-22T05:42:14.042236" level="INFO" html="true">&lt;/td&gt;&lt;/tr&gt;&lt;tr&gt;&lt;td colspan="3"&gt;&lt;a href="Screenshots/Request/LeaveRequest/Type/LeaveRequest11.png"&gt;&lt;img src="Screenshots/Request/LeaveRequest/Type/LeaveRequest11.png" width="800px"&gt;&lt;/a&gt;</msg>
<arg>LeaveRequest11.png</arg>
<doc>Takes a screenshot of the current page and embeds it into a log file.</doc>
<status status="PASS" start="2025-04-22T05:42:13.732654" elapsed="0.309824"/>
</kw>
<doc>Test case for request page when no leave type selected</doc>
<tag>LeaveRequestType</tag>
<status status="PASS" start="2025-04-22T05:41:51.971742" elapsed="22.071055"/>
</test>
<test id="s1-t7" name="Test Case For Request Page LeaveRequest StartDate" line="179">
<kw name="Set Screenshot Directory" owner="SeleniumLibrary">
<arg>${EXECDIR}/results/Screenshots/Request/LeaveRequest/StartDate</arg>
<doc>Sets the directory for captured screenshots.</doc>
<status status="PASS" start="2025-04-22T05:42:14.044084" elapsed="0.000484"/>
</kw>
<kw name="Go To" owner="SeleniumLibrary">
<msg time="2025-04-22T05:42:14.045047" level="INFO">Opening url 'http://localhost:5173/'</msg>
<arg>${BASE_URL}</arg>
<doc>Navigates the current browser window to the provided ``url``.</doc>
<status status="PASS" start="2025-04-22T05:42:14.044792" elapsed="0.383923"/>
</kw>
<kw name="Click And Capture" owner="KeyWord">
<kw name="Wait Until Element Is Visible" owner="SeleniumLibrary">
<arg>${locator}</arg>
<arg>timeout=10s</arg>
<doc>Waits until the element ``locator`` is visible.</doc>
<status status="PASS" start="2025-04-22T05:42:14.429971" elapsed="0.433338"/>
</kw>
<kw name="Capture Page Screenshot" owner="SeleniumLibrary">
<msg time="2025-04-22T05:42:15.153763" level="INFO" html="true">&lt;/td&gt;&lt;/tr&gt;&lt;tr&gt;&lt;td colspan="3"&gt;&lt;a href="Screenshots/Request/LeaveRequest/StartDate/StartDate1.png"&gt;&lt;img src="Screenshots/Request/LeaveRequest/StartDate/StartDate1.png" width="800px"&gt;&lt;/a&gt;</msg>
<arg>${filename}</arg>
<doc>Takes a screenshot of the current page and embeds it into a log file.</doc>
<status status="PASS" start="2025-04-22T05:42:14.864321" elapsed="0.289678"/>
</kw>
<kw name="Click Element" owner="SeleniumLibrary">
<msg time="2025-04-22T05:42:15.154820" level="INFO">Clicking element 'xpath=//*[@id="root"]/div/div/div/div/div[1]'.</msg>
<arg>${locator}</arg>
<doc>Click the element identified by ``locator``.</doc>
<status status="PASS" start="2025-04-22T05:42:15.154432" elapsed="0.527714"/>
</kw>
<arg>xpath=//*[@id="root"]/div/div/div/div/div[1]</arg>
<arg>StartDate1.png</arg>
<status status="PASS" start="2025-04-22T05:42:14.429342" elapsed="1.253097"/>
</kw>
<kw name="Input Text" owner="SeleniumLibrary">
<msg time="2025-04-22T05:42:15.683275" level="INFO">Typing text '20240008' into text field 'xpath=//*[@id="root"]/div/div/div/div[2]/form/div[1]/div/input'.</msg>
<arg>xpath=//*[@id="root"]/div/div/div/div[2]/form/div[1]/div/input</arg>
<arg>20240008</arg>
<doc>Types the given ``text`` into the text field identified by ``locator``.</doc>
<status status="PASS" start="2025-04-22T05:42:15.682805" elapsed="0.797647"/>
</kw>
<kw name="Input Password" owner="SeleniumLibrary">
<msg time="2025-04-22T05:42:16.481217" level="INFO">Typing password into text field 'xpath=//*[@id="root"]/div/div/div/div[2]/form/div[2]/div/input'.</msg>
<msg time="2025-04-22T05:42:16.977271" level="INFO">Temporally setting log level to: NONE</msg>
<arg>xpath=//*[@id="root"]/div/div/div/div[2]/form/div[2]/div/input</arg>
<arg>123456</arg>
<doc>Types the given password into the text field identified by ``locator``.</doc>
<status status="PASS" start="2025-04-22T05:42:16.480859" elapsed="0.810306"/>
</kw>
<kw name="Click And Capture" owner="KeyWord">
<kw name="Wait Until Element Is Visible" owner="SeleniumLibrary">
<arg>${locator}</arg>
<arg>timeout=10s</arg>
<doc>Waits until the element ``locator`` is visible.</doc>
<status status="PASS" start="2025-04-22T05:42:17.292468" elapsed="0.433731"/>
</kw>
<kw name="Capture Page Screenshot" owner="SeleniumLibrary">
<msg time="2025-04-22T05:42:18.149991" level="INFO" html="true">&lt;/td&gt;&lt;/tr&gt;&lt;tr&gt;&lt;td colspan="3"&gt;&lt;a href="Screenshots/Request/LeaveRequest/StartDate/StartDate2.png"&gt;&lt;img src="Screenshots/Request/LeaveRequest/StartDate/StartDate2.png" width="800px"&gt;&lt;/a&gt;</msg>
<arg>${filename}</arg>
<doc>Takes a screenshot of the current page and embeds it into a log file.</doc>
<status status="PASS" start="2025-04-22T05:42:17.726547" elapsed="0.423954"/>
</kw>
<kw name="Click Element" owner="SeleniumLibrary">
<msg time="2025-04-22T05:42:18.151593" level="INFO">Clicking element 'xpath=//*[@id="root"]/div/div/div/div[2]/form/button'.</msg>
<arg>${locator}</arg>
<doc>Click the element identified by ``locator``.</doc>
<status status="PASS" start="2025-04-22T05:42:18.151009" elapsed="0.534482"/>
</kw>
<arg>xpath=//*[@id="root"]/div/div/div/div[2]/form/button</arg>
<arg>StartDate2.png</arg>
<status status="PASS" start="2025-04-22T05:42:17.291708" elapsed="1.394159"/>
</kw>
<kw name="Click And Capture" owner="KeyWord">
<kw name="Wait Until Element Is Visible" owner="SeleniumLibrary">
<arg>${locator}</arg>
<arg>timeout=10s</arg>
<doc>Waits until the element ``locator`` is visible.</doc>
<status status="PASS" start="2025-04-22T05:42:18.687153" elapsed="0.858787"/>
</kw>
<kw name="Capture Page Screenshot" owner="SeleniumLibrary">
<msg time="2025-04-22T05:42:19.841955" level="INFO" html="true">&lt;/td&gt;&lt;/tr&gt;&lt;tr&gt;&lt;td colspan="3"&gt;&lt;a href="Screenshots/Request/LeaveRequest/StartDate/StartDate3.png"&gt;&lt;img src="Screenshots/Request/LeaveRequest/StartDate/StartDate3.png" width="800px"&gt;&lt;/a&gt;</msg>
<arg>${filename}</arg>
<doc>Takes a screenshot of the current page and embeds it into a log file.</doc>
<status status="PASS" start="2025-04-22T05:42:19.546287" elapsed="0.295991"/>
</kw>
<kw name="Click Element" owner="SeleniumLibrary">
<msg time="2025-04-22T05:42:19.843693" level="INFO">Clicking element 'xpath=//*[@id="root"]/div/div/div[1]/nav/div/div/div[2]/div[4]/a'.</msg>
<arg>${locator}</arg>
<doc>Click the element identified by ``locator``.</doc>
<status status="PASS" start="2025-04-22T05:42:19.842868" elapsed="0.690279"/>
</kw>
<arg>xpath=//*[@id="root"]/div/div/div[1]/nav/div/div/div[2]/div[4]/a</arg>
<arg>StartDate3.png</arg>
<status status="PASS" start="2025-04-22T05:42:18.686331" elapsed="1.847072"/>
</kw>
<kw name="Click And Capture" owner="KeyWord">
<kw name="Wait Until Element Is Visible" owner="SeleniumLibrary">
<arg>${locator}</arg>
<arg>timeout=10s</arg>
<doc>Waits until the element ``locator`` is visible.</doc>
<status status="PASS" start="2025-04-22T05:42:20.534304" elapsed="0.430749"/>
</kw>
<kw name="Capture Page Screenshot" owner="SeleniumLibrary">
<msg time="2025-04-22T05:42:21.246467" level="INFO" html="true">&lt;/td&gt;&lt;/tr&gt;&lt;tr&gt;&lt;td colspan="3"&gt;&lt;a href="Screenshots/Request/LeaveRequest/StartDate/StartDate4.png"&gt;&lt;img src="Screenshots/Request/LeaveRequest/StartDate/StartDate4.png" width="800px"&gt;&lt;/a&gt;</msg>
<arg>${filename}</arg>
<doc>Takes a screenshot of the current page and embeds it into a log file.</doc>
<status status="PASS" start="2025-04-22T05:42:20.965549" elapsed="0.281137"/>
</kw>
<kw name="Click Element" owner="SeleniumLibrary">
<msg time="2025-04-22T05:42:21.247434" level="INFO">Clicking element 'xpath=//*[@id="formType"]'.</msg>
<arg>${locator}</arg>
<doc>Click the element identified by ``locator``.</doc>
<status status="PASS" start="2025-04-22T05:42:21.247024" elapsed="0.536700"/>
</kw>
<arg>xpath=//*[@id="formType"]</arg>
<arg>StartDate4.png</arg>
<status status="PASS" start="2025-04-22T05:42:20.533762" elapsed="1.250215"/>
</kw>
<kw name="Click And Capture" owner="KeyWord">
<kw name="Wait Until Element Is Visible" owner="SeleniumLibrary">
<arg>${locator}</arg>
<arg>timeout=10s</arg>
<doc>Waits until the element ``locator`` is visible.</doc>
<status status="PASS" start="2025-04-22T05:42:21.784825" elapsed="0.433329"/>
</kw>
<kw name="Capture Page Screenshot" owner="SeleniumLibrary">
<msg time="2025-04-22T05:42:22.494601" level="INFO" html="true">&lt;/td&gt;&lt;/tr&gt;&lt;tr&gt;&lt;td colspan="3"&gt;&lt;a href="Screenshots/Request/LeaveRequest/StartDate/StartDate5.png"&gt;&lt;img src="Screenshots/Request/LeaveRequest/StartDate/StartDate5.png" width="800px"&gt;&lt;/a&gt;</msg>
<arg>${filename}</arg>
<doc>Takes a screenshot of the current page and embeds it into a log file.</doc>
<status status="PASS" start="2025-04-22T05:42:22.218669" elapsed="0.276217"/>
</kw>
<kw name="Click Element" owner="SeleniumLibrary">
<msg time="2025-04-22T05:42:22.495778" level="INFO">Clicking element 'xpath=//*[@id="formType"]/option[2]'.</msg>
<arg>${locator}</arg>
<doc>Click the element identified by ``locator``.</doc>
<status status="PASS" start="2025-04-22T05:42:22.495340" elapsed="0.482472"/>
</kw>
<arg>xpath=//*[@id="formType"]/option[2]</arg>
<arg>StartDate5.png</arg>
<status status="PASS" start="2025-04-22T05:42:21.784302" elapsed="1.193770"/>
</kw>
<kw name="Click And Capture" owner="KeyWord">
<kw name="Wait Until Element Is Visible" owner="SeleniumLibrary">
<arg>${locator}</arg>
<arg>timeout=10s</arg>
<doc>Waits until the element ``locator`` is visible.</doc>
<status status="PASS" start="2025-04-22T05:42:22.979004" elapsed="0.452268"/>
</kw>
<kw name="Capture Page Screenshot" owner="SeleniumLibrary">
<msg time="2025-04-22T05:42:23.716539" level="INFO" html="true">&lt;/td&gt;&lt;/tr&gt;&lt;tr&gt;&lt;td colspan="3"&gt;&lt;a href="Screenshots/Request/LeaveRequest/StartDate/StartDate6.png"&gt;&lt;img src="Screenshots/Request/LeaveRequest/StartDate/StartDate6.png" width="800px"&gt;&lt;/a&gt;</msg>
<arg>${filename}</arg>
<doc>Takes a screenshot of the current page and embeds it into a log file.</doc>
<status status="PASS" start="2025-04-22T05:42:23.431987" elapsed="0.284792"/>
</kw>
<kw name="Click Element" owner="SeleniumLibrary">
<msg time="2025-04-22T05:42:23.717563" level="INFO">Clicking element 'xpath=//*[@id="root"]/div/div/div[2]/div/form/div/select'.</msg>
<arg>${locator}</arg>
<doc>Click the element identified by ``locator``.</doc>
<status status="PASS" start="2025-04-22T05:42:23.717116" elapsed="0.602737"/>
</kw>
<arg>xpath=//*[@id="root"]/div/div/div[2]/div/form/div/select</arg>
<arg>StartDate6.png</arg>
<status status="PASS" start="2025-04-22T05:42:22.978438" elapsed="1.341728"/>
</kw>
<kw name="Click And Capture" owner="KeyWord">
<kw name="Wait Until Element Is Visible" owner="SeleniumLibrary">
<arg>${locator}</arg>
<arg>timeout=10s</arg>
<doc>Waits until the element ``locator`` is visible.</doc>
<status status="PASS" start="2025-04-22T05:42:24.321920" elapsed="0.446166"/>
</kw>
<kw name="Capture Page Screenshot" owner="SeleniumLibrary">
<msg time="2025-04-22T05:42:25.058036" level="INFO" html="true">&lt;/td&gt;&lt;/tr&gt;&lt;tr&gt;&lt;td colspan="3"&gt;&lt;a href="Screenshots/Request/LeaveRequest/StartDate/StartDate7.png"&gt;&lt;img src="Screenshots/Request/LeaveRequest/StartDate/StartDate7.png" width="800px"&gt;&lt;/a&gt;</msg>
<arg>${filename}</arg>
<doc>Takes a screenshot of the current page and embeds it into a log file.</doc>
<status status="PASS" start="2025-04-22T05:42:24.768638" elapsed="0.289604"/>
</kw>
<kw name="Click Element" owner="SeleniumLibrary">
<msg time="2025-04-22T05:42:25.058896" level="INFO">Clicking element 'xpath=//*[@id="root"]/div/div/div[2]/div/form/div/select/option[2]'.</msg>
<arg>${locator}</arg>
<doc>Click the element identified by ``locator``.</doc>
<status status="PASS" start="2025-04-22T05:42:25.058544" elapsed="0.469268"/>
</kw>
<arg>xpath=//*[@id="root"]/div/div/div[2]/div/form/div/select/option[2]</arg>
<arg>StartDate7.png</arg>
<status status="PASS" start="2025-04-22T05:42:24.320622" elapsed="1.207410"/>
</kw>
<kw name="Click And Capture" owner="KeyWord">
<kw name="Wait Until Element Is Visible" owner="SeleniumLibrary">
<arg>${locator}</arg>
<arg>timeout=10s</arg>
<doc>Waits until the element ``locator`` is visible.</doc>
<status status="PASS" start="2025-04-22T05:42:25.528894" elapsed="0.433100"/>
</kw>
<kw name="Capture Page Screenshot" owner="SeleniumLibrary">
<msg time="2025-04-22T05:42:26.248143" level="INFO" html="true">&lt;/td&gt;&lt;/tr&gt;&lt;tr&gt;&lt;td colspan="3"&gt;&lt;a href="Screenshots/Request/LeaveRequest/StartDate/StartDate8.png"&gt;&lt;img src="Screenshots/Request/LeaveRequest/StartDate/StartDate8.png" width="800px"&gt;&lt;/a&gt;</msg>
<arg>${filename}</arg>
<doc>Takes a screenshot of the current page and embeds it into a log file.</doc>
<status status="PASS" start="2025-04-22T05:42:25.962456" elapsed="0.285982"/>
</kw>
<kw name="Click Element" owner="SeleniumLibrary">
<msg time="2025-04-22T05:42:26.249512" level="INFO">Clicking element 'xpath=//*[@id="root"]/div/div/div[2]/div/form/div/input[2]'.</msg>
<arg>${locator}</arg>
<doc>Click the element identified by ``locator``.</doc>
<status status="PASS" start="2025-04-22T05:42:26.248896" elapsed="0.566566"/>
</kw>
<arg>xpath=//*[@id="root"]/div/div/div[2]/div/form/div/input[2]</arg>
<arg>StartDate8.png</arg>
<status status="PASS" start="2025-04-22T05:42:25.528356" elapsed="1.287440"/>
</kw>
<kw name="Input Text" owner="SeleniumLibrary">
<msg time="2025-04-22T05:42:26.816604" level="INFO">Typing text '04/20/2025' into text field 'xpath=//*[@id="root"]/div/div/div[2]/div/form/div/input[2]'.</msg>
<arg>xpath=//*[@id="root"]/div/div/div[2]/div/form/div/input[2]</arg>
<arg>04/20/2025</arg>
<doc>Types the given ``text`` into the text field identified by ``locator``.</doc>
<status status="PASS" start="2025-04-22T05:42:26.816164" elapsed="0.790588"/>
</kw>
<kw name="Click And Capture" owner="KeyWord">
<kw name="Wait Until Element Is Visible" owner="SeleniumLibrary">
<arg>${locator}</arg>
<arg>timeout=10s</arg>
<doc>Waits until the element ``locator`` is visible.</doc>
<status status="PASS" start="2025-04-22T05:42:27.607790" elapsed="0.434027"/>
</kw>
<kw name="Capture Page Screenshot" owner="SeleniumLibrary">
<msg time="2025-04-22T05:42:28.306038" level="INFO" html="true">&lt;/td&gt;&lt;/tr&gt;&lt;tr&gt;&lt;td colspan="3"&gt;&lt;a href="Screenshots/Request/LeaveRequest/StartDate/StartDate9.png"&gt;&lt;img src="Screenshots/Request/LeaveRequest/StartDate/StartDate9.png" width="800px"&gt;&lt;/a&gt;</msg>
<arg>${filename}</arg>
<doc>Takes a screenshot of the current page and embeds it into a log file.</doc>
<status status="PASS" start="2025-04-22T05:42:28.042210" elapsed="0.264031"/>
</kw>
<kw name="Click Element" owner="SeleniumLibrary">
<msg time="2025-04-22T05:42:28.306908" level="INFO">Clicking element 'xpath=//*[@id="root"]/div/div/div[2]/div/form/div/input[3]'.</msg>
<arg>${locator}</arg>
<doc>Click the element identified by ``locator``.</doc>
<status status="PASS" start="2025-04-22T05:42:28.306548" elapsed="0.525595"/>
</kw>
<arg>xpath=//*[@id="root"]/div/div/div[2]/div/form/div/input[3]</arg>
<arg>StartDate9.png</arg>
<status status="PASS" start="2025-04-22T05:42:27.607186" elapsed="1.225255"/>
</kw>
<kw name="Input Text" owner="SeleniumLibrary">
<msg time="2025-04-22T05:42:28.833221" level="INFO">Typing text 'จะนอนนนนนนนนนนนนนนน' into text field 'xpath=//*[@id="root"]/div/div/div[2]/div/form/div/input[3]'.</msg>
<arg>xpath=//*[@id="root"]/div/div/div[2]/div/form/div/input[3]</arg>
<arg>จะนอนนนนนนนนนนนนนนน</arg>
<doc>Types the given ``text`` into the text field identified by ``locator``.</doc>
<status status="PASS" start="2025-04-22T05:42:28.832790" elapsed="0.868623"/>
</kw>
<kw name="Click And Capture" owner="KeyWord">
<kw name="Wait Until Element Is Visible" owner="SeleniumLibrary">
<arg>${locator}</arg>
<arg>timeout=10s</arg>
<doc>Waits until the element ``locator`` is visible.</doc>
<status status="PASS" start="2025-04-22T05:42:29.703129" elapsed="0.429825"/>
</kw>
<kw name="Capture Page Screenshot" owner="SeleniumLibrary">
<msg time="2025-04-22T05:42:30.405695" level="INFO" html="true">&lt;/td&gt;&lt;/tr&gt;&lt;tr&gt;&lt;td colspan="3"&gt;&lt;a href="Screenshots/Request/LeaveRequest/StartDate/StartDate10.png"&gt;&lt;img src="Screenshots/Request/LeaveRequest/StartDate/StartDate10.png" width="800px"&gt;&lt;/a&gt;</msg>
<arg>${filename}</arg>
<doc>Takes a screenshot of the current page and embeds it into a log file.</doc>
<status status="PASS" start="2025-04-22T05:42:30.133486" elapsed="0.272438"/>
</kw>
<kw name="Click Element" owner="SeleniumLibrary">
<msg time="2025-04-22T05:42:30.406712" level="INFO">Clicking element 'xpath=//*[@id="root"]/div/div/div[2]/div/form/button'.</msg>
<arg>${locator}</arg>
<doc>Click the element identified by ``locator``.</doc>
<status status="PASS" start="2025-04-22T05:42:30.406287" elapsed="0.552210"/>
</kw>
[...]
</kw>
<kw name="Click Element" owner="SeleniumLibrary">
<msg time="2025-04-22T05:44:00.971794" level="INFO">Clicking element 'xpath=//*[@id="root"]/div/div/div[2]/div[2]/div[3]/input'.</msg>
<arg>${locator}</arg>
<doc>Click the element identified by ``locator``.</doc>
<status status="PASS" start="2025-04-22T05:44:00.971087" elapsed="0.524684"/>
</kw>
<arg>xpath=//*[@id="root"]/div/div/div[2]/div[2]/div[3]/input</arg>
<arg>NewPasswordEmpty6.png</arg>
<status status="PASS" start="2025-04-22T05:44:00.252122" elapsed="1.243865"/>
</kw>
<kw name="Input Password" owner="SeleniumLibrary">
<msg time="2025-04-22T05:44:01.496583" level="INFO">Typing password into text field 'xpath=//*[@id="root"]/div/div/div[2]/div[2]/div[3]/input'.</msg>
<msg time="2025-04-22T05:44:01.958552" level="INFO">Temporally setting log level to: NONE</msg>
<arg>xpath=//*[@id="root"]/div/div/div[2]/div[2]/div[3]/input</arg>
<arg>1234567</arg>
<doc>Types the given password into the text field identified by ``locator``.</doc>
<status status="PASS" start="2025-04-22T05:44:01.496245" elapsed="0.743000"/>
</kw>
<kw name="Click And Capture" owner="KeyWord">
<kw name="Wait Until Element Is Visible" owner="SeleniumLibrary">
<arg>${locator}</arg>
<arg>timeout=10s</arg>
<doc>Waits until the element ``locator`` is visible.</doc>
<status status="PASS" start="2025-04-22T05:44:02.240702" elapsed="0.432541"/>
</kw>
<kw name="Capture Page Screenshot" owner="SeleniumLibrary">
<msg time="2025-04-22T05:44:02.969195" level="INFO" html="true">&lt;/td&gt;&lt;/tr&gt;&lt;tr&gt;&lt;td colspan="3"&gt;&lt;a href="Screenshots/Settings/NewPasswordEmpty/NewPasswordEmpty7.png"&gt;&lt;img src="Screenshots/Settings/NewPasswordEmpty/NewPasswordEmpty7.png" width="800px"&gt;&lt;/a&gt;</msg>
<arg>${filename}</arg>
<doc>Takes a screenshot of the current page and embeds it into a log file.</doc>
<status status="PASS" start="2025-04-22T05:44:02.673758" elapsed="0.296098"/>
</kw>
<kw name="Click Element" owner="SeleniumLibrary">
<msg time="2025-04-22T05:44:02.971276" level="INFO">Clicking element 'xpath=//*[@id="root"]/div/div/div[2]/div[2]/div[4]/button'.</msg>
<arg>${locator}</arg>
<doc>Click the element identified by ``locator``.</doc>
<status status="PASS" start="2025-04-22T05:44:02.970660" elapsed="0.518462"/>
</kw>
<arg>xpath=//*[@id="root"]/div/div/div[2]/div[2]/div[4]/button</arg>
<arg>NewPasswordEmpty7.png</arg>
<status status="PASS" start="2025-04-22T05:44:02.239867" elapsed="1.249511"/>
</kw>
<kw name="Wait Until Element Is Visible" owner="SeleniumLibrary">
<arg>xpath=/html/body/div[2]/div</arg>
<arg>timeout=5s</arg>
<doc>Waits until the element ``locator`` is visible.</doc>
<status status="PASS" start="2025-04-22T05:44:03.489722" elapsed="0.447147"/>
</kw>
<kw name="Element Should Contain" owner="SeleniumLibrary">
<msg time="2025-04-22T05:44:04.372684" level="INFO">Element 'xpath=/html/body/div[2]/div' contains text 'Failed to update password.'.</msg>
<arg>xpath=/html/body/div[2]/div</arg>
<arg>Failed to update password.</arg>
<doc>Verifies that element ``locator`` contains text ``expected``.</doc>
<status status="PASS" start="2025-04-22T05:44:03.937216" elapsed="0.435754"/>
</kw>
<kw name="Element Should Contain" owner="SeleniumLibrary">
<msg time="2025-04-22T05:44:04.818548" level="INFO">Element 'xpath=/html/body/div[2]/div' contains text 'รหัสผ่านใหม่ต้องมีความยาวอย่างน้อย 6 ตัวอักษร'.</msg>
<arg>xpath=/html/body/div[2]/div</arg>
<arg>รหัสผ่านใหม่ต้องมีความยาวอย่างน้อย 6 ตัวอักษร</arg>
<doc>Verifies that element ``locator`` contains text ``expected``.</doc>
<status status="PASS" start="2025-04-22T05:44:04.373387" elapsed="0.445409"/>
</kw>
<kw name="Capture Page Screenshot" owner="SeleniumLibrary">
<msg time="2025-04-22T05:44:05.132180" level="INFO" html="true">&lt;/td&gt;&lt;/tr&gt;&lt;tr&gt;&lt;td colspan="3"&gt;&lt;a href="Screenshots/Settings/NewPasswordEmpty/NewPasswordEmpty8.png"&gt;&lt;img src="Screenshots/Settings/NewPasswordEmpty/NewPasswordEmpty8.png" width="800px"&gt;&lt;/a&gt;</msg>
<arg>NewPasswordEmpty8.png</arg>
<doc>Takes a screenshot of the current page and embeds it into a log file.</doc>
<status status="PASS" start="2025-04-22T05:44:04.819216" elapsed="0.313195"/>
</kw>
<kw name="Sleep" owner="BuiltIn">
<msg time="2025-04-22T05:44:10.133371" level="INFO">Slept 5 seconds.</msg>
<arg>5s</arg>
<doc>Pauses the test executed for the given time.</doc>
<status status="PASS" start="2025-04-22T05:44:05.132755" elapsed="5.000895"/>
</kw>
<doc>Test case for setting page when new password not filled</doc>
<tag>NewPasswordEmpty</tag>
<status status="PASS" start="2025-04-22T05:43:50.416236" elapsed="19.717968"/>
</test>
<test id="s1-t14" name="Test Case For Setting Page When Confirm Password Empty" line="396">
<kw name="Set Screenshot Directory" owner="SeleniumLibrary">
<arg>${EXECDIR}/results/Screenshots/Settings/ConfirmPasswordEmpty</arg>
<doc>Sets the directory for captured screenshots.</doc>
<status status="PASS" start="2025-04-22T05:44:10.135809" elapsed="0.000709"/>
</kw>
<kw name="Go To" owner="SeleniumLibrary">
<msg time="2025-04-22T05:44:10.137139" level="INFO">Opening url 'http://localhost:5173/'</msg>
<arg>${BASE_URL}</arg>
<doc>Navigates the current browser window to the provided ``url``.</doc>
<status status="PASS" start="2025-04-22T05:44:10.136833" elapsed="0.371379"/>
</kw>
<kw name="Click And Capture" owner="KeyWord">
<kw name="Wait Until Element Is Visible" owner="SeleniumLibrary">
<arg>${locator}</arg>
<arg>timeout=10s</arg>
<doc>Waits until the element ``locator`` is visible.</doc>
<status status="PASS" start="2025-04-22T05:44:10.509702" elapsed="0.430761"/>
</kw>
<kw name="Capture Page Screenshot" owner="SeleniumLibrary">
<msg time="2025-04-22T05:44:11.227114" level="INFO" html="true">&lt;/td&gt;&lt;/tr&gt;&lt;tr&gt;&lt;td colspan="3"&gt;&lt;a href="Screenshots/Settings/ConfirmPasswordEmpty/ConfirmPasswordEmpty1.png"&gt;&lt;img src="Screenshots/Settings/ConfirmPasswordEmpty/ConfirmPasswordEmpty1.png" width="800px"&gt;&lt;/a&gt;</msg>
<arg>${filename}</arg>
<doc>Takes a screenshot of the current page and embeds it into a log file.</doc>
<status status="PASS" start="2025-04-22T05:44:10.941222" elapsed="0.286075"/>
</kw>
<kw name="Click Element" owner="SeleniumLibrary">
<msg time="2025-04-22T05:44:11.228012" level="INFO">Clicking element 'xpath=//*[@id="root"]/div/div/div/div/div[1]'.</msg>
<arg>${locator}</arg>
<doc>Click the element identified by ``locator``.</doc>
<status status="PASS" start="2025-04-22T05:44:11.227614" elapsed="0.535412"/>
</kw>
<arg>xpath=//*[@id="root"]/div/div/div/div/div[1]</arg>
<arg>ConfirmPasswordEmpty1.png</arg>
<status status="PASS" start="2025-04-22T05:44:10.508809" elapsed="1.254472"/>
</kw>
<kw name="Input Text" owner="SeleniumLibrary">
<msg time="2025-04-22T05:44:11.763942" level="INFO">Typing text '20240008' into text field 'xpath=//*[@id="root"]/div/div/div/div[2]/form/div[1]/div/input'.</msg>
<arg>xpath=//*[@id="root"]/div/div/div/div[2]/form/div[1]/div/input</arg>
<arg>20240008</arg>
<doc>Types the given ``text`` into the text field identified by ``locator``.</doc>
<status status="PASS" start="2025-04-22T05:44:11.763580" elapsed="0.796053"/>
</kw>
<kw name="Input Password" owner="SeleniumLibrary">
<msg time="2025-04-22T05:44:12.560504" level="INFO">Typing password into text field 'xpath=//*[@id="root"]/div/div/div/div[2]/form/div[2]/div/input'.</msg>
<msg time="2025-04-22T05:44:13.023580" level="INFO">Temporally setting log level to: NONE</msg>
<arg>xpath=//*[@id="root"]/div/div/div/div[2]/form/div[2]/div/input</arg>
<arg>123456</arg>
<doc>Types the given password into the text field identified by ``locator``.</doc>
<status status="PASS" start="2025-04-22T05:44:12.560063" elapsed="0.764896"/>
</kw>
<kw name="Click And Capture" owner="KeyWord">
<kw name="Wait Until Element Is Visible" owner="SeleniumLibrary">
<arg>${locator}</arg>
<arg>timeout=10s</arg>
<doc>Waits until the element ``locator`` is visible.</doc>
<status status="PASS" start="2025-04-22T05:44:13.326339" elapsed="0.431899"/>
</kw>
<kw name="Capture Page Screenshot" owner="SeleniumLibrary">
<msg time="2025-04-22T05:44:14.228602" level="INFO" html="true">&lt;/td&gt;&lt;/tr&gt;&lt;tr&gt;&lt;td colspan="3"&gt;&lt;a href="Screenshots/Settings/ConfirmPasswordEmpty/ConfirmPasswordEmpty2.png"&gt;&lt;img src="Screenshots/Settings/ConfirmPasswordEmpty/ConfirmPasswordEmpty2.png" width="800px"&gt;&lt;/a&gt;</msg>
<arg>${filename}</arg>
<doc>Takes a screenshot of the current page and embeds it into a log file.</doc>
<status status="PASS" start="2025-04-22T05:44:13.758746" elapsed="0.470143"/>
</kw>
<kw name="Click Element" owner="SeleniumLibrary">
<msg time="2025-04-22T05:44:14.229952" level="INFO">Clicking element 'xpath=//*[@id="root"]/div/div/div/div[2]/form/button'.</msg>
<arg>${locator}</arg>
<doc>Click the element identified by ``locator``.</doc>
<status status="PASS" start="2025-04-22T05:44:14.229345" elapsed="0.575871"/>
</kw>
<arg>xpath=//*[@id="root"]/div/div/div/div[2]/form/button</arg>
<arg>ConfirmPasswordEmpty2.png</arg>
<status status="PASS" start="2025-04-22T05:44:13.325617" elapsed="1.480076"/>
</kw>
<kw name="Click And Capture" owner="KeyWord">
<kw name="Wait Until Element Is Visible" owner="SeleniumLibrary">
<arg>${locator}</arg>
<arg>timeout=10s</arg>
<doc>Waits until the element ``locator`` is visible.</doc>
<status status="PASS" start="2025-04-22T05:44:14.807651" elapsed="0.881573"/>
</kw>
<kw name="Capture Page Screenshot" owner="SeleniumLibrary">
<msg time="2025-04-22T05:44:15.993963" level="INFO" html="true">&lt;/td&gt;&lt;/tr&gt;&lt;tr&gt;&lt;td colspan="3"&gt;&lt;a href="Screenshots/Settings/ConfirmPasswordEmpty/ConfirmPasswordEmpty3.png"&gt;&lt;img src="Screenshots/Settings/ConfirmPasswordEmpty/ConfirmPasswordEmpty3.png" width="800px"&gt;&lt;/a&gt;</msg>
<arg>${filename}</arg>
<doc>Takes a screenshot of the current page and embeds it into a log file.</doc>
<status status="PASS" start="2025-04-22T05:44:15.689781" elapsed="0.304376"/>
</kw>
<kw name="Click Element" owner="SeleniumLibrary">
<msg time="2025-04-22T05:44:15.994995" level="INFO">Clicking element 'xpath=/html/body/div/div/div/div[1]/nav/div/div/div[3]/div/div[1]/button'.</msg>
<arg>${locator}</arg>
<doc>Click the element identified by ``locator``.</doc>
<status status="PASS" start="2025-04-22T05:44:15.994526" elapsed="0.536794"/>
</kw>
<arg>xpath=/html/body/div/div/div/div[1]/nav/div/div/div[3]/div/div[1]/button</arg>
<arg>ConfirmPasswordEmpty3.png</arg>
<status status="PASS" start="2025-04-22T05:44:14.806572" elapsed="1.725779"/>
</kw>
<kw name="Click And Capture" owner="KeyWord">
<kw name="Wait Until Element Is Visible" owner="SeleniumLibrary">
<arg>${locator}</arg>
<arg>timeout=10s</arg>
<doc>Waits until the element ``locator`` is visible.</doc>
<status status="PASS" start="2025-04-22T05:44:16.540914" elapsed="0.476236"/>
</kw>
<kw name="Capture Page Screenshot" owner="SeleniumLibrary">
<msg time="2025-04-22T05:44:17.304268" level="INFO" html="true">&lt;/td&gt;&lt;/tr&gt;&lt;tr&gt;&lt;td colspan="3"&gt;&lt;a href="Screenshots/Settings/ConfirmPasswordEmpty/ConfirmPasswordEmpty4.png"&gt;&lt;img src="Screenshots/Settings/ConfirmPasswordEmpty/ConfirmPasswordEmpty4.png" width="800px"&gt;&lt;/a&gt;</msg>
<arg>${filename}</arg>
<doc>Takes a screenshot of the current page and embeds it into a log file.</doc>
<status status="PASS" start="2025-04-22T05:44:17.017564" elapsed="0.286899"/>
</kw>
<kw name="Click Element" owner="SeleniumLibrary">
<msg time="2025-04-22T05:44:17.305094" level="INFO">Clicking element 'xpath=/html/body/div/div/div/div[1]/nav/div/div/div[3]/div/div[2]/a[2]'.</msg>
<arg>${locator}</arg>
<doc>Click the element identified by ``locator``.</doc>
<status status="PASS" start="2025-04-22T05:44:17.304742" elapsed="0.729438"/>
</kw>
<arg>xpath=/html/body/div/div/div/div[1]/nav/div/div/div[3]/div/div[2]/a[2]</arg>
<arg>ConfirmPasswordEmpty4.png</arg>
<status status="PASS" start="2025-04-22T05:44:16.535768" elapsed="1.498812"/>
</kw>
<kw name="Click And Capture" owner="KeyWord">
<kw name="Wait Until Element Is Visible" owner="SeleniumLibrary">
<arg>${locator}</arg>
<arg>timeout=10s</arg>
<doc>Waits until the element ``locator`` is visible.</doc>
<status status="PASS" start="2025-04-22T05:44:18.037457" elapsed="0.438402"/>
</kw>
<kw name="Capture Page Screenshot" owner="SeleniumLibrary">
<msg time="2025-04-22T05:44:18.753085" level="INFO" html="true">&lt;/td&gt;&lt;/tr&gt;&lt;tr&gt;&lt;td colspan="3"&gt;&lt;a href="Screenshots/Settings/ConfirmPasswordEmpty/ConfirmPasswordEmpty5.png"&gt;&lt;img src="Screenshots/Settings/ConfirmPasswordEmpty/ConfirmPasswordEmpty5.png" width="800px"&gt;&lt;/a&gt;</msg>
<arg>${filename}</arg>
<doc>Takes a screenshot of the current page and embeds it into a log file.</doc>
<status status="PASS" start="2025-04-22T05:44:18.476247" elapsed="0.277258"/>
</kw>
<kw name="Click Element" owner="SeleniumLibrary">
<msg time="2025-04-22T05:44:18.754310" level="INFO">Clicking element 'xpath=//*[@id="root"]/div/div/div[2]/div[2]/div[1]/input'.</msg>
<arg>${locator}</arg>
<doc>Click the element identified by ``locator``.</doc>
<status status="PASS" start="2025-04-22T05:44:18.753894" elapsed="0.538048"/>
</kw>
<arg>xpath=//*[@id="root"]/div/div/div[2]/div[2]/div[1]/input</arg>
<arg>ConfirmPasswordEmpty5.png</arg>
<status status="PASS" start="2025-04-22T05:44:18.036151" elapsed="1.256080"/>
</kw>
<kw name="Input Password" owner="SeleniumLibrary">
<msg time="2025-04-22T05:44:19.292928" level="INFO">Typing password into text field 'xpath=//*[@id="root"]/div/div/div[2]/div[2]/div[1]/input'.</msg>
<msg time="2025-04-22T05:44:19.764066" level="INFO">Temporally setting log level to: NONE</msg>
<arg>xpath=//*[@id="root"]/div/div/div[2]/div[2]/div[1]/input</arg>
<arg>123456</arg>
<doc>Types the given password into the text field identified by ``locator``.</doc>
<status status="PASS" start="2025-04-22T05:44:19.292542" elapsed="0.791333"/>
</kw>
<kw name="Click And Capture" owner="KeyWord">
<kw name="Wait Until Element Is Visible" owner="SeleniumLibrary">
<arg>${locator}</arg>
<arg>timeout=10s</arg>
<doc>Waits until the element ``locator`` is visible.</doc>
<status status="PASS" start="2025-04-22T05:44:20.086581" elapsed="0.437837"/>
</kw>
<kw name="Capture Page Screenshot" owner="SeleniumLibrary">
<msg time="2025-04-22T05:44:20.811166" level="INFO" html="true">&lt;/td&gt;&lt;/tr&gt;&lt;tr&gt;&lt;td colspan="3"&gt;&lt;a href="Screenshots/Settings/ConfirmPasswordEmpty/ConfirmPasswordEmpty6.png"&gt;&lt;img src="Screenshots/Settings/ConfirmPasswordEmpty/ConfirmPasswordEmpty6.png" width="800px"&gt;&lt;/a&gt;</msg>
<arg>${filename}</arg>
<doc>Takes a screenshot of the current page and embeds it into a log file.</doc>
<status status="PASS" start="2025-04-22T05:44:20.524819" elapsed="0.286641"/>
</kw>
<kw name="Click Element" owner="SeleniumLibrary">
<msg time="2025-04-22T05:44:20.812519" level="INFO">Clicking element 'xpath=//*[@id="root"]/div/div/div[2]/div[2]/div[2]/input'.</msg>
<arg>${locator}</arg>
<doc>Click the element identified by ``locator``.</doc>
<status status="PASS" start="2025-04-22T05:44:20.811913" elapsed="0.537915"/>
</kw>
<arg>xpath=//*[@id="root"]/div/div/div[2]/div[2]/div[2]/input</arg>
<arg>ConfirmPasswordEmpty6.png</arg>
<status status="PASS" start="2025-04-22T05:44:20.085099" elapsed="1.265341"/>
</kw>
<kw name="Input Password" owner="SeleniumLibrary">
<msg time="2025-04-22T05:44:21.351507" level="INFO">Typing password into text field 'xpath=//*[@id="root"]/div/div/div[2]/div[2]/div[2]/input'.</msg>
<msg time="2025-04-22T05:44:21.818070" level="INFO">Temporally setting log level to: NONE</msg>
<arg>xpath=//*[@id="root"]/div/div/div[2]/div[2]/div[2]/input</arg>
<arg>1234567</arg>
<doc>Types the given password into the text field identified by ``locator``.</doc>
<status status="PASS" start="2025-04-22T05:44:21.350975" elapsed="0.762109"/>
</kw>
<kw name="Click And Capture" owner="KeyWord">
<kw name="Wait Until Element Is Visible" owner="SeleniumLibrary">
<arg>${locator}</arg>
<arg>timeout=10s</arg>
<doc>Waits until the element ``locator`` is visible.</doc>
<status status="PASS" start="2025-04-22T05:44:22.114477" elapsed="0.431980"/>
</kw>
<kw name="Capture Page Screenshot" owner="SeleniumLibrary">
<msg time="2025-04-22T05:44:22.828099" level="INFO" html="true">&lt;/td&gt;&lt;/tr&gt;&lt;tr&gt;&lt;td colspan="3"&gt;&lt;a href="Screenshots/Settings/ConfirmPasswordEmpty/ConfirmPasswordEmpty7.png"&gt;&lt;img src="Screenshots/Settings/ConfirmPasswordEmpty/ConfirmPasswordEmpty7.png" width="800px"&gt;&lt;/a&gt;</msg>
<arg>${filename}</arg>
<doc>Takes a screenshot of the current page and embeds it into a log file.</doc>
<status status="PASS" start="2025-04-22T05:44:22.546901" elapsed="0.281422"/>
</kw>
<kw name="Click Element" owner="SeleniumLibrary">
<msg time="2025-04-22T05:44:22.828991" level="INFO">Clicking element 'xpath=//*[@id="root"]/div/div/div[2]/div[2]/div[4]/button'.</msg>
<arg>${locator}</arg>
<doc>Click the element identified by ``locator``.</doc>
<status status="PASS" start="2025-04-22T05:44:22.828625" elapsed="0.511242"/>
</kw>
<arg>xpath=//*[@id="root"]/div/div/div[2]/div[2]/div[4]/button</arg>
<arg>ConfirmPasswordEmpty7.png</arg>
<status status="PASS" start="2025-04-22T05:44:22.113597" elapsed="1.226492"/>
</kw>
<kw name="Wait Until Element Is Visible" owner="SeleniumLibrary">
<arg>xpath=/html/body/div[2]/div</arg>
<arg>timeout=5s</arg>
<doc>Waits until the element ``locator`` is visible.</doc>
<status status="PASS" start="2025-04-22T05:44:23.340352" elapsed="0.435741"/>
</kw>
<kw name="Element Should Contain" owner="SeleniumLibrary">
<msg time="2025-04-22T05:44:24.214587" level="INFO">Element 'xpath=/html/body/div[2]/div' contains text 'Failed to update password.'.</msg>
<arg>xpath=/html/body/div[2]/div</arg>
<arg>Failed to update password.</arg>
<doc>Verifies that element ``locator`` contains text ``expected``.</doc>
<status status="PASS" start="2025-04-22T05:44:23.776484" elapsed="0.438416"/>
</kw>
<kw name="Element Should Contain" owner="SeleniumLibrary">
<msg time="2025-04-22T05:44:24.651399" level="INFO">Element 'xpath=/html/body/div[2]/div' contains text 'รหัสผ่านใหม่และยืนยันรหัสผ่านไม่ตรงกัน'.</msg>
<arg>xpath=/html/body/div[2]/div</arg>
<arg>รหัสผ่านใหม่และยืนยันรหัสผ่านไม่ตรงกัน</arg>
<doc>Verifies that element ``locator`` contains text ``expected``.</doc>
<status status="PASS" start="2025-04-22T05:44:24.215376" elapsed="0.436365"/>
</kw>
<doc>Test case for setting page when confirm password not filled</doc>
<tag>ConfirmPasswordEmpty</tag>
<status status="PASS" start="2025-04-22T05:44:10.134686" elapsed="14.517516"/>
</test>
<kw name="Close Browser" owner="SeleniumLibrary" type="TEARDOWN">
<doc>Closes the current browser.</doc>
<status status="PASS" start="2025-04-22T05:44:24.653943" elapsed="2.992124"/>
</kw>
<status status="PASS" start="2025-04-22T05:40:57.712063" elapsed="209.934229"/>
</suite>
<statistics>
<total>
<stat pass="14" fail="0" skip="0">All Tests</stat>
</total>
<tag>
<stat pass="1" fail="0" skip="0">CheckinNegative</stat>
<stat pass="1" fail="0" skip="0">CheckoutNegative</stat>
<stat pass="1" fail="0" skip="0">ConfirmPasswordEmpty</stat>
<stat pass="1" fail="0" skip="0">EditAddress</stat>
<stat pass="1" fail="0" skip="0">EditPhoneNumber</stat>
<stat pass="1" fail="0" skip="0">LeaveRequestEndDate</stat>
<stat pass="1" fail="0" skip="0">LeaveRequestReason</stat>
<stat pass="1" fail="0" skip="0">LeaveRequestStartDate</stat>
<stat pass="1" fail="0" skip="0">LeaveRequestType</stat>
<stat pass="1" fail="0" skip="0">LoginNegative</stat>
<stat pass="1" fail="0" skip="0">NewPasswordEmpty</stat>
<stat pass="1" fail="0" skip="0">OldPasswordEmpty</stat>
<stat pass="1" fail="0" skip="0">WorkInfoDropdown</stat>
<stat pass="1" fail="0" skip="0">WorkInfoHours</stat>
</tag>
<suite>
<stat name="FrontEndNGT" id="s1" pass="14" fail="0" skip="0">FrontEndNGT</stat>
</suite>
</statistics>
<errors>
</errors>
</robot>
