<?xml version="1.0" encoding="UTF-8"?>
<robot generator="Robot 7.2.2 (Python 3.13.2 on win32)" generated="2025-04-17T23:58:57.160435" rpa="false" schemaversion="5">
<suite id="s1" name="FrontEndTest" source="C:\ProgramData\Jenkins\.jenkins\workspace\daily-contract-pipeline\tests\FrontEndTest.robot">
<kw name="Open Browser And Maximize" owner="KeyWord" type="SETUP">
<kw name="Open Browser" owner="SeleniumLibrary">
<msg time="2025-04-17T23:58:58.138590" level="INFO">Opening browser 'chrome' to base url 'http://localhost:5173/'.</msg>
<arg>${BASE_URL}</arg>
<arg>${BROWSER}</arg>
<doc>Opens a new browser instance to the optional ``url``.</doc>
<status status="PASS" start="2025-04-17T23:58:58.137881" elapsed="2.523507"/>
</kw>
<kw name="Maximize Browser Window" owner="SeleniumLibrary">
<doc>Maximizes current browser window.</doc>
<status status="PASS" start="2025-04-17T23:59:00.663904" elapsed="0.442676"/>
</kw>
<kw name="Set Selenium Speed" owner="SeleniumLibrary">
<arg>0.2s</arg>
<doc>Sets the delay that is waited after each Selenium command.</doc>
<status status="PASS" start="2025-04-17T23:59:01.106985" elapsed="0.001454"/>
</kw>
<status status="PASS" start="2025-04-17T23:58:58.135703" elapsed="2.972933"/>
</kw>
<test id="s1-t1" name="Test Login Employee" line="11">
<kw name="Set Screenshot Directory" owner="SeleniumLibrary">
<arg>${EXECDIR}/results/Screenshots/Login</arg>
<doc>Sets the directory for captured screenshots.</doc>
<status status="PASS" start="2025-04-17T23:59:01.109581" elapsed="0.000847"/>
</kw>
<kw name="Go To" owner="SeleniumLibrary">
<msg time="2025-04-17T23:59:01.110890" level="INFO">Opening url 'http://localhost:5173/'</msg>
<arg>${BASE_URL}</arg>
<doc>Navigates the current browser window to the provided ``url``.</doc>
<status status="PASS" start="2025-04-17T23:59:01.110674" elapsed="0.302982"/>
</kw>
<kw name="Click And Capture" owner="KeyWord">
<kw name="Wait Until Element Is Visible" owner="SeleniumLibrary">
<arg>${locator}</arg>
<arg>timeout=10s</arg>
<doc>Waits until the element ``locator`` is visible.</doc>
<status status="PASS" start="2025-04-17T23:59:01.415611" elapsed="0.463881"/>
</kw>
<kw name="Capture Page Screenshot" owner="SeleniumLibrary">
<msg time="2025-04-17T23:59:03.505651" level="INFO" html="true">&lt;/td&gt;&lt;/tr&gt;&lt;tr&gt;&lt;td colspan="3"&gt;&lt;a href="Screenshots/Login/Login1.png"&gt;&lt;img src="Screenshots/Login/Login1.png" width="800px"&gt;&lt;/a&gt;</msg>
<arg>${filename}</arg>
<doc>Takes a screenshot of the current page and embeds it into a log file.</doc>
<status status="PASS" start="2025-04-17T23:59:01.879981" elapsed="1.625797"/>
</kw>
<kw name="Click Element" owner="SeleniumLibrary">
<msg time="2025-04-17T23:59:03.506247" level="INFO">Clicking element 'xpath=//*[@id="root"]/div/div/div/div/div[1]'.</msg>
<arg>${locator}</arg>
<doc>Click the element identified by ``locator``.</doc>
<status status="PASS" start="2025-04-17T23:59:03.505981" elapsed="0.499350"/>
</kw>
<arg>xpath=//*[@id="root"]/div/div/div/div/div[1]</arg>
<arg>Login1.png</arg>
<status status="PASS" start="2025-04-17T23:59:01.414376" elapsed="2.591283"/>
</kw>
<kw name="Input Text" owner="SeleniumLibrary">
<msg time="2025-04-17T23:59:04.006364" level="INFO">Typing text '20240008' into text field 'xpath=//*[@id="root"]/div/div/div/div[2]/form/div[1]/div/input'.</msg>
<arg>xpath=//*[@id="root"]/div/div/div/div[2]/form/div[1]/div/input</arg>
<arg>20240008</arg>
<doc>Types the given ``text`` into the text field identified by ``locator``.</doc>
<status status="PASS" start="2025-04-17T23:59:04.005959" elapsed="0.754269"/>
</kw>
<kw name="Input Password" owner="SeleniumLibrary">
<msg time="2025-04-17T23:59:04.761248" level="INFO">Typing password into text field 'xpath=//*[@id="root"]/div/div/div/div[2]/form/div[2]/div/input'.</msg>
<msg time="2025-04-17T23:59:05.209511" level="INFO">Temporally setting log level to: NONE</msg>
<arg>xpath=//*[@id="root"]/div/div/div/div[2]/form/div[2]/div/input</arg>
<arg>123456</arg>
<doc>Types the given password into the text field identified by ``locator``.</doc>
<status status="PASS" start="2025-04-17T23:59:04.760732" elapsed="0.708624"/>
</kw>
<kw name="Click And Capture" owner="KeyWord">
<kw name="Wait Until Element Is Visible" owner="SeleniumLibrary">
<arg>${locator}</arg>
<arg>timeout=10s</arg>
<doc>Waits until the element ``locator`` is visible.</doc>
<status status="PASS" start="2025-04-17T23:59:05.470160" elapsed="0.430874"/>
</kw>
<kw name="Capture Page Screenshot" owner="SeleniumLibrary">
<msg time="2025-04-17T23:59:06.218824" level="INFO" html="true">&lt;/td&gt;&lt;/tr&gt;&lt;tr&gt;&lt;td colspan="3"&gt;&lt;a href="Screenshots/Login/Login2.png"&gt;&lt;img src="Screenshots/Login/Login2.png" width="800px"&gt;&lt;/a&gt;</msg>
<arg>${filename}</arg>
<doc>Takes a screenshot of the current page and embeds it into a log file.</doc>
<status status="PASS" start="2025-04-17T23:59:05.901458" elapsed="0.317602"/>
</kw>
<kw name="Click Element" owner="SeleniumLibrary">
<msg time="2025-04-17T23:59:06.219831" level="INFO">Clicking element 'xpath=//*[@id="root"]/div/div/div/div[2]/form/button'.</msg>
<arg>${locator}</arg>
<doc>Click the element identified by ``locator``.</doc>
<status status="PASS" start="2025-04-17T23:59:06.219328" elapsed="0.478335"/>
</kw>
<arg>xpath=//*[@id="root"]/div/div/div/div[2]/form/button</arg>
<arg>Login2.png</arg>
<status status="PASS" start="2025-04-17T23:59:05.469735" elapsed="1.228513"/>
</kw>
<kw name="Click And Capture" owner="KeyWord">
<kw name="Wait Until Element Is Visible" owner="SeleniumLibrary">
<arg>${locator}</arg>
<arg>timeout=10s</arg>
<doc>Waits until the element ``locator`` is visible.</doc>
<status status="PASS" start="2025-04-17T23:59:06.700014" elapsed="0.840544"/>
</kw>
<kw name="Capture Page Screenshot" owner="SeleniumLibrary">
<msg time="2025-04-17T23:59:07.792839" level="INFO" html="true">&lt;/td&gt;&lt;/tr&gt;&lt;tr&gt;&lt;td colspan="3"&gt;&lt;a href="Screenshots/Login/Login3.png"&gt;&lt;img src="Screenshots/Login/Login3.png" width="800px"&gt;&lt;/a&gt;</msg>
<arg>${filename}</arg>
<doc>Takes a screenshot of the current page and embeds it into a log file.</doc>
<status status="PASS" start="2025-04-17T23:59:07.541356" elapsed="0.251642"/>
</kw>
<kw name="Click Element" owner="SeleniumLibrary">
<msg time="2025-04-17T23:59:07.793437" level="INFO">Clicking element 'xpath=/html/body/div/div/div/div[2]'.</msg>
<arg>${locator}</arg>
<doc>Click the element identified by ``locator``.</doc>
<status status="PASS" start="2025-04-17T23:59:07.793192" elapsed="0.471257"/>
</kw>
<arg>xpath=/html/body/div/div/div/div[2]</arg>
<arg>Login3.png</arg>
<status status="PASS" start="2025-04-17T23:59:06.699131" elapsed="1.565638"/>
</kw>
<doc>Test Login For Employee</doc>
<tag>LoginEmployee</tag>
<status status="PASS" start="2025-04-17T23:59:01.108791" elapsed="7.156240"/>
</test>
<test id="s1-t2" name="Test Function On ProfilePage" line="25">
<kw name="Set Screenshot Directory" owner="SeleniumLibrary">
<arg>${EXECDIR}/results/Screenshots/ProfilePage</arg>
<doc>Sets the directory for captured screenshots.</doc>
<status status="PASS" start="2025-04-17T23:59:08.265804" elapsed="0.000316"/>
</kw>
<kw name="Go To" owner="SeleniumLibrary">
<msg time="2025-04-17T23:59:08.266381" level="INFO">Opening url 'http://localhost:5173/'</msg>
<arg>${BASE_URL}</arg>
<doc>Navigates the current browser window to the provided ``url``.</doc>
<status status="PASS" start="2025-04-17T23:59:08.266251" elapsed="0.315382"/>
</kw>
<kw name="Click And Capture" owner="KeyWord">
<kw name="Wait Until Element Is Visible" owner="SeleniumLibrary">
<arg>${locator}</arg>
<arg>timeout=10s</arg>
<doc>Waits until the element ``locator`` is visible.</doc>
<status status="PASS" start="2025-04-17T23:59:08.582228" elapsed="0.421625"/>
</kw>
<kw name="Capture Page Screenshot" owner="SeleniumLibrary">
<msg time="2025-04-17T23:59:09.254051" level="INFO" html="true">&lt;/td&gt;&lt;/tr&gt;&lt;tr&gt;&lt;td colspan="3"&gt;&lt;a href="Screenshots/ProfilePage/ProfilePage1.png"&gt;&lt;img src="Screenshots/ProfilePage/ProfilePage1.png" width="800px"&gt;&lt;/a&gt;</msg>
<arg>${filename}</arg>
<doc>Takes a screenshot of the current page and embeds it into a log file.</doc>
<status status="PASS" start="2025-04-17T23:59:09.004242" elapsed="0.250188"/>
</kw>
<kw name="Click Element" owner="SeleniumLibrary">
<msg time="2025-04-17T23:59:09.254970" level="INFO">Clicking element 'xpath=//*[@id="root"]/div/div/div/div/div[1]'.</msg>
<arg>${locator}</arg>
<doc>Click the element identified by ``locator``.</doc>
<status status="PASS" start="2025-04-17T23:59:09.254676" elapsed="0.474839"/>
</kw>
<arg>xpath=//*[@id="root"]/div/div/div/div/div[1]</arg>
<arg>ProfilePage1.png</arg>
<status status="PASS" start="2025-04-17T23:59:08.581897" elapsed="1.147787"/>
</kw>
<kw name="Input Text" owner="SeleniumLibrary">
<msg time="2025-04-17T23:59:09.730102" level="INFO">Typing text '20240008' into text field 'xpath=//*[@id="root"]/div/div/div/div[2]/form/div[1]/div/input'.</msg>
<arg>xpath=//*[@id="root"]/div/div/div/div[2]/form/div[1]/div/input</arg>
<arg>20240008</arg>
<doc>Types the given ``text`` into the text field identified by ``locator``.</doc>
<status status="PASS" start="2025-04-17T23:59:09.729866" elapsed="0.718852"/>
</kw>
<kw name="Input Password" owner="SeleniumLibrary">
<msg time="2025-04-17T23:59:10.449646" level="INFO">Typing password into text field 'xpath=//*[@id="root"]/div/div/div/div[2]/form/div[2]/div/input'.</msg>
<msg time="2025-04-17T23:59:10.893629" level="INFO">Temporally setting log level to: NONE</msg>
<arg>xpath=//*[@id="root"]/div/div/div/div[2]/form/div[2]/div/input</arg>
<arg>123456</arg>
<doc>Types the given password into the text field identified by ``locator``.</doc>
<status status="PASS" start="2025-04-17T23:59:10.449145" elapsed="0.712289"/>
</kw>
<kw name="Click And Capture" owner="KeyWord">
<kw name="Wait Until Element Is Visible" owner="SeleniumLibrary">
<arg>${locator}</arg>
<arg>timeout=10s</arg>
<doc>Waits until the element ``locator`` is visible.</doc>
<status status="PASS" start="2025-04-17T23:59:11.162517" elapsed="0.425170"/>
</kw>
<kw name="Capture Page Screenshot" owner="SeleniumLibrary">
<msg time="2025-04-17T23:59:11.933471" level="INFO" html="true">&lt;/td&gt;&lt;/tr&gt;&lt;tr&gt;&lt;td colspan="3"&gt;&lt;a href="Screenshots/ProfilePage/ProfilePage2.png"&gt;&lt;img src="Screenshots/ProfilePage/ProfilePage2.png" width="800px"&gt;&lt;/a&gt;</msg>
<arg>${filename}</arg>
<doc>Takes a screenshot of the current page and embeds it into a log file.</doc>
<status status="PASS" start="2025-04-17T23:59:11.587962" elapsed="0.345648"/>
</kw>
<kw name="Click Element" owner="SeleniumLibrary">
<msg time="2025-04-17T23:59:11.934075" level="INFO">Clicking element 'xpath=//*[@id="root"]/div/div/div/div[2]/form/button'.</msg>
<arg>${locator}</arg>
<doc>Click the element identified by ``locator``.</doc>
<status status="PASS" start="2025-04-17T23:59:11.933838" elapsed="0.478541"/>
</kw>
<arg>xpath=//*[@id="root"]/div/div/div/div[2]/form/button</arg>
<arg>ProfilePage2.png</arg>
<status status="PASS" start="2025-04-17T23:59:11.161939" elapsed="1.250981"/>
</kw>
<kw name="Click And Capture" owner="KeyWord">
<kw name="Wait Until Element Is Visible" owner="SeleniumLibrary">
<arg>${locator}</arg>
<arg>timeout=10s</arg>
<doc>Waits until the element ``locator`` is visible.</doc>
<status status="PASS" start="2025-04-17T23:59:12.414120" elapsed="0.435178"/>
</kw>
<kw name="Capture Page Screenshot" owner="SeleniumLibrary">
<msg time="2025-04-17T23:59:13.101410" level="INFO" html="true">&lt;/td&gt;&lt;/tr&gt;&lt;tr&gt;&lt;td colspan="3"&gt;&lt;a href="Screenshots/ProfilePage/ProfilePage3.png"&gt;&lt;img src="Screenshots/ProfilePage/ProfilePage3.png" width="800px"&gt;&lt;/a&gt;</msg>
<arg>${filename}</arg>
<doc>Takes a screenshot of the current page and embeds it into a log file.</doc>
<status status="PASS" start="2025-04-17T23:59:12.849604" elapsed="0.252007"/>
</kw>
<kw name="Click Element" owner="SeleniumLibrary">
<msg time="2025-04-17T23:59:13.102271" level="INFO">Clicking element 'xpath=/html/body/div/div/div/div[2]/div/div[2]/div[1]/div/div[2]/div/div[1]/div/button'.</msg>
<arg>${locator}</arg>
<doc>Click the element identified by ``locator``.</doc>
<status status="PASS" start="2025-04-17T23:59:13.101932" elapsed="0.474782"/>
</kw>
<arg>xpath=/html/body/div/div/div/div[2]/div/div[2]/div[1]/div/div[2]/div/div[1]/div/button</arg>
<arg>ProfilePage3.png</arg>
<status status="PASS" start="2025-04-17T23:59:12.413369" elapsed="1.163604"/>
</kw>
<doc>Test Function On ProfilePage</doc>
<tag>ProfilePage_Seenotification</tag>
<status status="PASS" start="2025-04-17T23:59:08.265393" elapsed="5.311877"/>
</test>
<test id="s1-t3" name="Test Check In Page" line="40">
<kw name="Set Screenshot Directory" owner="SeleniumLibrary">
<arg>${EXECDIR}/results/Screenshots/CheckInPage</arg>
<doc>Sets the directory for captured screenshots.</doc>
<status status="PASS" start="2025-04-17T23:59:13.578433" elapsed="0.000276"/>
</kw>
<kw name="Go To" owner="SeleniumLibrary">
<msg time="2025-04-17T23:59:13.578933" level="INFO">Opening url 'http://localhost:5173/'</msg>
<arg>${BASE_URL}</arg>
<doc>Navigates the current browser window to the provided ``url``.</doc>
<status status="PASS" start="2025-04-17T23:59:13.578818" elapsed="0.317214"/>
</kw>
<kw name="Click And Capture" owner="KeyWord">
<kw name="Wait Until Element Is Visible" owner="SeleniumLibrary">
<arg>${locator}</arg>
<arg>timeout=10s</arg>
<doc>Waits until the element ``locator`` is visible.</doc>
<status status="PASS" start="2025-04-17T23:59:13.896939" elapsed="0.420644"/>
</kw>
<kw name="Capture Page Screenshot" owner="SeleniumLibrary">
<msg time="2025-04-17T23:59:14.565909" level="INFO" html="true">&lt;/td&gt;&lt;/tr&gt;&lt;tr&gt;&lt;td colspan="3"&gt;&lt;a href="Screenshots/CheckInPage/CheckInPage1.png"&gt;&lt;img src="Screenshots/CheckInPage/CheckInPage1.png" width="800px"&gt;&lt;/a&gt;</msg>
<arg>${filename}</arg>
<doc>Takes a screenshot of the current page and embeds it into a log file.</doc>
<status status="PASS" start="2025-04-17T23:59:14.317932" elapsed="0.248098"/>
</kw>
<kw name="Click Element" owner="SeleniumLibrary">
<msg time="2025-04-17T23:59:14.566539" level="INFO">Clicking element 'xpath=//*[@id="root"]/div/div/div/div/div[1]'.</msg>
<arg>${locator}</arg>
<doc>Click the element identified by ``locator``.</doc>
<status status="PASS" start="2025-04-17T23:59:14.566288" elapsed="0.478480"/>
</kw>
<arg>xpath=//*[@id="root"]/div/div/div/div/div[1]</arg>
<arg>CheckInPage1.png</arg>
<status status="PASS" start="2025-04-17T23:59:13.896502" elapsed="1.148418"/>
</kw>
<kw name="Input Text" owner="SeleniumLibrary">
<msg time="2025-04-17T23:59:15.045394" level="INFO">Typing text '20240002' into text field 'xpath=//*[@id="root"]/div/div/div/div[2]/form/div[1]/div/input'.</msg>
<arg>xpath=//*[@id="root"]/div/div/div/div[2]/form/div[1]/div/input</arg>
<arg>20240002</arg>
<doc>Types the given ``text`` into the text field identified by ``locator``.</doc>
<status status="PASS" start="2025-04-17T23:59:15.045110" elapsed="0.732502"/>
</kw>
<kw name="Input Password" owner="SeleniumLibrary">
<msg time="2025-04-17T23:59:15.778584" level="INFO">Typing password into text field 'xpath=//*[@id="root"]/div/div/div/div[2]/form/div[2]/div/input'.</msg>
<msg time="2025-04-17T23:59:16.219223" level="INFO">Temporally setting log level to: NONE</msg>
<arg>xpath=//*[@id="root"]/div/div/div/div[2]/form/div[2]/div/input</arg>
<arg>123456</arg>
<doc>Types the given password into the text field identified by ``locator``.</doc>
<status status="PASS" start="2025-04-17T23:59:15.778166" elapsed="0.735558"/>
</kw>
<kw name="Click And Capture" owner="KeyWord">
<kw name="Wait Until Element Is Visible" owner="SeleniumLibrary">
<arg>${locator}</arg>
<arg>timeout=10s</arg>
<doc>Waits until the element ``locator`` is visible.</doc>
<status status="PASS" start="2025-04-17T23:59:16.514501" elapsed="0.424580"/>
</kw>
<kw name="Capture Page Screenshot" owner="SeleniumLibrary">
<msg time="2025-04-17T23:59:17.255543" level="INFO" html="true">&lt;/td&gt;&lt;/tr&gt;&lt;tr&gt;&lt;td colspan="3"&gt;&lt;a href="Screenshots/CheckInPage/CheckInPage2.png"&gt;&lt;img src="Screenshots/CheckInPage/CheckInPage2.png" width="800px"&gt;&lt;/a&gt;</msg>
<arg>${filename}</arg>
<doc>Takes a screenshot of the current page and embeds it into a log file.</doc>
<status status="PASS" start="2025-04-17T23:59:16.939570" elapsed="0.316222"/>
</kw>
<kw name="Click Element" owner="SeleniumLibrary">
<msg time="2025-04-17T23:59:17.256234" level="INFO">Clicking element 'xpath=//*[@id="root"]/div/div/div/div[2]/form/button'.</msg>
<arg>${locator}</arg>
<doc>Click the element identified by ``locator``.</doc>
<status status="PASS" start="2025-04-17T23:59:17.255982" elapsed="0.476072"/>
</kw>
<arg>xpath=//*[@id="root"]/div/div/div/div[2]/form/button</arg>
<arg>CheckInPage2.png</arg>
<status status="PASS" start="2025-04-17T23:59:16.514048" elapsed="1.218312"/>
</kw>
<kw name="Click And Capture" owner="KeyWord">
<kw name="Wait Until Element Is Visible" owner="SeleniumLibrary">
<arg>${locator}</arg>
<arg>timeout=10s</arg>
<doc>Waits until the element ``locator`` is visible.</doc>
<status status="PASS" start="2025-04-17T23:59:17.733199" elapsed="0.838512"/>
</kw>
<kw name="Capture Page Screenshot" owner="SeleniumLibrary">
<msg time="2025-04-17T23:59:18.816906" level="INFO" html="true">&lt;/td&gt;&lt;/tr&gt;&lt;tr&gt;&lt;td colspan="3"&gt;&lt;a href="Screenshots/CheckInPage/CheckInPage3.png"&gt;&lt;img src="Screenshots/CheckInPage/CheckInPage3.png" width="800px"&gt;&lt;/a&gt;</msg>
<arg>${filename}</arg>
<doc>Takes a screenshot of the current page and embeds it into a log file.</doc>
<status status="PASS" start="2025-04-17T23:59:18.572044" elapsed="0.245039"/>
</kw>
<kw name="Click Element" owner="SeleniumLibrary">
<msg time="2025-04-17T23:59:18.817607" level="INFO">Clicking element 'xpath=//*[@id="root"]/div/div/div[1]/nav/div/div/div[2]/a[1]'.</msg>
<arg>${locator}</arg>
<doc>Click the element identified by ``locator``.</doc>
<status status="PASS" start="2025-04-17T23:59:18.817334" elapsed="0.688944"/>
</kw>
<arg>xpath=//*[@id="root"]/div/div/div[1]/nav/div/div/div[2]/a[1]</arg>
<arg>CheckInPage3.png</arg>
<status status="PASS" start="2025-04-17T23:59:17.732636" elapsed="1.774114"/>
</kw>
<kw name="Click And Capture" owner="KeyWord">
<kw name="Wait Until Element Is Visible" owner="SeleniumLibrary">
<arg>${locator}</arg>
<arg>timeout=10s</arg>
<doc>Waits until the element ``locator`` is visible.</doc>
<status status="PASS" start="2025-04-17T23:59:19.508330" elapsed="0.447672"/>
</kw>
<kw name="Capture Page Screenshot" owner="SeleniumLibrary">
<msg time="2025-04-17T23:59:20.247284" level="INFO" html="true">&lt;/td&gt;&lt;/tr&gt;&lt;tr&gt;&lt;td colspan="3"&gt;&lt;a href="Screenshots/CheckInPage/CheckInPage4.png"&gt;&lt;img src="Screenshots/CheckInPage/CheckInPage4.png" width="800px"&gt;&lt;/a&gt;</msg>
<arg>${filename}</arg>
<doc>Takes a screenshot of the current page and embeds it into a log file.</doc>
<status status="PASS" start="2025-04-17T23:59:19.956258" elapsed="0.291212"/>
</kw>
<kw name="Click Element" owner="SeleniumLibrary">
<msg time="2025-04-17T23:59:20.247931" level="INFO">Clicking element 'xpath=//*[@id="root"]/div/div/div[2]/div/div[2]/div[3]/button[1]'.</msg>
<arg>${locator}</arg>
<doc>Click the element identified by ``locator``.</doc>
<status status="PASS" start="2025-04-17T23:59:20.247682" elapsed="0.484800"/>
</kw>
<arg>xpath=//*[@id="root"]/div/div/div[2]/div/div[2]/div[3]/button[1]</arg>
<arg>CheckInPage4.png</arg>
<status status="PASS" start="2025-04-17T23:59:19.507333" elapsed="1.225493"/>
</kw>
<kw name="Wait Until Element Is Visible" owner="SeleniumLibrary">
<arg>xpath=//button[text()="OK"]</arg>
<arg>5s</arg>
<doc>Waits until the element ``locator`` is visible.</doc>
<status status="PASS" start="2025-04-17T23:59:20.733141" elapsed="0.843674"/>
</kw>
<kw name="Click And Capture" owner="KeyWord">
<kw name="Wait Until Element Is Visible" owner="SeleniumLibrary">
<arg>${locator}</arg>
<arg>timeout=10s</arg>
<doc>Waits until the element ``locator`` is visible.</doc>
<status status="PASS" start="2025-04-17T23:59:21.579507" elapsed="0.421692"/>
</kw>
<kw name="Capture Page Screenshot" owner="SeleniumLibrary">
<msg time="2025-04-17T23:59:22.306388" level="INFO" html="true">&lt;/td&gt;&lt;/tr&gt;&lt;tr&gt;&lt;td colspan="3"&gt;&lt;a href="Screenshots/CheckInPage/CheckInPage5.png"&gt;&lt;img src="Screenshots/CheckInPage/CheckInPage5.png" width="800px"&gt;&lt;/a&gt;</msg>
<arg>${filename}</arg>
<doc>Takes a screenshot of the current page and embeds it into a log file.</doc>
<status status="PASS" start="2025-04-17T23:59:22.001597" elapsed="0.304935"/>
</kw>
<kw name="Click Element" owner="SeleniumLibrary">
<msg time="2025-04-17T23:59:22.307018" level="INFO">Clicking element 'xpath=//button[text()="OK"]'.</msg>
<arg>${locator}</arg>
<doc>Click the element identified by ``locator``.</doc>
<status status="PASS" start="2025-04-17T23:59:22.306752" elapsed="0.504163"/>
</kw>
<arg>xpath=//button[text()="OK"]</arg>
<arg>CheckInPage5.png</arg>
<status status="PASS" start="2025-04-17T23:59:21.578426" elapsed="1.232693"/>
</kw>
<kw name="Sleep" owner="BuiltIn">
<msg time="2025-04-17T23:59:27.812052" level="INFO">Slept 5 seconds.</msg>
<arg>5s</arg>
<doc>Pauses the test executed for the given time.</doc>
<status status="PASS" start="2025-04-17T23:59:22.811327" elapsed="5.001088"/>
</kw>
<doc>Test Check In Page</doc>
<tag>CheckIn</tag>
<status status="PASS" start="2025-04-17T23:59:13.577946" elapsed="14.234845"/>
</test>
<test id="s1-t4" name="Test Check In Page" line="60">
<kw name="Set Screenshot Directory" owner="SeleniumLibrary">
<arg>${EXECDIR}/results/Screenshots/CheckOutPage</arg>
<doc>Sets the directory for captured screenshots.</doc>
<status status="PASS" start="2025-04-17T23:59:27.813639" elapsed="0.000282"/>
</kw>
<kw name="Go To" owner="SeleniumLibrary">
<msg time="2025-04-17T23:59:27.814138" level="INFO">Opening url 'http://localhost:5173/'</msg>
<arg>${BASE_URL}</arg>
<doc>Navigates the current browser window to the provided ``url``.</doc>
<status status="PASS" start="2025-04-17T23:59:27.814028" elapsed="0.305507"/>
</kw>
<kw name="Click And Capture" owner="KeyWord">
<kw name="Wait Until Element Is Visible" owner="SeleniumLibrary">
<arg>${locator}</arg>
<arg>timeout=10s</arg>
<doc>Waits until the element ``locator`` is visible.</doc>
<status status="PASS" start="2025-04-17T23:59:28.120604" elapsed="0.420367"/>
</kw>
<kw name="Capture Page Screenshot" owner="SeleniumLibrary">
<msg time="2025-04-17T23:59:28.784521" level="INFO" html="true">&lt;/td&gt;&lt;/tr&gt;&lt;tr&gt;&lt;td colspan="3"&gt;&lt;a href="Screenshots/CheckOutPage/CheckOutPage1.png"&gt;&lt;img src="Screenshots/CheckOutPage/CheckOutPage1.png" width="800px"&gt;&lt;/a&gt;</msg>
<arg>${filename}</arg>
<doc>Takes a screenshot of the current page and embeds it into a log file.</doc>
<status status="PASS" start="2025-04-17T23:59:28.541190" elapsed="0.243465"/>
</kw>
<kw name="Click Element" owner="SeleniumLibrary">
<msg time="2025-04-17T23:59:28.785046" level="INFO">Clicking element 'xpath=//*[@id="root"]/div/div/div/div/div[1]'.</msg>
<arg>${locator}</arg>
<doc>Click the element identified by ``locator``.</doc>
<status status="PASS" start="2025-04-17T23:59:28.784836" elapsed="0.483343"/>
</kw>
<arg>xpath=//*[@id="root"]/div/div/div/div/div[1]</arg>
<arg>CheckOutPage1.png</arg>
<status status="PASS" start="2025-04-17T23:59:28.120013" elapsed="1.148430"/>
</kw>
<kw name="Input Text" owner="SeleniumLibrary">
<msg time="2025-04-17T23:59:29.268986" level="INFO">Typing text '20240002' into text field 'xpath=//*[@id="root"]/div/div/div/div[2]/form/div[1]/div/input'.</msg>
<arg>xpath=//*[@id="root"]/div/div/div/div[2]/form/div[1]/div/input</arg>
<arg>20240002</arg>
<doc>Types the given ``text`` into the text field identified by ``locator``.</doc>
<status status="PASS" start="2025-04-17T23:59:29.268714" elapsed="0.730425"/>
</kw>
<kw name="Input Password" owner="SeleniumLibrary">
<msg time="2025-04-17T23:59:29.999732" level="INFO">Typing password into text field 'xpath=//*[@id="root"]/div/div/div/div[2]/form/div[2]/div/input'.</msg>
<msg time="2025-04-17T23:59:30.443498" level="INFO">Temporally setting log level to: NONE</msg>
<arg>xpath=//*[@id="root"]/div/div/div/div[2]/form/div[2]/div/input</arg>
<arg>123456</arg>
<doc>Types the given password into the text field identified by ``locator``.</doc>
<status status="PASS" start="2025-04-17T23:59:29.999467" elapsed="0.709105"/>
</kw>
<kw name="Click And Capture" owner="KeyWord">
<kw name="Wait Until Element Is Visible" owner="SeleniumLibrary">
<arg>${locator}</arg>
<arg>timeout=10s</arg>
<doc>Waits until the element ``locator`` is visible.</doc>
<status status="PASS" start="2025-04-17T23:59:30.710001" elapsed="0.422916"/>
</kw>
<kw name="Capture Page Screenshot" owner="SeleniumLibrary">
<msg time="2025-04-17T23:59:31.443591" level="INFO" html="true">&lt;/td&gt;&lt;/tr&gt;&lt;tr&gt;&lt;td colspan="3"&gt;&lt;a href="Screenshots/CheckOutPage/CheckOutPage2.png"&gt;&lt;img src="Screenshots/CheckOutPage/CheckOutPage2.png" width="800px"&gt;&lt;/a&gt;</msg>
<arg>${filename}</arg>
<doc>Takes a screenshot of the current page and embeds it into a log file.</doc>
<status status="PASS" start="2025-04-17T23:59:31.133318" elapsed="0.310431"/>
</kw>
<kw name="Click Element" owner="SeleniumLibrary">
<msg time="2025-04-17T23:59:31.444296" level="INFO">Clicking element 'xpath=//*[@id="root"]/div/div/div/div[2]/form/button'.</msg>
<arg>${locator}</arg>
<doc>Click the element identified by ``locator``.</doc>
<status status="PASS" start="2025-04-17T23:59:31.444014" elapsed="0.471588"/>
</kw>
<arg>xpath=//*[@id="root"]/div/div/div/div[2]/form/button</arg>
<arg>CheckOutPage2.png</arg>
<status status="PASS" start="2025-04-17T23:59:30.709133" elapsed="1.206783"/>
</kw>
<kw name="Click And Capture" owner="KeyWord">
<kw name="Wait Until Element Is Visible" owner="SeleniumLibrary">
<arg>${locator}</arg>
<arg>timeout=10s</arg>
<doc>Waits until the element ``locator`` is visible.</doc>
<status status="PASS" start="2025-04-17T23:59:31.917084" elapsed="0.834621"/>
</kw>
<kw name="Capture Page Screenshot" owner="SeleniumLibrary">
<msg time="2025-04-17T23:59:32.998762" level="INFO" html="true">&lt;/td&gt;&lt;/tr&gt;&lt;tr&gt;&lt;td colspan="3"&gt;&lt;a href="Screenshots/CheckOutPage/CheckOutPage3.png"&gt;&lt;img src="Screenshots/CheckOutPage/CheckOutPage3.png" width="800px"&gt;&lt;/a&gt;</msg>
<arg>${filename}</arg>
<doc>Takes a screenshot of the current page and embeds it into a log file.</doc>
<status status="PASS" start="2025-04-17T23:59:32.752080" elapsed="0.246829"/>
</kw>
<kw name="Click Element" owner="SeleniumLibrary">
<msg time="2025-04-17T23:59:32.999418" level="INFO">Clicking element 'xpath=//*[@id="root"]/div/div/div[1]/nav/div/div/div[2]/a[1]'.</msg>
<arg>${locator}</arg>
<doc>Click the element identified by ``locator``.</doc>
<status status="PASS" start="2025-04-17T23:59:32.999164" elapsed="0.598429"/>
</kw>
<arg>xpath=//*[@id="root"]/div/div/div[1]/nav/div/div/div[2]/a[1]</arg>
<arg>CheckOutPage3.png</arg>
<status status="PASS" start="2025-04-17T23:59:31.916300" elapsed="1.681555"/>
</kw>
<kw name="Click And Capture" owner="KeyWord">
<kw name="Wait Until Element Is Visible" owner="SeleniumLibrary">
<arg>${locator}</arg>
<arg>timeout=10s</arg>
<doc>Waits until the element ``locator`` is visible.</doc>
<status status="PASS" start="2025-04-17T23:59:33.598537" elapsed="0.426375"/>
</kw>
<kw name="Capture Page Screenshot" owner="SeleniumLibrary">
<msg time="2025-04-17T23:59:34.320834" level="INFO" html="true">&lt;/td&gt;&lt;/tr&gt;&lt;tr&gt;&lt;td colspan="3"&gt;&lt;a href="Screenshots/CheckOutPage/CheckOutPage4.png"&gt;&lt;img src="Screenshots/CheckOutPage/CheckOutPage4.png" width="800px"&gt;&lt;/a&gt;</msg>
<arg>${filename}</arg>
<doc>Takes a screenshot of the current page and embeds it into a log file.</doc>
<status status="PASS" start="2025-04-17T23:59:34.025178" elapsed="0.295845"/>
</kw>
<kw name="Click Element" owner="SeleniumLibrary">
<msg time="2025-04-17T23:59:34.321546" level="INFO">Clicking element 'xpath=//*[@id="root"]/div/div/div[2]/div/div[2]/div[3]/button[2]'.</msg>
<arg>${locator}</arg>
<doc>Click the element identified by ``locator``.</doc>
<status status="PASS" start="2025-04-17T23:59:34.321257" elapsed="0.494000"/>
</kw>
<arg>xpath=//*[@id="root"]/div/div/div[2]/div/div[2]/div[3]/button[2]</arg>
<arg>CheckOutPage4.png</arg>
<status status="PASS" start="2025-04-17T23:59:33.598194" elapsed="1.217369"/>
</kw>
<kw name="Wait Until Element Is Visible" owner="SeleniumLibrary">
<arg>xpath=//button[text()="OK"]</arg>
<arg>5s</arg>
<doc>Waits until the element ``locator`` is visible.</doc>
<status status="PASS" start="2025-04-17T23:59:34.815897" elapsed="0.426824"/>
</kw>
<kw name="Click And Capture" owner="KeyWord">
<kw name="Wait Until Element Is Visible" owner="SeleniumLibrary">
<arg>${locator}</arg>
<arg>timeout=10s</arg>
<doc>Waits until the element ``locator`` is visible.</doc>
<status status="PASS" start="2025-04-17T23:59:35.243630" elapsed="0.419104"/>
</kw>
<kw name="Capture Page Screenshot" owner="SeleniumLibrary">
<msg time="2025-04-17T23:59:35.955083" level="INFO" html="true">&lt;/td&gt;&lt;/tr&gt;&lt;tr&gt;&lt;td colspan="3"&gt;&lt;a href="Screenshots/CheckOutPage/CheckOutPage5.png"&gt;&lt;img src="Screenshots/CheckOutPage/CheckOutPage5.png" width="800px"&gt;&lt;/a&gt;</msg>
<arg>${filename}</arg>
<doc>Takes a screenshot of the current page and embeds it into a log file.</doc>
<status status="PASS" start="2025-04-17T23:59:35.663162" elapsed="0.292097"/>
</kw>
<kw name="Click Element" owner="SeleniumLibrary">
<msg time="2025-04-17T23:59:35.955759" level="INFO">Clicking element 'xpath=//button[text()="OK"]'.</msg>
<arg>${locator}</arg>
<doc>Click the element identified by ``locator``.</doc>
<status status="PASS" start="2025-04-17T23:59:35.955505" elapsed="0.521057"/>
</kw>
<arg>xpath=//button[text()="OK"]</arg>
<arg>CheckOutPage5.png</arg>
<status status="PASS" start="2025-04-17T23:59:35.243265" elapsed="1.233527"/>
</kw>
<doc>Test Check In Page</doc>
<tag>CheckOut</tag>
<status status="PASS" start="2025-04-17T23:59:27.813100" elapsed="8.663888"/>
</test>
<test id="s1-t5" name="Test Notification Page" line="82">
<kw name="Set Screenshot Directory" owner="SeleniumLibrary">
<arg>${EXECDIR}/results/Screenshots/NotificationPage</arg>
<doc>Sets the directory for captured screenshots.</doc>
<status status="PASS" start="2025-04-17T23:59:36.478486" elapsed="0.000644"/>
</kw>
<kw name="Go To" owner="SeleniumLibrary">
<msg time="2025-04-17T23:59:36.480150" level="INFO">Opening url 'http://localhost:5173/'</msg>
<arg>${BASE_URL}</arg>
<doc>Navigates the current browser window to the provided ``url``.</doc>
<status status="PASS" start="2025-04-17T23:59:36.479480" elapsed="0.368646"/>
</kw>
<kw name="Click And Capture" owner="KeyWord">
<kw name="Wait Until Element Is Visible" owner="SeleniumLibrary">
<arg>${locator}</arg>
<arg>timeout=10s</arg>
<doc>Waits until the element ``locator`` is visible.</doc>
<status status="PASS" start="2025-04-17T23:59:36.849065" elapsed="0.421278"/>
</kw>
<kw name="Capture Page Screenshot" owner="SeleniumLibrary">
<msg time="2025-04-17T23:59:37.516752" level="INFO" html="true">&lt;/td&gt;&lt;/tr&gt;&lt;tr&gt;&lt;td colspan="3"&gt;&lt;a href="Screenshots/NotificationPage/NotificationPage1.png"&gt;&lt;img src="Screenshots/NotificationPage/NotificationPage1.png" width="800px"&gt;&lt;/a&gt;</msg>
<arg>${filename}</arg>
<doc>Takes a screenshot of the current page and embeds it into a log file.</doc>
<status status="PASS" start="2025-04-17T23:59:37.270751" elapsed="0.246131"/>
</kw>
<kw name="Click Element" owner="SeleniumLibrary">
<msg time="2025-04-17T23:59:37.517280" level="INFO">Clicking element 'xpath=//*[@id="root"]/div/div/div/div/div[1]'.</msg>
<arg>${locator}</arg>
<doc>Click the element identified by ``locator``.</doc>
<status status="PASS" start="2025-04-17T23:59:37.517061" elapsed="0.476174"/>
</kw>
<arg>xpath=//*[@id="root"]/div/div/div/div/div[1]</arg>
<arg>NotificationPage1.png</arg>
<status status="PASS" start="2025-04-17T23:59:36.848527" elapsed="1.145088"/>
</kw>
<kw name="Input Text" owner="SeleniumLibrary">
<msg time="2025-04-17T23:59:37.994265" level="INFO">Typing text '20240010' into text field 'xpath=//*[@id="root"]/div/div/div/div[2]/form/div[1]/div/input'.</msg>
<arg>xpath=//*[@id="root"]/div/div/div/div[2]/form/div[1]/div/input</arg>
<arg>20240010</arg>
<doc>Types the given ``text`` into the text field identified by ``locator``.</doc>
<status status="PASS" start="2025-04-17T23:59:37.993900" elapsed="0.719430"/>
</kw>
<kw name="Input Password" owner="SeleniumLibrary">
<msg time="2025-04-17T23:59:38.714381" level="INFO">Typing password into text field 'xpath=//*[@id="root"]/div/div/div/div[2]/form/div[2]/div/input'.</msg>
<msg time="2025-04-17T23:59:39.155032" level="INFO">Temporally setting log level to: NONE</msg>
<arg>xpath=//*[@id="root"]/div/div/div/div[2]/form/div[2]/div/input</arg>
<arg>123456</arg>
<doc>Types the given password into the text field identified by ``locator``.</doc>
<status status="PASS" start="2025-04-17T23:59:38.713848" elapsed="0.717694"/>
</kw>
<kw name="Click And Capture" owner="KeyWord">
<kw name="Wait Until Element Is Visible" owner="SeleniumLibrary">
<arg>${locator}</arg>
<arg>timeout=10s</arg>
<doc>Waits until the element ``locator`` is visible.</doc>
<status status="PASS" start="2025-04-17T23:59:39.432723" elapsed="0.427856"/>
</kw>
<kw name="Capture Page Screenshot" owner="SeleniumLibrary">
<msg time="2025-04-17T23:59:40.185947" level="INFO" html="true">&lt;/td&gt;&lt;/tr&gt;&lt;tr&gt;&lt;td colspan="3"&gt;&lt;a href="Screenshots/NotificationPage/NotificationPage2.png"&gt;&lt;img src="Screenshots/NotificationPage/NotificationPage2.png" width="800px"&gt;&lt;/a&gt;</msg>
<arg>${filename}</arg>
<doc>Takes a screenshot of the current page and embeds it into a log file.</doc>
<status status="PASS" start="2025-04-17T23:59:39.861066" elapsed="0.325009"/>
</kw>
<kw name="Click Element" owner="SeleniumLibrary">
<msg time="2025-04-17T23:59:40.186470" level="INFO">Clicking element 'xpath=//*[@id="root"]/div/div/div/div[2]/form/button'.</msg>
<arg>${locator}</arg>
<doc>Click the element identified by ``locator``.</doc>
<status status="PASS" start="2025-04-17T23:59:40.186253" elapsed="0.482757"/>
</kw>
<arg>xpath=//*[@id="root"]/div/div/div/div[2]/form/button</arg>
<arg>NotificationPage2.png</arg>
<status status="PASS" start="2025-04-17T23:59:39.432037" elapsed="1.237214"/>
</kw>
<kw name="Sleep" owner="BuiltIn">
<msg time="2025-04-17T23:59:41.670535" level="INFO">Slept 1 second.</msg>
<arg>1s</arg>
<doc>Pauses the test executed for the given time.</doc>
<status status="PASS" start="2025-04-17T23:59:40.669504" elapsed="1.001255"/>
</kw>
<kw name="Run Keyword And Ignore Error" owner="BuiltIn">
<kw name="Execute Javascript" owner="SeleniumLibrary">
<msg time="2025-04-17T23:59:41.672387" level="INFO">Executing JavaScript:
Swal.close()
Without any arguments.</msg>
<msg time="2025-04-17T23:59:41.991816" level="INFO" html="true">&lt;/td&gt;&lt;/tr&gt;&lt;tr&gt;&lt;td colspan="3"&gt;&lt;a href="Screenshots/NotificationPage/selenium-screenshot-10.png"&gt;&lt;img src="Screenshots/NotificationPage/selenium-screenshot-10.png" width="800px"&gt;&lt;/a&gt;</msg>
<msg time="2025-04-17T23:59:41.992166" level="FAIL">JavascriptException: Message: javascript error: Swal is not defined
  (Session info: chrome=135.0.7049.95)
Stacktrace:
	GetHandleVerifier [0x00007FF62AE85355+78597]
	GetHandleVerifier [0x00007FF62AE853B0+78688]
	(No symbol) [0x00007FF62AC391AA]
	(No symbol) [0x00007FF62AC40ABC]
	(No symbol) [0x00007FF62AC43EAC]
	(No symbol) [0x00007FF62ACE04AB]
	(No symbol) [0x00007FF62ACB70EA]
	(No symbol) [0x00007FF62ACDF2BB]
	(No symbol) [0x00007FF62ACB6EC3]
	(No symbol) [0x00007FF62AC803F8]
	(No symbol) [0x00007FF62AC81163]
	GetHandleVerifier [0x00007FF62B12EF0D+2870973]
	GetHandleVerifier [0x00007FF62B1296B8+2848360]
	GetHandleVerifier [0x00007FF62B146993+2967875]
	GetHandleVerifier [0x00007FF62AEA019A+188746]
	GetHandleVerifier [0x00007FF62AEA847F+222255]
	GetHandleVerifier [0x00007FF62AE8D2D4+111236]
	GetHandleVerifier [0x00007FF62AE8D482+111666]
	GetHandleVerifier [0x00007FF62AE735A9+5465]
	BaseThreadInitThunk [0x00007FFFF287E8D7+23]
	RtlUserThreadStart [0x00007FFFF3DB14FC+44]
</msg>
<arg>Swal.close()</arg>
<doc>Executes the given JavaScript code with possible arguments.</doc>
<status status="FAIL" start="2025-04-17T23:59:41.671673" elapsed="0.462333">JavascriptException: Message: javascript error: Swal is not defined
  (Session info: chrome=135.0.7049.95)
Stacktrace:
	GetHandleVerifier [0x00007FF62AE85355+78597]
	GetHandleVerifier [0x00007FF62AE853B0+78688]
	(No symbol) [0x00007FF62AC391AA]
	(No symbol) [0x00007FF62AC40ABC]
	(No symbol) [0x00007FF62AC43EAC]
	(No symbol) [0x00007FF62ACE04AB]
	(No symbol) [0x00007FF62ACB70EA]
	(No symbol) [0x00007FF62ACDF2BB]
	(No symbol) [0x00007FF62ACB6EC3]
	(No symbol) [0x00007FF62AC803F8]
	(No symbol) [0x00007FF62AC81163]
	GetHandleVerifier [0x00007FF62B12EF0D+2870973]
	GetHandleVerifier [0x00007FF62B1296B8+2848360]
	GetHandleVerifier [0x00007FF62B146993+2967875]
	GetHandleVerifier [0x00007FF62AEA019A+188746]
	GetHandleVerifier [0x00007FF62AEA847F+222255]
	GetHandleVerifier [0x00007FF62AE8D2D4+111236]
	GetHandleVerifier [0x00007FF62AE8D482+111666]
	GetHandleVerifier [0x00007FF62AE735A9+5465]
	BaseThreadInitThunk [0x00007FFFF287E8D7+23]
	RtlUserThreadStart [0x00007FFFF3DB14FC+44]
</status>
</kw>
<arg>Execute JavaScript</arg>
<arg>Swal.close()</arg>
<doc>Runs the given keyword with the given arguments and ignores possible error.</doc>
<status status="PASS" start="2025-04-17T23:59:41.671184" elapsed="0.463025"/>
</kw>
<kw name="Wait Until Element Is Visible" owner="SeleniumLibrary">
<msg time="2025-04-17T23:59:52.723450" level="INFO" html="true">&lt;/td&gt;&lt;/tr&gt;&lt;tr&gt;&lt;td colspan="3"&gt;&lt;a href="Screenshots/NotificationPage/selenium-screenshot-11.png"&gt;&lt;img src="Screenshots/NotificationPage/selenium-screenshot-11.png" width="800px"&gt;&lt;/a&gt;</msg>
<msg time="2025-04-17T23:59:52.723649" level="FAIL">Element 'xpath=//*[@id="root"]/div/div/div[1]/nav/div/div/div[2]/a[2]' not visible after 10 seconds.</msg>
<arg>xpath=//*[@id="root"]/div/div/div[1]/nav/div/div/div[2]/a[2]</arg>
<arg>10s</arg>
<doc>Waits until the element ``locator`` is visible.</doc>
<status status="FAIL" start="2025-04-17T23:59:42.134414" elapsed="10.591220">Element 'xpath=//*[@id="root"]/div/div/div[1]/nav/div/div/div[2]/a[2]' not visible after 10 seconds.</status>
</kw>
<kw name="Scroll Element Into View" owner="SeleniumLibrary">
<arg>xpath=//*[@id="root"]/div/div/div[1]/nav/div/div/div[2]/a[2]</arg>
<doc>Scrolls the element identified by ``locator`` into view.</doc>
<status status="NOT RUN" start="2025-04-17T23:59:52.725876" elapsed="0.000038"/>
</kw>
<kw name="Click And Capture" owner="KeyWord">
<arg>xpath=//*[@id="root"]/div/div/div[1]/nav/div/div/div[2]/a[2]</arg>
<arg>NotificationPage3.png</arg>
<status status="NOT RUN" start="2025-04-17T23:59:52.726075" elapsed="0.000031"/>
</kw>
<kw name="Wait Until Element Is Visible" owner="SeleniumLibrary">
<arg>xpath=//*[@id="root"]/div/div/div[2]/div/div[2]/div[2]/div/button</arg>
<arg>5s</arg>
<doc>Waits until the element ``locator`` is visible.</doc>
<status status="NOT RUN" start="2025-04-17T23:59:52.726207" elapsed="0.000025"/>
</kw>
<kw name="Click And Capture" owner="KeyWord">
<arg>xpath=//*[@id="root"]/div/div/div[2]/div/div[2]/div[2]/div/button</arg>
<arg>NotificationPage4.png</arg>
<status status="NOT RUN" start="2025-04-17T23:59:52.726347" elapsed="0.000027"/>
</kw>
<kw name="Wait Until Element Is Visible" owner="SeleniumLibrary">
<arg>xpath=//*[@id="root"]/div/div/div[2]/div/div[2]/div[1]/button</arg>
<arg>5s</arg>
<doc>Waits until the element ``locator`` is visible.</doc>
<status status="NOT RUN" start="2025-04-17T23:59:52.726477" elapsed="0.000024"/>
</kw>
<kw name="Execute Javascript" owner="SeleniumLibrary">
<arg>[...document.querySelectorAll("button")].find(b =&gt; b.textContent.includes("ดูเพิ่มเติม")).click()</arg>
<doc>Executes the given JavaScript code with possible arguments.</doc>
<status status="NOT RUN" start="2025-04-17T23:59:52.726599" elapsed="0.000025"/>
</kw>
<kw name="Sleep" owner="BuiltIn">
<arg>0.5s</arg>
<doc>Pauses the test executed for the given time.</doc>
<status status="NOT RUN" start="2025-04-17T23:59:52.726832" elapsed="0.000031"/>
</kw>
<kw name="Execute Javascript" owner="SeleniumLibrary">
<arg>[...document.querySelectorAll("button")].find(b =&gt; b.textContent.includes("ซ่อนข้อมูล")).click()</arg>
<doc>Executes the given JavaScript code with possible arguments.</doc>
<status status="NOT RUN" start="2025-04-17T23:59:52.726953" elapsed="0.000023"/>
</kw>
<kw name="Wait Until Page Contains Element" owner="SeleniumLibrary">
<arg>xpath=//button[contains(., "ดูเพิ่มเติม")]</arg>
<arg>5s</arg>
<doc>Waits until the element ``locator`` appears on the current page.</doc>
<status status="NOT RUN" start="2025-04-17T23:59:52.727064" elapsed="0.000023"/>
</kw>
<kw name="Capture Page Screenshot" owner="SeleniumLibrary">
<arg>NotificationPage6.png</arg>
<doc>Takes a screenshot of the current page and embeds it into a log file.</doc>
<status status="NOT RUN" start="2025-04-17T23:59:52.727175" elapsed="0.000023"/>
</kw>
<doc>Test Notification Page</doc>
<tag>NotificationPage</tag>
<status status="FAIL" start="2025-04-17T23:59:36.477545" elapsed="16.249829">Element 'xpath=//*[@id="root"]/div/div/div[1]/nav/div/div/div[2]/a[2]' not visible after 10 seconds.</status>
</test>
<test id="s1-t6" name="Test Load WorkInfo Page" line="118">
<kw name="Set Screenshot Directory" owner="SeleniumLibrary">
<arg>${EXECDIR}/results/Screenshots/WorkInfo/WorkInfoLoadPage</arg>
<doc>Sets the directory for captured screenshots.</doc>
<status status="PASS" start="2025-04-17T23:59:52.730746" elapsed="0.000303"/>
</kw>
<kw name="Go To" owner="SeleniumLibrary">
<msg time="2025-04-17T23:59:52.731315" level="INFO">Opening url 'http://localhost:5173/'</msg>
<arg>${BASE_URL}</arg>
<doc>Navigates the current browser window to the provided ``url``.</doc>
<status status="PASS" start="2025-04-17T23:59:52.731184" elapsed="0.316229"/>
</kw>
<kw name="Click And Capture" owner="KeyWord">
<kw name="Wait Until Element Is Visible" owner="SeleniumLibrary">
<arg>${locator}</arg>
<arg>timeout=10s</arg>
<doc>Waits until the element ``locator`` is visible.</doc>
<status status="PASS" start="2025-04-17T23:59:53.048099" elapsed="0.420504"/>
</kw>
<kw name="Capture Page Screenshot" owner="SeleniumLibrary">
<msg time="2025-04-17T23:59:53.714383" level="INFO" html="true">&lt;/td&gt;&lt;/tr&gt;&lt;tr&gt;&lt;td colspan="3"&gt;&lt;a href="Screenshots/WorkInfo/WorkInfoLoadPage/WorkInfoLoadPage1.png"&gt;&lt;img src="Screenshots/WorkInfo/WorkInfoLoadPage/WorkInfoLoadPage1.png" width="800px"&gt;&lt;/a&gt;</msg>
<arg>${filename}</arg>
<doc>Takes a screenshot of the current page and embeds it into a log file.</doc>
<status status="PASS" start="2025-04-17T23:59:53.468978" elapsed="0.245586"/>
</kw>
<kw name="Click Element" owner="SeleniumLibrary">
<msg time="2025-04-17T23:59:53.715228" level="INFO">Clicking element 'xpath=//*[@id="root"]/div/div/div/div/div[1]'.</msg>
<arg>${locator}</arg>
<doc>Click the element identified by ``locator``.</doc>
<status status="PASS" start="2025-04-17T23:59:53.714831" elapsed="0.479086"/>
</kw>
<arg>xpath=//*[@id="root"]/div/div/div/div/div[1]</arg>
<arg>WorkInfoLoadPage1.png</arg>
<status status="PASS" start="2025-04-17T23:59:53.047708" elapsed="1.146408"/>
</kw>
<kw name="Input Text" owner="SeleniumLibrary">
<msg time="2025-04-17T23:59:54.194973" level="INFO">Typing text '20240008' into text field 'xpath=//*[@id="root"]/div/div/div/div[2]/form/div[1]/div/input'.</msg>
<arg>xpath=//*[@id="root"]/div/div/div/div[2]/form/div[1]/div/input</arg>
<arg>20240008</arg>
<doc>Types the given ``text`` into the text field identified by ``locator``.</doc>
<status status="PASS" start="2025-04-17T23:59:54.194532" elapsed="0.729557"/>
</kw>
<kw name="Input Password" owner="SeleniumLibrary">
<msg time="2025-04-17T23:59:54.924753" level="INFO">Typing password into text field 'xpath=//*[@id="root"]/div/div/div/div[2]/form/div[2]/div/input'.</msg>
<msg time="2025-04-17T23:59:55.373764" level="INFO">Temporally setting log level to: NONE</msg>
<arg>xpath=//*[@id="root"]/div/div/div/div[2]/form/div[2]/div/input</arg>
<arg>123456</arg>
<doc>Types the given password into the text field identified by ``locator``.</doc>
<status status="PASS" start="2025-04-17T23:59:54.924447" elapsed="0.723786"/>
</kw>
<kw name="Click And Capture" owner="KeyWord">
<kw name="Wait Until Element Is Visible" owner="SeleniumLibrary">
<arg>${locator}</arg>
<arg>timeout=10s</arg>
<doc>Waits until the element ``locator`` is visible.</doc>
<status status="PASS" start="2025-04-17T23:59:55.649409" elapsed="0.423460"/>
</kw>
<kw name="Capture Page Screenshot" owner="SeleniumLibrary">
<msg time="2025-04-17T23:59:56.403151" level="INFO" html="true">&lt;/td&gt;&lt;/tr&gt;&lt;tr&gt;&lt;td colspan="3"&gt;&lt;a href="Screenshots/WorkInfo/WorkInfoLoadPage/WorkInfoLoadPage2.png"&gt;&lt;img src="Screenshots/WorkInfo/WorkInfoLoadPage/WorkInfoLoadPage2.png" width="800px"&gt;&lt;/a&gt;</msg>
<arg>${filename}</arg>
<doc>Takes a screenshot of the current page and embeds it into a log file.</doc>
<status status="PASS" start="2025-04-17T23:59:56.073154" elapsed="0.330236"/>
</kw>
<kw name="Click Element" owner="SeleniumLibrary">
<msg time="2025-04-17T23:59:56.404266" level="INFO">Clicking element 'xpath=//*[@id="root"]/div/div/div/div[2]/form/button'.</msg>
<arg>${locator}</arg>
<doc>Click the element identified by ``locator``.</doc>
<status status="PASS" start="2025-04-17T23:59:56.403777" elapsed="0.498828"/>
</kw>
<arg>xpath=//*[@id="root"]/div/div/div/div[2]/form/button</arg>
<arg>WorkInfoLoadPage2.png</arg>
<status status="PASS" start="2025-04-17T23:59:55.648751" elapsed="1.254317"/>
</kw>
<kw name="Click And Capture" owner="KeyWord">
<kw name="Wait Until Element Is Visible" owner="SeleniumLibrary">
<arg>${locator}</arg>
<arg>timeout=10s</arg>
<doc>Waits until the element ``locator`` is visible.</doc>
<status status="PASS" start="2025-04-17T23:59:56.904504" elapsed="0.443470"/>
</kw>
<kw name="Capture Page Screenshot" owner="SeleniumLibrary">
<msg time="2025-04-17T23:59:57.600418" level="INFO" html="true">&lt;/td&gt;&lt;/tr&gt;&lt;tr&gt;&lt;td colspan="3"&gt;&lt;a href="Screenshots/WorkInfo/WorkInfoLoadPage/WorkInfoLoadPage3.png"&gt;&lt;img src="Screenshots/WorkInfo/WorkInfoLoadPage/WorkInfoLoadPage3.png" width="800px"&gt;&lt;/a&gt;</msg>
<arg>${filename}</arg>
<doc>Takes a screenshot of the current page and embeds it into a log file.</doc>
<status status="PASS" start="2025-04-17T23:59:57.348479" elapsed="0.252129"/>
</kw>
<kw name="Click Element" owner="SeleniumLibrary">
<msg time="2025-04-17T23:59:57.601265" level="INFO">Clicking element 'xpath=//*[@id="root"]/div/div/div[1]/nav/div/div/div[2]/a[3]'.</msg>
<arg>${locator}</arg>
<doc>Click the element identified by ``locator``.</doc>
<status status="PASS" start="2025-04-17T23:59:57.600893" elapsed="0.640347"/>
</kw>
<arg>xpath=//*[@id="root"]/div/div/div[1]/nav/div/div/div[2]/a[3]</arg>
<arg>WorkInfoLoadPage3.png</arg>
<status status="PASS" start="2025-04-17T23:59:56.903625" elapsed="1.337947"/>
</kw>
<kw name="Element Text Should Be" owner="SeleniumLibrary">
<msg time="2025-04-17T23:59:58.241768" level="WARN">Keyword 'Element Text Should Be' found both from a custom library 'SeleniumLibrary' and a standard library 'XML'. The custom keyword is used. To select explicitly, and to get rid of this warning, use either 'SeleniumLibrary.Element Text Should Be' or 'XML.Element Text Should Be'.</msg>
<msg time="2025-04-17T23:59:58.242288" level="INFO">Verifying element 'xpath=//*[@id="root"]/div/div/div[2]/header/div[1]/div[2]/div/h1' contains exact text 'Work Info'.</msg>
<arg>xpath=//*[@id="root"]/div/div/div[2]/header/div[1]/div[2]/div/h1</arg>
<arg>Work Info</arg>
<doc>Verifies that element ``locator`` contains exact the text ``expected``.</doc>
<status status="PASS" start="2025-04-17T23:59:58.241835" elapsed="0.430895"/>
</kw>
<kw name="Sleep" owner="BuiltIn">
<msg time="2025-04-17T23:59:59.673321" level="INFO">Slept 1 second.</msg>
<arg>1s</arg>
<doc>Pauses the test executed for the given time.</doc>
<status status="PASS" start="2025-04-17T23:59:58.672948" elapsed="1.000861"/>
</kw>
<kw name="Capture Page Screenshot" owner="SeleniumLibrary">
<msg time="2025-04-17T23:59:59.913478" level="INFO" html="true">&lt;/td&gt;&lt;/tr&gt;&lt;tr&gt;&lt;td colspan="3"&gt;&lt;a href="Screenshots/WorkInfo/WorkInfoLoadPage/WorkInfoLoadPage4.png"&gt;&lt;img src="Screenshots/WorkInfo/WorkInfoLoadPage/WorkInfoLoadPage4.png" width="800px"&gt;&lt;/a&gt;</msg>
<arg>WorkInfoLoadPage4.png</arg>
<doc>Takes a screenshot of the current page and embeds it into a log file.</doc>
<status status="PASS" start="2025-04-17T23:59:59.674029" elapsed="0.239618"/>
</kw>
<doc>ทดสอบการโหลดหน้า Work Info ว่าข้อมูลถูกโหลดสำเร็จ พร้อม Navbar และตำแหน่งผู้ใช้งาน</doc>
<tag>WorkInfoLoadPage</tag>
<status status="PASS" start="2025-04-17T23:59:52.728913" elapsed="7.184993"/>
</test>
<test id="s1-t7" name="Test Show Task Options By Position" line="140">
<kw name="Set Screenshot Directory" owner="SeleniumLibrary">
<arg>${EXECDIR}/results/Screenshots/WorkInfo/WorkInfoDropdown</arg>
<doc>Sets the directory for captured screenshots.</doc>
<status status="PASS" start="2025-04-17T23:59:59.915662" elapsed="0.000246"/>
</kw>
<kw name="Go To" owner="SeleniumLibrary">
<msg time="2025-04-17T23:59:59.916119" level="INFO">Opening url 'http://localhost:5173/'</msg>
<arg>${BASE_URL}</arg>
<doc>Navigates the current browser window to the provided ``url``.</doc>
<status status="PASS" start="2025-04-17T23:59:59.916011" elapsed="0.337238"/>
</kw>
<kw name="Click And Capture" owner="KeyWord">
<kw name="Wait Until Element Is Visible" owner="SeleniumLibrary">
<arg>${locator}</arg>
<arg>timeout=10s</arg>
<doc>Waits until the element ``locator`` is visible.</doc>
<status status="PASS" start="2025-04-18T00:00:00.254085" elapsed="0.419495"/>
</kw>
<kw name="Capture Page Screenshot" owner="SeleniumLibrary">
<msg time="2025-04-18T00:00:00.923781" level="INFO" html="true">&lt;/td&gt;&lt;/tr&gt;&lt;tr&gt;&lt;td colspan="3"&gt;&lt;a href="Screenshots/WorkInfo/WorkInfoDropdown/WorkInfoDropdown1.png"&gt;&lt;img src="Screenshots/WorkInfo/WorkInfoDropdown/WorkInfoDropdown1.png" width="800px"&gt;&lt;/a&gt;</msg>
<arg>${filename}</arg>
<doc>Takes a screenshot of the current page and embeds it into a log file.</doc>
<status status="PASS" start="2025-04-18T00:00:00.673832" elapsed="0.250187"/>
</kw>
<kw name="Click Element" owner="SeleniumLibrary">
<msg time="2025-04-18T00:00:00.924828" level="INFO">Clicking element 'xpath=//*[@id="root"]/div/div/div/div/div[1]'.</msg>
<arg>${locator}</arg>
<doc>Click the element identified by ``locator``.</doc>
<status status="PASS" start="2025-04-18T00:00:00.924527" elapsed="0.480692"/>
</kw>
<arg>xpath=//*[@id="root"]/div/div/div/div/div[1]</arg>
<arg>WorkInfoDropdown1.png</arg>
<status status="PASS" start="2025-04-18T00:00:00.253714" elapsed="1.151777"/>
</kw>
<kw name="Input Text" owner="SeleniumLibrary">
<msg time="2025-04-18T00:00:01.406279" level="INFO">Typing text '20240008' into text field 'xpath=//*[@id="root"]/div/div/div/div[2]/form/div[1]/div/input'.</msg>
<arg>xpath=//*[@id="root"]/div/div/div/div[2]/form/div[1]/div/input</arg>
<arg>20240008</arg>
<doc>Types the given ``text`` into the text field identified by ``locator``.</doc>
<status status="PASS" start="2025-04-18T00:00:01.405806" elapsed="0.728014"/>
</kw>
<kw name="Input Password" owner="SeleniumLibrary">
<msg time="2025-04-18T00:00:02.134485" level="INFO">Typing password into text field 'xpath=//*[@id="root"]/div/div/div/div[2]/form/div[2]/div/input'.</msg>
<msg time="2025-04-18T00:00:02.579306" level="INFO">Temporally setting log level to: NONE</msg>
<arg>xpath=//*[@id="root"]/div/div/div/div[2]/form/div[2]/div/input</arg>
<arg>123456</arg>
<doc>Types the given password into the text field identified by ``locator``.</doc>
<status status="PASS" start="2025-04-18T00:00:02.134142" elapsed="0.715842"/>
</kw>
<kw name="Click And Capture" owner="KeyWord">
<kw name="Wait Until Element Is Visible" owner="SeleniumLibrary">
<arg>${locator}</arg>
<arg>timeout=10s</arg>
<doc>Waits until the element ``locator`` is visible.</doc>
<status status="PASS" start="2025-04-18T00:00:02.850791" elapsed="0.423737"/>
</kw>
<kw name="Capture Page Screenshot" owner="SeleniumLibrary">
<msg time="2025-04-18T00:00:03.588846" level="INFO" html="true">&lt;/td&gt;&lt;/tr&gt;&lt;tr&gt;&lt;td colspan="3"&gt;&lt;a href="Screenshots/WorkInfo/WorkInfoDropdown/WorkInfoDropdown2.png"&gt;&lt;img src="Screenshots/WorkInfo/WorkInfoDropdown/WorkInfoDropdown2.png" width="800px"&gt;&lt;/a&gt;</msg>
<arg>${filename}</arg>
<doc>Takes a screenshot of the current page and embeds it into a log file.</doc>
<status status="PASS" start="2025-04-18T00:00:03.274826" elapsed="0.314189"/>
</kw>
<kw name="Click Element" owner="SeleniumLibrary">
<msg time="2025-04-18T00:00:03.589698" level="INFO">Clicking element 'xpath=//*[@id="root"]/div/div/div/div[2]/form/button'.</msg>
<arg>${locator}</arg>
<doc>Click the element identified by ``locator``.</doc>
<status status="PASS" start="2025-04-18T00:00:03.589275" elapsed="0.477358"/>
</kw>
<arg>xpath=//*[@id="root"]/div/div/div/div[2]/form/button</arg>
<arg>WorkInfoDropdown2.png</arg>
<status status="PASS" start="2025-04-18T00:00:02.850356" elapsed="1.216608"/>
</kw>
<kw name="Click And Capture" owner="KeyWord">
<kw name="Wait Until Element Is Visible" owner="SeleniumLibrary">
<arg>${locator}</arg>
<arg>timeout=10s</arg>
<doc>Waits until the element ``locator`` is visible.</doc>
<status status="PASS" start="2025-04-18T00:00:04.067967" elapsed="0.425566"/>
</kw>
<kw name="Capture Page Screenshot" owner="SeleniumLibrary">
<msg time="2025-04-18T00:00:04.740285" level="INFO" html="true">&lt;/td&gt;&lt;/tr&gt;&lt;tr&gt;&lt;td colspan="3"&gt;&lt;a href="Screenshots/WorkInfo/WorkInfoDropdown/WorkInfoDropdown3.png"&gt;&lt;img src="Screenshots/WorkInfo/WorkInfoDropdown/WorkInfoDropdown3.png" width="800px"&gt;&lt;/a&gt;</msg>
<arg>${filename}</arg>
<doc>Takes a screenshot of the current page and embeds it into a log file.</doc>
<status status="PASS" start="2025-04-18T00:00:04.493756" elapsed="0.246734"/>
</kw>
<kw name="Click Element" owner="SeleniumLibrary">
<msg time="2025-04-18T00:00:04.741247" level="INFO">Clicking element 'xpath=//*[@id="root"]/div/div/div[1]/nav/div/div/div[2]/a[3]'.</msg>
<arg>${locator}</arg>
<doc>Click the element identified by ``locator``.</doc>
<status status="PASS" start="2025-04-18T00:00:04.740781" elapsed="0.584851"/>
</kw>
<arg>xpath=//*[@id="root"]/div/div/div[1]/nav/div/div/div[2]/a[3]</arg>
<arg>WorkInfoDropdown3.png</arg>
<status status="PASS" start="2025-04-18T00:00:04.067357" elapsed="1.258493"/>
</kw>
<kw name="Click And Capture" owner="KeyWord">
<kw name="Wait Until Element Is Visible" owner="SeleniumLibrary">
<arg>${locator}</arg>
<arg>timeout=10s</arg>
<doc>Waits until the element ``locator`` is visible.</doc>
<status status="PASS" start="2025-04-18T00:00:05.326350" elapsed="0.425114"/>
</kw>
<kw name="Capture Page Screenshot" owner="SeleniumLibrary">
<msg time="2025-04-18T00:00:05.998005" level="INFO" html="true">&lt;/td&gt;&lt;/tr&gt;&lt;tr&gt;&lt;td colspan="3"&gt;&lt;a href="Screenshots/WorkInfo/WorkInfoDropdown/WorkInfoDropdown4.png"&gt;&lt;img src="Screenshots/WorkInfo/WorkInfoDropdown/WorkInfoDropdown4.png" width="800px"&gt;&lt;/a&gt;</msg>
<arg>${filename}</arg>
<doc>Takes a screenshot of the current page and embeds it into a log file.</doc>
<status status="PASS" start="2025-04-18T00:00:05.751892" elapsed="0.246244"/>
</kw>
<kw name="Click Element" owner="SeleniumLibrary">
<msg time="2025-04-18T00:00:05.998533" level="INFO">Clicking element 'xpath=//*[@id="root"]/div/div/div[2]/div/div[2]/form/div[1]/div[1]/div/select'.</msg>
<arg>${locator}</arg>
<doc>Click the element identified by ``locator``.</doc>
<status status="PASS" start="2025-04-18T00:00:05.998310" elapsed="0.528684"/>
</kw>
<arg>xpath=//*[@id="root"]/div/div/div[2]/div/div[2]/form/div[1]/div[1]/div/select</arg>
<arg>WorkInfoDropdown4.png</arg>
<status status="PASS" start="2025-04-18T00:00:05.326041" elapsed="1.201262"/>
</kw>
<kw name="Element Text Should Be" owner="SeleniumLibrary">
<msg time="2025-04-18T00:00:06.527451" level="WARN">Keyword 'Element Text Should Be' found both from a custom library 'SeleniumLibrary' and a standard library 'XML'. The custom keyword is used. To select explicitly, and to get rid of this warning, use either 'SeleniumLibrary.Element Text Should Be' or 'XML.Element Text Should Be'.</msg>
<msg time="2025-04-18T00:00:06.527859" level="INFO">Verifying element 'xpath=//select/option[2]' contains exact text 'ผลิตสินค้า'.</msg>
<arg>xpath=//select/option[2]</arg>
<arg>ผลิตสินค้า</arg>
<doc>Verifies that element ``locator`` contains exact the text ``expected``.</doc>
<status status="PASS" start="2025-04-18T00:00:06.527504" elapsed="0.425584"/>
</kw>
<kw name="Element Text Should Be" owner="SeleniumLibrary">
<msg time="2025-04-18T00:00:06.953481" level="WARN">Keyword 'Element Text Should Be' found both from a custom library 'SeleniumLibrary' and a standard library 'XML'. The custom keyword is used. To select explicitly, and to get rid of this warning, use either 'SeleniumLibrary.Element Text Should Be' or 'XML.Element Text Should Be'.</msg>
<msg time="2025-04-18T00:00:06.954244" level="INFO">Verifying element 'xpath=//select/option[3]' contains exact text 'ตรวจสอบคุณภาพเบื้องต้น'.</msg>
<arg>xpath=//select/option[3]</arg>
<arg>ตรวจสอบคุณภาพเบื้องต้น</arg>
<doc>Verifies that element ``locator`` contains exact the text ``expected``.</doc>
<status status="PASS" start="2025-04-18T00:00:06.953614" elapsed="0.429239"/>
</kw>
<kw name="Element Text Should Be" owner="SeleniumLibrary">
<msg time="2025-04-18T00:00:07.383115" level="WARN">Keyword 'Element Text Should Be' found both from a custom library 'SeleniumLibrary' and a standard library 'XML'. The custom keyword is used. To select explicitly, and to get rid of this warning, use either 'SeleniumLibrary.Element Text Should Be' or 'XML.Element Text Should Be'.</msg>
<msg time="2025-04-18T00:00:07.383784" level="INFO">Verifying element 'xpath=//select/option[4]' contains exact text 'จัดเตรียมวัตถุดิบ'.</msg>
<arg>xpath=//select/option[4]</arg>
<arg>จัดเตรียมวัตถุดิบ</arg>
<doc>Verifies that element ``locator`` contains exact the text ``expected``.</doc>
<status status="PASS" start="2025-04-18T00:00:07.383177" elapsed="0.430753"/>
</kw>
<kw name="Element Text Should Be" owner="SeleniumLibrary">
<msg time="2025-04-18T00:00:07.814158" level="WARN">Keyword 'Element Text Should Be' found both from a custom library 'SeleniumLibrary' and a standard library 'XML'. The custom keyword is used. To select explicitly, and to get rid of this warning, use either 'SeleniumLibrary.Element Text Should Be' or 'XML.Element Text Should Be'.</msg>
<msg time="2025-04-18T00:00:07.814610" level="INFO">Verifying element 'xpath=//select/option[5]' contains exact text 'บำรุงรักษาเครื่องจักร'.</msg>
<arg>xpath=//select/option[5]</arg>
<arg>บำรุงรักษาเครื่องจักร</arg>
<doc>Verifies that element ``locator`` contains exact the text ``expected``.</doc>
<status status="PASS" start="2025-04-18T00:00:07.814218" elapsed="0.428373"/>
</kw>
<kw name="Element Text Should Be" owner="SeleniumLibrary">
<msg time="2025-04-18T00:00:08.242991" level="WARN">Keyword 'Element Text Should Be' found both from a custom library 'SeleniumLibrary' and a standard library 'XML'. The custom keyword is used. To select explicitly, and to get rid of this warning, use either 'SeleniumLibrary.Element Text Should Be' or 'XML.Element Text Should Be'.</msg>
<msg time="2025-04-18T00:00:08.243654" level="INFO">Verifying element 'xpath=//select/option[6]' contains exact text 'จัดเก็บสินค้า'.</msg>
<arg>xpath=//select/option[6]</arg>
<arg>จัดเก็บสินค้า</arg>
<doc>Verifies that element ``locator`` contains exact the text ``expected``.</doc>
<status status="PASS" start="2025-04-18T00:00:08.243098" elapsed="0.427104"/>
</kw>
<kw name="Execute Javascript" owner="SeleniumLibrary">
<msg time="2025-04-18T00:00:08.671963" level="INFO">Executing JavaScript:
document.querySelector('select').setAttribute('size', '6')
Without any arguments.</msg>
<arg>document.querySelector('select').setAttribute('size', '6')</arg>
<doc>Executes the given JavaScript code with possible arguments.</doc>
<status status="PASS" start="2025-04-18T00:00:08.670962" elapsed="0.212951"/>
</kw>
<kw name="Sleep" owner="BuiltIn">
<msg time="2025-04-18T00:00:09.885109" level="INFO">Slept 1 second.</msg>
<arg>1s</arg>
<doc>Pauses the test executed for the given time.</doc>
<status status="PASS" start="2025-04-18T00:00:08.884383" elapsed="1.001107"/>
</kw>
<kw name="Capture Page Screenshot" owner="SeleniumLibrary">
<msg time="2025-04-18T00:00:10.138659" level="INFO" html="true">&lt;/td&gt;&lt;/tr&gt;&lt;tr&gt;&lt;td colspan="3"&gt;&lt;a href="Screenshots/WorkInfo/WorkInfoDropdown/WorkInfoDropdown5.png"&gt;&lt;img src="Screenshots/WorkInfo/WorkInfoDropdown/WorkInfoDropdown5.png" width="800px"&gt;&lt;/a&gt;</msg>
<arg>WorkInfoDropdown5.png</arg>
<doc>Takes a screenshot of the current page and embeds it into a log file.</doc>
<status status="PASS" start="2025-04-18T00:00:09.885899" elapsed="0.252889"/>
</kw>
<doc>ทดสอบว่าการแสดงรายการงานใน dropdown ตรงกับตำแหน่งของผู้ใช้งาน</doc>
<tag>WorkInfoDropdown</tag>
<status status="PASS" start="2025-04-17T23:59:59.914206" elapsed="10.224730"/>
</test>
<test id="s1-t8" name="Test Submit Work Record Successfully" line="172">
<kw name="Set Screenshot Directory" owner="SeleniumLibrary">
<arg>${EXECDIR}/results/Screenshots/WorkInfo/WorkInfoSubmitPositive</arg>
<doc>Sets the directory for captured screenshots.</doc>
<status status="PASS" start="2025-04-18T00:00:10.140779" elapsed="0.000284"/>
</kw>
<kw name="Go To" owner="SeleniumLibrary">
<msg time="2025-04-18T00:00:10.141302" level="INFO">Opening url 'http://localhost:5173/'</msg>
<arg>${BASE_URL}</arg>
<doc>Navigates the current browser window to the provided ``url``.</doc>
<status status="PASS" start="2025-04-18T00:00:10.141186" elapsed="0.356769"/>
</kw>
<kw name="Click And Capture" owner="KeyWord">
<kw name="Wait Until Element Is Visible" owner="SeleniumLibrary">
<arg>${locator}</arg>
<arg>timeout=10s</arg>
<doc>Waits until the element ``locator`` is visible.</doc>
<status status="PASS" start="2025-04-18T00:00:10.498895" elapsed="0.422516"/>
</kw>
<kw name="Capture Page Screenshot" owner="SeleniumLibrary">
<msg time="2025-04-18T00:00:11.168188" level="INFO" html="true">&lt;/td&gt;&lt;/tr&gt;&lt;tr&gt;&lt;td colspan="3"&gt;&lt;a href="Screenshots/WorkInfo/WorkInfoSubmitPositive/WorkInfoSubmitPositive1.png"&gt;&lt;img src="Screenshots/WorkInfo/WorkInfoSubmitPositive/WorkInfoSubmitPositive1.png" width="800px"&gt;&lt;/a&gt;</msg>
<arg>${filename}</arg>
<doc>Takes a screenshot of the current page and embeds it into a log file.</doc>
<status status="PASS" start="2025-04-18T00:00:10.921903" elapsed="0.246528"/>
</kw>
<kw name="Click Element" owner="SeleniumLibrary">
<msg time="2025-04-18T00:00:11.169048" level="INFO">Clicking element 'xpath=//*[@id="root"]/div/div/div/div/div[1]'.</msg>
<arg>${locator}</arg>
<doc>Click the element identified by ``locator``.</doc>
<status status="PASS" start="2025-04-18T00:00:11.168716" elapsed="0.481108"/>
</kw>
<arg>xpath=//*[@id="root"]/div/div/div/div/div[1]</arg>
<arg>WorkInfoSubmitPositive1.png</arg>
<status status="PASS" start="2025-04-18T00:00:10.498334" elapsed="1.151777"/>
</kw>
<kw name="Input Text" owner="SeleniumLibrary">
<msg time="2025-04-18T00:00:11.650694" level="INFO">Typing text '20240008' into text field 'xpath=//*[@id="root"]/div/div/div/div[2]/form/div[1]/div/input'.</msg>
<arg>xpath=//*[@id="root"]/div/div/div/div[2]/form/div[1]/div/input</arg>
<arg>20240008</arg>
<doc>Types the given ``text`` into the text field identified by ``locator``.</doc>
<status status="PASS" start="2025-04-18T00:00:11.650390" elapsed="0.713846"/>
</kw>
<kw name="Input Password" owner="SeleniumLibrary">
<msg time="2025-04-18T00:00:12.365037" level="INFO">Typing password into text field 'xpath=//*[@id="root"]/div/div/div/div[2]/form/div[2]/div/input'.</msg>
<msg time="2025-04-18T00:00:12.814425" level="INFO">Temporally setting log level to: NONE</msg>
<arg>xpath=//*[@id="root"]/div/div/div/div[2]/form/div[2]/div/input</arg>
<arg>123456</arg>
<doc>Types the given password into the text field identified by ``locator``.</doc>
<status status="PASS" start="2025-04-18T00:00:12.364720" elapsed="0.740142"/>
</kw>
<kw name="Click And Capture" owner="KeyWord">
<kw name="Wait Until Element Is Visible" owner="SeleniumLibrary">
<arg>${locator}</arg>
<arg>timeout=10s</arg>
<doc>Waits until the element ``locator`` is visible.</doc>
<status status="PASS" start="2025-04-18T00:00:13.105934" elapsed="0.431114"/>
</kw>
<kw name="Capture Page Screenshot" owner="SeleniumLibrary">
<msg time="2025-04-18T00:00:13.967757" level="INFO" html="true">&lt;/td&gt;&lt;/tr&gt;&lt;tr&gt;&lt;td colspan="3"&gt;&lt;a href="Screenshots/WorkInfo/WorkInfoSubmitPositive/WorkInfoSubmitPositive2.png"&gt;&lt;img src="Screenshots/WorkInfo/WorkInfoSubmitPositive/WorkInfoSubmitPositive2.png" width="800px"&gt;&lt;/a&gt;</msg>
<arg>${filename}</arg>
<doc>Takes a screenshot of the current page and embeds it into a log file.</doc>
<status status="PASS" start="2025-04-18T00:00:13.537328" elapsed="0.430552"/>
</kw>
<kw name="Click Element" owner="SeleniumLibrary">
<msg time="2025-04-18T00:00:13.968265" level="INFO">Clicking element 'xpath=//*[@id="root"]/div/div/div/div[2]/form/button'.</msg>
<arg>${locator}</arg>
<doc>Click the element identified by ``locator``.</doc>
<status status="PASS" start="2025-04-18T00:00:13.968058" elapsed="0.489515"/>
</kw>
<arg>xpath=//*[@id="root"]/div/div/div/div[2]/form/button</arg>
<arg>WorkInfoSubmitPositive2.png</arg>
<status status="PASS" start="2025-04-18T00:00:13.105409" elapsed="1.352478"/>
</kw>
<kw name="Click And Capture" owner="KeyWord">
<kw name="Wait Until Element Is Visible" owner="SeleniumLibrary">
<arg>${locator}</arg>
<arg>timeout=10s</arg>
<doc>Waits until the element ``locator`` is visible.</doc>
<status status="PASS" start="2025-04-18T00:00:14.458667" elapsed="0.420586"/>
</kw>
<kw name="Capture Page Screenshot" owner="SeleniumLibrary">
<msg time="2025-04-18T00:00:15.133570" level="INFO" html="true">&lt;/td&gt;&lt;/tr&gt;&lt;tr&gt;&lt;td colspan="3"&gt;&lt;a href="Screenshots/WorkInfo/WorkInfoSubmitPositive/WorkInfoSubmitPositive3.png"&gt;&lt;img src="Screenshots/WorkInfo/WorkInfoSubmitPositive/WorkInfoSubmitPositive3.png" width="800px"&gt;&lt;/a&gt;</msg>
<arg>${filename}</arg>
<doc>Takes a screenshot of the current page and embeds it into a log file.</doc>
<status status="PASS" start="2025-04-18T00:00:14.879635" elapsed="0.254126"/>
</kw>
<kw name="Click Element" owner="SeleniumLibrary">
<msg time="2025-04-18T00:00:15.134371" level="INFO">Clicking element 'xpath=//*[@id="root"]/div/div/div[1]/nav/div/div/div[2]/a[3]'.</msg>
<arg>${locator}</arg>
<doc>Click the element identified by ``locator``.</doc>
<status status="PASS" start="2025-04-18T00:00:15.134040" elapsed="0.621063"/>
</kw>
<arg>xpath=//*[@id="root"]/div/div/div[1]/nav/div/div/div[2]/a[3]</arg>
<arg>WorkInfoSubmitPositive3.png</arg>
<status status="PASS" start="2025-04-18T00:00:14.458191" elapsed="1.297152"/>
</kw>
<kw name="Click And Capture" owner="KeyWord">
<kw name="Wait Until Element Is Visible" owner="SeleniumLibrary">
<arg>${locator}</arg>
<arg>timeout=10s</arg>
<doc>Waits until the element ``locator`` is visible.</doc>
<status status="PASS" start="2025-04-18T00:00:15.756137" elapsed="0.420933"/>
</kw>
<kw name="Capture Page Screenshot" owner="SeleniumLibrary">
<msg time="2025-04-18T00:00:16.439625" level="INFO" html="true">&lt;/td&gt;&lt;/tr&gt;&lt;tr&gt;&lt;td colspan="3"&gt;&lt;a href="Screenshots/WorkInfo/WorkInfoSubmitPositive/WorkInfoSubmitPositive4.png"&gt;&lt;img src="Screenshots/WorkInfo/WorkInfoSubmitPositive/WorkInfoSubmitPositive4.png" width="800px"&gt;&lt;/a&gt;</msg>
<arg>${filename}</arg>
<doc>Takes a screenshot of the current page and embeds it into a log file.</doc>
<status status="PASS" start="2025-04-18T00:00:16.177855" elapsed="0.262089"/>
</kw>
<kw name="Click Element" owner="SeleniumLibrary">
<msg time="2025-04-18T00:00:16.441028" level="INFO">Clicking element 'xpath=//*[@id="root"]/div/div/div[2]/div/div[2]/form/div[1]/div[1]/div/select'.</msg>
<arg>${locator}</arg>
<doc>Click the element identified by ``locator``.</doc>
<status status="PASS" start="2025-04-18T00:00:16.440428" elapsed="0.510792"/>
</kw>
<arg>xpath=//*[@id="root"]/div/div/div[2]/div/div[2]/form/div[1]/div[1]/div/select</arg>
<arg>WorkInfoSubmitPositive4.png</arg>
<status status="PASS" start="2025-04-18T00:00:15.755659" elapsed="1.195749"/>
</kw>
<kw name="Click And Capture" owner="KeyWord">
<kw name="Wait Until Element Is Visible" owner="SeleniumLibrary">
<arg>${locator}</arg>
<arg>timeout=10s</arg>
<doc>Waits until the element ``locator`` is visible.</doc>
<status status="PASS" start="2025-04-18T00:00:16.952012" elapsed="0.424236"/>
</kw>
<kw name="Capture Page Screenshot" owner="SeleniumLibrary">
<msg time="2025-04-18T00:00:17.625384" level="INFO" html="true">&lt;/td&gt;&lt;/tr&gt;&lt;tr&gt;&lt;td colspan="3"&gt;&lt;a href="Screenshots/WorkInfo/WorkInfoSubmitPositive/WorkInfoSubmitPositive5.png"&gt;&lt;img src="Screenshots/WorkInfo/WorkInfoSubmitPositive/WorkInfoSubmitPositive5.png" width="800px"&gt;&lt;/a&gt;</msg>
<arg>${filename}</arg>
<doc>Takes a screenshot of the current page and embeds it into a log file.</doc>
<status status="PASS" start="2025-04-18T00:00:17.376842" elapsed="0.248685"/>
</kw>
<kw name="Click Element" owner="SeleniumLibrary">
<msg time="2025-04-18T00:00:17.626053" level="INFO">Clicking element 'xpath=//*[@id="root"]/div/div/div[2]/div/div[2]/form/div[1]/div[1]/div/select/option[2]'.</msg>
<arg>${locator}</arg>
<doc>Click the element identified by ``locator``.</doc>
<status status="PASS" start="2025-04-18T00:00:17.625754" elapsed="0.444662"/>
</kw>
<arg>xpath=//*[@id="root"]/div/div/div[2]/div/div[2]/form/div[1]/div[1]/div/select/option[2]</arg>
<arg>WorkInfoSubmitPositive5.png</arg>
<status status="PASS" start="2025-04-18T00:00:16.951649" elapsed="1.118921"/>
</kw>
<kw name="Input Text" owner="SeleniumLibrary">
<msg time="2025-04-18T00:00:18.070936" level="INFO">Typing text '7' into text field 'xpath=//*[@id="root"]/div/div/div[2]/div/div[2]/form/div[1]/div[2]/div/input'.</msg>
<arg>xpath=//*[@id="root"]/div/div/div[2]/div/div[2]/form/div[1]/div[2]/div/input</arg>
<arg>7</arg>
<doc>Types the given ``text`` into the text field identified by ``locator``.</doc>
<status status="PASS" start="2025-04-18T00:00:18.070734" elapsed="0.761347"/>
</kw>
<kw name="Click And Capture" owner="KeyWord">
<kw name="Wait Until Element Is Visible" owner="SeleniumLibrary">
<arg>${locator}</arg>
<arg>timeout=10s</arg>
<doc>Waits until the element ``locator`` is visible.</doc>
<status status="PASS" start="2025-04-18T00:00:18.832671" elapsed="0.422716"/>
</kw>
<kw name="Capture Page Screenshot" owner="SeleniumLibrary">
<msg time="2025-04-18T00:00:19.503121" level="INFO" html="true">&lt;/td&gt;&lt;/tr&gt;&lt;tr&gt;&lt;td colspan="3"&gt;&lt;a href="Screenshots/WorkInfo/WorkInfoSubmitPositive/WorkInfoSubmitPositive6.png"&gt;&lt;img src="Screenshots/WorkInfo/WorkInfoSubmitPositive/WorkInfoSubmitPositive6.png" width="800px"&gt;&lt;/a&gt;</msg>
<arg>${filename}</arg>
<doc>Takes a screenshot of the current page and embeds it into a log file.</doc>
<status status="PASS" start="2025-04-18T00:00:19.255669" elapsed="0.247606"/>
</kw>
<kw name="Click Element" owner="SeleniumLibrary">
<msg time="2025-04-18T00:00:19.503850" level="INFO">Clicking element 'xpath=//*[@id="root"]/div/div/div[2]/div/div[2]/form/div[4]/button[2]'.</msg>
<arg>${locator}</arg>
<doc>Click the element identified by ``locator``.</doc>
<status status="PASS" start="2025-04-18T00:00:19.503468" elapsed="0.497477"/>
</kw>
<arg>xpath=//*[@id="root"]/div/div/div[2]/div/div[2]/form/div[4]/button[2]</arg>
<arg>WorkInfoSubmitPositive6.png</arg>
<status status="PASS" start="2025-04-18T00:00:18.832344" elapsed="1.168864"/>
</kw>
<kw name="Click And Capture" owner="KeyWord">
<kw name="Wait Until Element Is Visible" owner="SeleniumLibrary">
<arg>${locator}</arg>
<arg>timeout=10s</arg>
<doc>Waits until the element ``locator`` is visible.</doc>
<status status="PASS" start="2025-04-18T00:00:20.001962" elapsed="0.422338"/>
</kw>
<kw name="Capture Page Screenshot" owner="SeleniumLibrary">
<msg time="2025-04-18T00:00:20.684584" level="INFO" html="true">&lt;/td&gt;&lt;/tr&gt;&lt;tr&gt;&lt;td colspan="3"&gt;&lt;a href="Screenshots/WorkInfo/WorkInfoSubmitPositive/WorkInfoSubmitPositive7.png"&gt;&lt;img src="Screenshots/WorkInfo/WorkInfoSubmitPositive/WorkInfoSubmitPositive7.png" width="800px"&gt;&lt;/a&gt;</msg>
<arg>${filename}</arg>
<doc>Takes a screenshot of the current page and embeds it into a log file.</doc>
<status status="PASS" start="2025-04-18T00:00:20.424737" elapsed="0.260078"/>
</kw>
<kw name="Click Element" owner="SeleniumLibrary">
<msg time="2025-04-18T00:00:20.685596" level="INFO">Clicking element 'xpath=/html/body/div[2]/div/div[6]/button[1]'.</msg>
<arg>${locator}</arg>
<doc>Click the element identified by ``locator``.</doc>
<status status="PASS" start="2025-04-18T00:00:20.685149" elapsed="0.498987"/>
</kw>
<arg>xpath=/html/body/div[2]/div/div[6]/button[1]</arg>
<arg>WorkInfoSubmitPositive7.png</arg>
<status status="PASS" start="2025-04-18T00:00:20.001502" elapsed="1.183042"/>
</kw>
<kw name="Wait Until Element Contains" owner="SeleniumLibrary">
<arg>xpath=//h2[@class='swal2-title']</arg>
<arg>บันทึกสำเร็จ</arg>
<arg>10s</arg>
<doc>Waits until the element ``locator`` contains ``text``.</doc>
<status status="PASS" start="2025-04-18T00:00:21.185131" elapsed="0.425740"/>
</kw>
<kw name="Capture Page Screenshot" owner="SeleniumLibrary">
<msg time="2025-04-18T00:00:21.875434" level="INFO" html="true">&lt;/td&gt;&lt;/tr&gt;&lt;tr&gt;&lt;td colspan="3"&gt;&lt;a href="Screenshots/WorkInfo/WorkInfoSubmitPositive/WorkInfoSubmitPositive8.png"&gt;&lt;img src="Screenshots/WorkInfo/WorkInfoSubmitPositive/WorkInfoSubmitPositive8.png" width="800px"&gt;&lt;/a&gt;</msg>
<arg>WorkInfoSubmitPositive8.png</arg>
<doc>Takes a screenshot of the current page and embeds it into a log file.</doc>
<status status="PASS" start="2025-04-18T00:00:21.611209" elapsed="0.264406"/>
</kw>
<doc>ทดสอบการกรอกงานและชั่วโมงทำงานที่ถูกต้อง พร้อมกดบันทึกสำเร็จ</doc>
<tag>WorkInfoSubmitPositive</tag>
<status status="PASS" start="2025-04-18T00:00:10.139204" elapsed="11.736616"/>
</test>
<test id="s1-t9" name="Test Submit Work With Note" line="198">
<kw name="Set Screenshot Directory" owner="SeleniumLibrary">
<arg>${EXECDIR}/results/Screenshots/WorkInfo/WorkInfoNoteSubmit</arg>
<doc>Sets the directory for captured screenshots.</doc>
<status status="PASS" start="2025-04-18T00:00:21.878262" elapsed="0.000406"/>
</kw>
<kw name="Go To" owner="SeleniumLibrary">
<msg time="2025-04-18T00:00:21.878981" level="INFO">Opening url 'http://localhost:5173/'</msg>
<arg>${BASE_URL}</arg>
<doc>Navigates the current browser window to the provided ``url``.</doc>
<status status="PASS" start="2025-04-18T00:00:21.878829" elapsed="0.327720"/>
</kw>
<kw name="Click And Capture" owner="KeyWord">
<kw name="Wait Until Element Is Visible" owner="SeleniumLibrary">
<arg>${locator}</arg>
<arg>timeout=10s</arg>
<doc>Waits until the element ``locator`` is visible.</doc>
<status status="PASS" start="2025-04-18T00:00:22.207359" elapsed="0.422661"/>
</kw>
<kw name="Capture Page Screenshot" owner="SeleniumLibrary">
<msg time="2025-04-18T00:00:22.883152" level="INFO" html="true">&lt;/td&gt;&lt;/tr&gt;&lt;tr&gt;&lt;td colspan="3"&gt;&lt;a href="Screenshots/WorkInfo/WorkInfoNoteSubmit/WorkInfoNoteSubmit1.png"&gt;&lt;img src="Screenshots/WorkInfo/WorkInfoNoteSubmit/WorkInfoNoteSubmit1.png" width="800px"&gt;&lt;/a&gt;</msg>
<arg>${filename}</arg>
<doc>Takes a screenshot of the current page and embeds it into a log file.</doc>
<status status="PASS" start="2025-04-18T00:00:22.630389" elapsed="0.252907"/>
</kw>
<kw name="Click Element" owner="SeleniumLibrary">
<msg time="2025-04-18T00:00:22.883775" level="INFO">Clicking element 'xpath=//*[@id="root"]/div/div/div/div/div[1]'.</msg>
<arg>${locator}</arg>
<doc>Click the element identified by ``locator``.</doc>
<status status="PASS" start="2025-04-18T00:00:22.883481" elapsed="0.477147"/>
</kw>
<arg>xpath=//*[@id="root"]/div/div/div/div/div[1]</arg>
<arg>WorkInfoNoteSubmit1.png</arg>
<status status="PASS" start="2025-04-18T00:00:22.206948" elapsed="1.153937"/>
</kw>
<kw name="Input Text" owner="SeleniumLibrary">
<msg time="2025-04-18T00:00:23.361241" level="INFO">Typing text '20240008' into text field 'xpath=//*[@id="root"]/div/div/div/div[2]/form/div[1]/div/input'.</msg>
<arg>xpath=//*[@id="root"]/div/div/div/div[2]/form/div[1]/div/input</arg>
<arg>20240008</arg>
<doc>Types the given ``text`` into the text field identified by ``locator``.</doc>
<status status="PASS" start="2025-04-18T00:00:23.361040" elapsed="0.713107"/>
</kw>
<kw name="Input Password" owner="SeleniumLibrary">
<msg time="2025-04-18T00:00:24.074672" level="INFO">Typing password into text field 'xpath=//*[@id="root"]/div/div/div/div[2]/form/div[2]/div/input'.</msg>
<msg time="2025-04-18T00:00:24.515586" level="INFO">Temporally setting log level to: NONE</msg>
<arg>xpath=//*[@id="root"]/div/div/div/div[2]/form/div[2]/div/input</arg>
<arg>123456</arg>
<doc>Types the given password into the text field identified by ``locator``.</doc>
<status status="PASS" start="2025-04-18T00:00:24.074419" elapsed="0.714298"/>
</kw>
<kw name="Click And Capture" owner="KeyWord">
<kw name="Wait Until Element Is Visible" owner="SeleniumLibrary">
<arg>${locator}</arg>
<arg>timeout=10s</arg>
<doc>Waits until the element ``locator`` is visible.</doc>
<status status="PASS" start="2025-04-18T00:00:24.789407" elapsed="0.425044"/>
</kw>
<kw name="Capture Page Screenshot" owner="SeleniumLibrary">
<msg time="2025-04-18T00:00:25.530013" level="INFO" html="true">&lt;/td&gt;&lt;/tr&gt;&lt;tr&gt;&lt;td colspan="3"&gt;&lt;a href="Screenshots/WorkInfo/WorkInfoNoteSubmit/WorkInfoNoteSubmit2.png"&gt;&lt;img src="Screenshots/WorkInfo/WorkInfoNoteSubmit/WorkInfoNoteSubmit2.png" width="800px"&gt;&lt;/a&gt;</msg>
<arg>${filename}</arg>
<doc>Takes a screenshot of the current page and embeds it into a log file.</doc>
<status status="PASS" start="2025-04-18T00:00:25.214710" elapsed="0.315441"/>
</kw>
<kw name="Click Element" owner="SeleniumLibrary">
<msg time="2025-04-18T00:00:25.530598" level="INFO">Clicking element 'xpath=//*[@id="root"]/div/div/div/div[2]/form/button'.</msg>
<arg>${locator}</arg>
<doc>Click the element identified by ``locator``.</doc>
<status status="PASS" start="2025-04-18T00:00:25.530332" elapsed="0.482906"/>
</kw>
<arg>xpath=//*[@id="root"]/div/div/div/div[2]/form/button</arg>
<arg>WorkInfoNoteSubmit2.png</arg>
<status status="PASS" start="2025-04-18T00:00:24.789047" elapsed="1.224616"/>
</kw>
<kw name="Click And Capture" owner="KeyWord">
<kw name="Wait Until Element Is Visible" owner="SeleniumLibrary">
<arg>${locator}</arg>
<arg>timeout=10s</arg>
[...]
<msg time="2025-04-18T00:02:05.976508" level="INFO">Temporally setting log level to: NONE</msg>
<arg>xpath=//*[@id="root"]/div/div/div/div[2]/form/div[2]/div/input</arg>
<arg>123456</arg>
<doc>Types the given password into the text field identified by ``locator``.</doc>
<status status="PASS" start="2025-04-18T00:02:05.530388" elapsed="0.707349"/>
</kw>
<kw name="Click And Capture" owner="KeyWord">
<kw name="Wait Until Element Is Visible" owner="SeleniumLibrary">
<arg>${locator}</arg>
<arg>timeout=10s</arg>
<doc>Waits until the element ``locator`` is visible.</doc>
<status status="PASS" start="2025-04-18T00:02:06.238589" elapsed="0.428279"/>
</kw>
<kw name="Capture Page Screenshot" owner="SeleniumLibrary">
<msg time="2025-04-18T00:02:06.976261" level="INFO" html="true">&lt;/td&gt;&lt;/tr&gt;&lt;tr&gt;&lt;td colspan="3"&gt;&lt;a href="Screenshots/Request/ClickSeeDetails/ClickSeeDetails2.png"&gt;&lt;img src="Screenshots/Request/ClickSeeDetails/ClickSeeDetails2.png" width="800px"&gt;&lt;/a&gt;</msg>
<arg>${filename}</arg>
<doc>Takes a screenshot of the current page and embeds it into a log file.</doc>
<status status="PASS" start="2025-04-18T00:02:06.667280" elapsed="0.309151"/>
</kw>
<kw name="Click Element" owner="SeleniumLibrary">
<msg time="2025-04-18T00:02:06.977091" level="INFO">Clicking element 'xpath=//*[@id="root"]/div/div/div/div[2]/form/button'.</msg>
<arg>${locator}</arg>
<doc>Click the element identified by ``locator``.</doc>
<status status="PASS" start="2025-04-18T00:02:06.976711" elapsed="0.477855"/>
</kw>
<arg>xpath=//*[@id="root"]/div/div/div/div[2]/form/button</arg>
<arg>ClickSeeDetails2.png</arg>
<status status="PASS" start="2025-04-18T00:02:06.238183" elapsed="1.216821"/>
</kw>
<kw name="Click And Capture" owner="KeyWord">
<kw name="Wait Until Element Is Visible" owner="SeleniumLibrary">
<arg>${locator}</arg>
<arg>timeout=10s</arg>
<doc>Waits until the element ``locator`` is visible.</doc>
<status status="PASS" start="2025-04-18T00:02:07.456430" elapsed="0.426350"/>
</kw>
<kw name="Capture Page Screenshot" owner="SeleniumLibrary">
<msg time="2025-04-18T00:02:08.122772" level="INFO" html="true">&lt;/td&gt;&lt;/tr&gt;&lt;tr&gt;&lt;td colspan="3"&gt;&lt;a href="Screenshots/Request/ClickSeeDetails/ClickSeeDetails3.png"&gt;&lt;img src="Screenshots/Request/ClickSeeDetails/ClickSeeDetails3.png" width="800px"&gt;&lt;/a&gt;</msg>
<arg>${filename}</arg>
<doc>Takes a screenshot of the current page and embeds it into a log file.</doc>
<status status="PASS" start="2025-04-18T00:02:07.883214" elapsed="0.239692"/>
</kw>
<kw name="Click Element" owner="SeleniumLibrary">
<msg time="2025-04-18T00:02:08.123332" level="INFO">Clicking element 'xpath=//*[@id="root"]/div/div/div[1]/nav/div/div/div[2]/a[4]'.</msg>
<arg>${locator}</arg>
<doc>Click the element identified by ``locator``.</doc>
<status status="PASS" start="2025-04-18T00:02:08.123100" elapsed="0.583612"/>
</kw>
<arg>xpath=//*[@id="root"]/div/div/div[1]/nav/div/div/div[2]/a[4]</arg>
<arg>ClickSeeDetails3.png</arg>
<status status="PASS" start="2025-04-18T00:02:07.455572" elapsed="1.251359"/>
</kw>
<kw name="Click And Capture" owner="KeyWord">
<kw name="Wait Until Element Is Visible" owner="SeleniumLibrary">
<arg>${locator}</arg>
<arg>timeout=10s</arg>
<doc>Waits until the element ``locator`` is visible.</doc>
<status status="PASS" start="2025-04-18T00:02:08.707534" elapsed="0.424340"/>
</kw>
<kw name="Capture Page Screenshot" owner="SeleniumLibrary">
<msg time="2025-04-18T00:02:09.379529" level="INFO" html="true">&lt;/td&gt;&lt;/tr&gt;&lt;tr&gt;&lt;td colspan="3"&gt;&lt;a href="Screenshots/Request/ClickSeeDetails/ClickSeeDetails4.png"&gt;&lt;img src="Screenshots/Request/ClickSeeDetails/ClickSeeDetails4.png" width="800px"&gt;&lt;/a&gt;</msg>
<arg>${filename}</arg>
<doc>Takes a screenshot of the current page and embeds it into a log file.</doc>
<status status="PASS" start="2025-04-18T00:02:09.132350" elapsed="0.247409"/>
</kw>
<kw name="Click Element" owner="SeleniumLibrary">
<msg time="2025-04-18T00:02:09.380332" level="INFO">Clicking element 'xpath=//*[@id="root"]/div/div/div[2]/div/div[2]/div[1]/button'.</msg>
<arg>${locator}</arg>
<doc>Click the element identified by ``locator``.</doc>
<status status="PASS" start="2025-04-18T00:02:09.380012" elapsed="0.496241"/>
</kw>
<arg>xpath=//*[@id="root"]/div/div/div[2]/div/div[2]/div[1]/button</arg>
<arg>ClickSeeDetails4.png</arg>
<status status="PASS" start="2025-04-18T00:02:08.707165" elapsed="1.169329"/>
</kw>
<kw name="Wait Until Element Is Visible" owner="SeleniumLibrary">
<arg>xpath=//button[text()="ปิด"]</arg>
<arg>5s</arg>
<doc>Waits until the element ``locator`` is visible.</doc>
<status status="PASS" start="2025-04-18T00:02:09.876698" elapsed="0.436615"/>
</kw>
<kw name="Click And Capture" owner="KeyWord">
<kw name="Wait Until Element Is Visible" owner="SeleniumLibrary">
<arg>${locator}</arg>
<arg>timeout=10s</arg>
<doc>Waits until the element ``locator`` is visible.</doc>
<status status="PASS" start="2025-04-18T00:02:10.314134" elapsed="0.426483"/>
</kw>
<kw name="Capture Page Screenshot" owner="SeleniumLibrary">
<msg time="2025-04-18T00:02:10.999130" level="INFO" html="true">&lt;/td&gt;&lt;/tr&gt;&lt;tr&gt;&lt;td colspan="3"&gt;&lt;a href="Screenshots/Request/ClickSeeDetails/ClickSeeDetails5.png"&gt;&lt;img src="Screenshots/Request/ClickSeeDetails/ClickSeeDetails5.png" width="800px"&gt;&lt;/a&gt;</msg>
<arg>${filename}</arg>
<doc>Takes a screenshot of the current page and embeds it into a log file.</doc>
<status status="PASS" start="2025-04-18T00:02:10.740998" elapsed="0.258324"/>
</kw>
<kw name="Click Element" owner="SeleniumLibrary">
<msg time="2025-04-18T00:02:11.000020" level="INFO">Clicking element 'xpath=//button[text()="ปิด"]'.</msg>
<arg>${locator}</arg>
<doc>Click the element identified by ``locator``.</doc>
<status status="PASS" start="2025-04-18T00:02:10.999677" elapsed="0.507656"/>
</kw>
<arg>xpath=//button[text()="ปิด"]</arg>
<arg>ClickSeeDetails5.png</arg>
<status status="PASS" start="2025-04-18T00:02:10.313697" elapsed="1.193860"/>
</kw>
<kw name="Capture Page Screenshot" owner="SeleniumLibrary">
<msg time="2025-04-18T00:02:11.756883" level="INFO" html="true">&lt;/td&gt;&lt;/tr&gt;&lt;tr&gt;&lt;td colspan="3"&gt;&lt;a href="Screenshots/Request/ClickSeeDetails/ClickSeeDetails6.png"&gt;&lt;img src="Screenshots/Request/ClickSeeDetails/ClickSeeDetails6.png" width="800px"&gt;&lt;/a&gt;</msg>
<arg>ClickSeeDetails6.png</arg>
<doc>Takes a screenshot of the current page and embeds it into a log file.</doc>
<status status="PASS" start="2025-04-18T00:02:11.507815" elapsed="0.249260"/>
</kw>
<doc>ทดสอบการกดปุ่ม “ดูรายละเอียด” ในประวัติแล้วข้อมูลแสดงถูกต้อง</doc>
<tag>RequestClickSeeDetails</tag>
<status status="PASS" start="2025-04-18T00:02:03.340095" elapsed="8.417176"/>
</test>
<test id="s1-t17" name="Test About Page" line="438">
<kw name="Set Screenshot Directory" owner="SeleniumLibrary">
<arg>${EXECDIR}/results/Screenshots/About/AboutPage</arg>
<doc>Sets the directory for captured screenshots.</doc>
<status status="PASS" start="2025-04-18T00:02:11.759836" elapsed="0.000464"/>
</kw>
<kw name="Go To" owner="SeleniumLibrary">
<msg time="2025-04-18T00:02:11.760664" level="INFO">Opening url 'http://localhost:5173/'</msg>
<arg>${BASE_URL}</arg>
<doc>Navigates the current browser window to the provided ``url``.</doc>
<status status="PASS" start="2025-04-18T00:02:11.760493" elapsed="0.314408"/>
</kw>
<kw name="Click And Capture" owner="KeyWord">
<kw name="Wait Until Element Is Visible" owner="SeleniumLibrary">
<arg>${locator}</arg>
<arg>timeout=10s</arg>
<doc>Waits until the element ``locator`` is visible.</doc>
<status status="PASS" start="2025-04-18T00:02:12.075429" elapsed="0.428477"/>
</kw>
<kw name="Capture Page Screenshot" owner="SeleniumLibrary">
<msg time="2025-04-18T00:02:12.740951" level="INFO" html="true">&lt;/td&gt;&lt;/tr&gt;&lt;tr&gt;&lt;td colspan="3"&gt;&lt;a href="Screenshots/About/AboutPage/AboutPageLoadPage1.png"&gt;&lt;img src="Screenshots/About/AboutPage/AboutPageLoadPage1.png" width="800px"&gt;&lt;/a&gt;</msg>
<arg>${filename}</arg>
<doc>Takes a screenshot of the current page and embeds it into a log file.</doc>
<status status="PASS" start="2025-04-18T00:02:12.504331" elapsed="0.236811"/>
</kw>
<kw name="Click Element" owner="SeleniumLibrary">
<msg time="2025-04-18T00:02:12.741539" level="INFO">Clicking element 'xpath=//*[@id="root"]/div/div/div/div/div[1]'.</msg>
<arg>${locator}</arg>
<doc>Click the element identified by ``locator``.</doc>
<status status="PASS" start="2025-04-18T00:02:12.741328" elapsed="0.477962"/>
</kw>
<arg>xpath=//*[@id="root"]/div/div/div/div/div[1]</arg>
<arg>AboutPageLoadPage1.png</arg>
<status status="PASS" start="2025-04-18T00:02:12.075144" elapsed="1.144362"/>
</kw>
<kw name="Input Text" owner="SeleniumLibrary">
<msg time="2025-04-18T00:02:13.220088" level="INFO">Typing text '20240008' into text field 'xpath=//*[@id="root"]/div/div/div/div[2]/form/div[1]/div/input'.</msg>
<arg>xpath=//*[@id="root"]/div/div/div/div[2]/form/div[1]/div/input</arg>
<arg>20240008</arg>
<doc>Types the given ``text`` into the text field identified by ``locator``.</doc>
<status status="PASS" start="2025-04-18T00:02:13.219709" elapsed="0.713875"/>
</kw>
<kw name="Input Password" owner="SeleniumLibrary">
<msg time="2025-04-18T00:02:13.934354" level="INFO">Typing password into text field 'xpath=//*[@id="root"]/div/div/div/div[2]/form/div[2]/div/input'.</msg>
<msg time="2025-04-18T00:02:14.372571" level="INFO">Temporally setting log level to: NONE</msg>
<arg>xpath=//*[@id="root"]/div/div/div/div[2]/form/div[2]/div/input</arg>
<arg>123456</arg>
<doc>Types the given password into the text field identified by ``locator``.</doc>
<status status="PASS" start="2025-04-18T00:02:13.933974" elapsed="0.699420"/>
</kw>
<kw name="Click And Capture" owner="KeyWord">
<kw name="Wait Until Element Is Visible" owner="SeleniumLibrary">
<arg>${locator}</arg>
<arg>timeout=10s</arg>
<doc>Waits until the element ``locator`` is visible.</doc>
<status status="PASS" start="2025-04-18T00:02:14.634279" elapsed="0.420675"/>
</kw>
<kw name="Capture Page Screenshot" owner="SeleniumLibrary">
<msg time="2025-04-18T00:02:15.375755" level="INFO" html="true">&lt;/td&gt;&lt;/tr&gt;&lt;tr&gt;&lt;td colspan="3"&gt;&lt;a href="Screenshots/About/AboutPage/AboutPageLoadPage2.png"&gt;&lt;img src="Screenshots/About/AboutPage/AboutPageLoadPage2.png" width="800px"&gt;&lt;/a&gt;</msg>
<arg>${filename}</arg>
<doc>Takes a screenshot of the current page and embeds it into a log file.</doc>
<status status="PASS" start="2025-04-18T00:02:15.055676" elapsed="0.320230"/>
</kw>
<kw name="Click Element" owner="SeleniumLibrary">
<msg time="2025-04-18T00:02:15.376319" level="INFO">Clicking element 'xpath=//*[@id="root"]/div/div/div/div[2]/form/button'.</msg>
<arg>${locator}</arg>
<doc>Click the element identified by ``locator``.</doc>
<status status="PASS" start="2025-04-18T00:02:15.376090" elapsed="0.474273"/>
</kw>
<arg>xpath=//*[@id="root"]/div/div/div/div[2]/form/button</arg>
<arg>AboutPageLoadPage2.png</arg>
<status status="PASS" start="2025-04-18T00:02:14.633866" elapsed="1.216965"/>
</kw>
<kw name="Click And Capture" owner="KeyWord">
<kw name="Wait Until Element Is Visible" owner="SeleniumLibrary">
<arg>${locator}</arg>
<arg>timeout=10s</arg>
<doc>Waits until the element ``locator`` is visible.</doc>
<status status="PASS" start="2025-04-18T00:02:15.852345" elapsed="0.447777"/>
</kw>
<kw name="Capture Page Screenshot" owner="SeleniumLibrary">
<msg time="2025-04-18T00:02:16.544812" level="INFO" html="true">&lt;/td&gt;&lt;/tr&gt;&lt;tr&gt;&lt;td colspan="3"&gt;&lt;a href="Screenshots/About/AboutPage/AboutPageLoadPage3.png"&gt;&lt;img src="Screenshots/About/AboutPage/AboutPageLoadPage3.png" width="800px"&gt;&lt;/a&gt;</msg>
<arg>${filename}</arg>
<doc>Takes a screenshot of the current page and embeds it into a log file.</doc>
<status status="PASS" start="2025-04-18T00:02:16.300350" elapsed="0.244708"/>
</kw>
<kw name="Click Element" owner="SeleniumLibrary">
<msg time="2025-04-18T00:02:16.545885" level="INFO">Clicking element 'xpath=//*[@id="root"]/div/div/div[1]/nav/div/div/div[2]/a[5]'.</msg>
<arg>${locator}</arg>
<doc>Click the element identified by ``locator``.</doc>
<status status="PASS" start="2025-04-18T00:02:16.545394" elapsed="0.617877"/>
</kw>
<arg>xpath=//*[@id="root"]/div/div/div[1]/nav/div/div/div[2]/a[5]</arg>
<arg>AboutPageLoadPage3.png</arg>
<status status="PASS" start="2025-04-18T00:02:15.851360" elapsed="1.312120"/>
</kw>
<kw name="Click And Capture" owner="KeyWord">
<kw name="Wait Until Element Is Visible" owner="SeleniumLibrary">
<arg>${locator}</arg>
<arg>timeout=10s</arg>
<doc>Waits until the element ``locator`` is visible.</doc>
<status status="PASS" start="2025-04-18T00:02:17.164154" elapsed="0.425059"/>
</kw>
<kw name="Capture Page Screenshot" owner="SeleniumLibrary">
<msg time="2025-04-18T00:02:17.894057" level="INFO" html="true">&lt;/td&gt;&lt;/tr&gt;&lt;tr&gt;&lt;td colspan="3"&gt;&lt;a href="Screenshots/About/AboutPage/AboutPageLoadPage4.png"&gt;&lt;img src="Screenshots/About/AboutPage/AboutPageLoadPage4.png" width="800px"&gt;&lt;/a&gt;</msg>
<arg>${filename}</arg>
<doc>Takes a screenshot of the current page and embeds it into a log file.</doc>
<status status="PASS" start="2025-04-18T00:02:17.589430" elapsed="0.304945"/>
</kw>
<kw name="Click Element" owner="SeleniumLibrary">
<msg time="2025-04-18T00:02:17.894843" level="INFO">Clicking element 'xpath=//*[@id="root"]/div/div/div[2]/div[2]/div[1]/div[2]/button'.</msg>
<arg>${locator}</arg>
<doc>Click the element identified by ``locator``.</doc>
<status status="PASS" start="2025-04-18T00:02:17.894599" elapsed="0.490551"/>
</kw>
<arg>xpath=//*[@id="root"]/div/div/div[2]/div[2]/div[1]/div[2]/button</arg>
<arg>AboutPageLoadPage4.png</arg>
<status status="PASS" start="2025-04-18T00:02:17.163750" elapsed="1.221671"/>
</kw>
<kw name="Wait Until Element Is Visible" owner="SeleniumLibrary">
<arg>xpath=//button[text()="ปิด"]</arg>
<arg>5s</arg>
<doc>Waits until the element ``locator`` is visible.</doc>
<status status="PASS" start="2025-04-18T00:02:18.385729" elapsed="0.436968"/>
</kw>
<kw name="Execute Javascript" owner="SeleniumLibrary">
<msg time="2025-04-18T00:02:18.823381" level="INFO">Executing JavaScript:
[...document.querySelectorAll("button")].find(b =&gt; b.textContent.includes("ปิด")).scrollIntoView({block: 'center'})
Without any arguments.</msg>
<arg>[...document.querySelectorAll("button")].find(b =&gt; b.textContent.includes("ปิด")).scrollIntoView({block: 'center'})</arg>
<doc>Executes the given JavaScript code with possible arguments.</doc>
<status status="PASS" start="2025-04-18T00:02:18.822945" elapsed="0.209400"/>
</kw>
<kw name="Execute Javascript" owner="SeleniumLibrary">
<msg time="2025-04-18T00:02:19.033259" level="INFO">Executing JavaScript:
[...document.querySelectorAll("button")].find(b =&gt; b.textContent.includes("ปิด")).click()
Without any arguments.</msg>
<arg>[...document.querySelectorAll("button")].find(b =&gt; b.textContent.includes("ปิด")).click()</arg>
<doc>Executes the given JavaScript code with possible arguments.</doc>
<status status="PASS" start="2025-04-18T00:02:19.032711" elapsed="0.212709"/>
</kw>
<kw name="Capture Page Screenshot" owner="SeleniumLibrary">
<msg time="2025-04-18T00:02:19.645246" level="INFO" html="true">&lt;/td&gt;&lt;/tr&gt;&lt;tr&gt;&lt;td colspan="3"&gt;&lt;a href="Screenshots/About/AboutPage/AboutPageLoadPage5.png"&gt;&lt;img src="Screenshots/About/AboutPage/AboutPageLoadPage5.png" width="800px"&gt;&lt;/a&gt;</msg>
<arg>AboutPageLoadPage5.png</arg>
<doc>Takes a screenshot of the current page and embeds it into a log file.</doc>
<status status="PASS" start="2025-04-18T00:02:19.245867" elapsed="0.399536"/>
</kw>
<doc>ทดสอบการโหลดหน้า About ว่าข้อมูลถูกโหลดสำเร็จ พร้อม Navbar และตำแหน่งผู้ใช้งาน</doc>
<tag>AboutPage</tag>
<status status="PASS" start="2025-04-18T00:02:11.757608" elapsed="7.887955"/>
</test>
<kw name="Close Browser" owner="SeleniumLibrary" type="TEARDOWN">
<doc>Closes the current browser.</doc>
<status status="PASS" start="2025-04-18T00:02:19.646680" elapsed="2.707654"/>
</kw>
<status status="FAIL" start="2025-04-17T23:58:57.162836" elapsed="205.191609"/>
</suite>
<statistics>
<total>
<stat pass="16" fail="1" skip="0">All Tests</stat>
</total>
<tag>
<stat pass="1" fail="0" skip="0">AboutPage</stat>
<stat pass="1" fail="0" skip="0">CheckIn</stat>
<stat pass="1" fail="0" skip="0">CheckOut</stat>
<stat pass="1" fail="0" skip="0">LoginEmployee</stat>
<stat pass="0" fail="1" skip="0">NotificationPage</stat>
<stat pass="1" fail="0" skip="0">ProfilePage_Seenotification</stat>
<stat pass="1" fail="0" skip="0">RequestClickSeeDetails</stat>
<stat pass="1" fail="0" skip="0">RequestSentEditdatawork</stat>
<stat pass="1" fail="0" skip="0">RequestSentLeaveRequest</stat>
<stat pass="1" fail="0" skip="0">RequestSentOvertime</stat>
<stat pass="1" fail="0" skip="0">WorkInfoDropdown</stat>
<stat pass="1" fail="0" skip="0">WorkInfoHistoryDetails</stat>
<stat pass="1" fail="0" skip="0">WorkInfoLoadPage</stat>
<stat pass="1" fail="0" skip="0">WorkInfoNoteSubmit</stat>
<stat pass="1" fail="0" skip="0">WorkInfoSubmitPositive</stat>
<stat pass="1" fail="0" skip="0">WorkInfoTabSwitchHistory</stat>
<stat pass="1" fail="0" skip="0">WorkInfoTooltipUI</stat>
</tag>
<suite>
<stat name="FrontEndTest" id="s1" pass="16" fail="1" skip="0">FrontEndTest</stat>
</suite>
</statistics>
<errors>
<msg time="2025-04-17T23:59:27.813255" level="WARN">Multiple tests with name 'Test Check In Page' executed in suite 'FrontEndTest'.</msg>
<msg time="2025-04-17T23:59:58.241768" level="WARN">Keyword 'Element Text Should Be' found both from a custom library 'SeleniumLibrary' and a standard library 'XML'. The custom keyword is used. To select explicitly, and to get rid of this warning, use either 'SeleniumLibrary.Element Text Should Be' or 'XML.Element Text Should Be'.</msg>
<msg time="2025-04-18T00:00:06.527451" level="WARN">Keyword 'Element Text Should Be' found both from a custom library 'SeleniumLibrary' and a standard library 'XML'. The custom keyword is used. To select explicitly, and to get rid of this warning, use either 'SeleniumLibrary.Element Text Should Be' or 'XML.Element Text Should Be'.</msg>
<msg time="2025-04-18T00:00:06.953481" level="WARN">Keyword 'Element Text Should Be' found both from a custom library 'SeleniumLibrary' and a standard library 'XML'. The custom keyword is used. To select explicitly, and to get rid of this warning, use either 'SeleniumLibrary.Element Text Should Be' or 'XML.Element Text Should Be'.</msg>
<msg time="2025-04-18T00:00:07.383115" level="WARN">Keyword 'Element Text Should Be' found both from a custom library 'SeleniumLibrary' and a standard library 'XML'. The custom keyword is used. To select explicitly, and to get rid of this warning, use either 'SeleniumLibrary.Element Text Should Be' or 'XML.Element Text Should Be'.</msg>
<msg time="2025-04-18T00:00:07.814158" level="WARN">Keyword 'Element Text Should Be' found both from a custom library 'SeleniumLibrary' and a standard library 'XML'. The custom keyword is used. To select explicitly, and to get rid of this warning, use either 'SeleniumLibrary.Element Text Should Be' or 'XML.Element Text Should Be'.</msg>
<msg time="2025-04-18T00:00:08.242991" level="WARN">Keyword 'Element Text Should Be' found both from a custom library 'SeleniumLibrary' and a standard library 'XML'. The custom keyword is used. To select explicitly, and to get rid of this warning, use either 'SeleniumLibrary.Element Text Should Be' or 'XML.Element Text Should Be'.</msg>
<msg time="2025-04-18T00:01:25.427826" level="WARN">Multiple tests with name 'Test Sent Request On Request Page' executed in suite 'FrontEndTest'.</msg>
<msg time="2025-04-18T00:01:44.494242" level="WARN">Multiple tests with name 'Test Sent Request On Request Page' executed in suite 'FrontEndTest'.</msg>
</errors>
</robot>
