<?xml version="1.0" encoding="UTF-8"?>
<robot generator="Robot 7.2.2 (Python 3.13.2 on win32)" generated="2025-04-19T03:26:37.283775" rpa="false" schemaversion="5">
<suite id="s1" name="FrontEndNGT" source="C:\ProgramData\Jenkins\.jenkins\workspace\daily-contract-pipeline\tests\FrontEndNGT.robot">
<kw name="Open Browser And Maximize" owner="KeyWord" type="SETUP">
<kw name="Open Browser" owner="SeleniumLibrary">
<msg time="2025-04-19T03:26:37.763111" level="INFO">Opening browser 'chrome' to base url 'http://localhost:5173/'.</msg>
<arg>${BASE_URL}</arg>
<arg>${BROWSER}</arg>
<doc>Opens a new browser instance to the optional ``url``.</doc>
<status status="PASS" start="2025-04-19T03:26:37.762877" elapsed="1.818498"/>
</kw>
<kw name="Maximize Browser Window" owner="SeleniumLibrary">
<doc>Maximizes current browser window.</doc>
<status status="PASS" start="2025-04-19T03:26:39.582315" elapsed="0.446088"/>
</kw>
<kw name="Set Selenium Speed" owner="SeleniumLibrary">
<arg>0.2s</arg>
<doc>Sets the delay that is waited after each Selenium command.</doc>
<status status="PASS" start="2025-04-19T03:26:40.028690" elapsed="0.000329"/>
</kw>
<status status="PASS" start="2025-04-19T03:26:37.762248" elapsed="2.266860"/>
</kw>
<test id="s1-t1" name="Test Login With Invalid Credentials" line="11">
<kw name="Set Screenshot Directory" owner="SeleniumLibrary">
<arg>${EXECDIR}/results/Screenshots/Login/Negative</arg>
<doc>Sets the directory for captured screenshots.</doc>
<status status="PASS" start="2025-04-19T03:26:40.030653" elapsed="0.000354"/>
</kw>
<kw name="Go To" owner="SeleniumLibrary">
<msg time="2025-04-19T03:26:40.031249" level="INFO">Opening url 'http://localhost:5173/'</msg>
<arg>${BASE_URL}</arg>
<doc>Navigates the current browser window to the provided ``url``.</doc>
<status status="PASS" start="2025-04-19T03:26:40.031127" elapsed="0.287531"/>
</kw>
<kw name="Click And Capture" owner="KeyWord">
<kw name="Wait Until Element Is Visible" owner="SeleniumLibrary">
<arg>${locator}</arg>
<arg>timeout=10s</arg>
<doc>Waits until the element ``locator`` is visible.</doc>
<status status="PASS" start="2025-04-19T03:26:40.319527" elapsed="0.450803"/>
</kw>
<kw name="Capture Page Screenshot" owner="SeleniumLibrary">
<msg time="2025-04-19T03:26:41.972156" level="INFO" html="true">&lt;/td&gt;&lt;/tr&gt;&lt;tr&gt;&lt;td colspan="3"&gt;&lt;a href="Screenshots/Login/Negative/InvalidLogin1.png"&gt;&lt;img src="Screenshots/Login/Negative/InvalidLogin1.png" width="800px"&gt;&lt;/a&gt;</msg>
<arg>${filename}</arg>
<doc>Takes a screenshot of the current page and embeds it into a log file.</doc>
<status status="PASS" start="2025-04-19T03:26:40.770808" elapsed="1.201623"/>
</kw>
<kw name="Click Element" owner="SeleniumLibrary">
<msg time="2025-04-19T03:26:41.973092" level="INFO">Clicking element 'xpath=//*[@id="root"]/div/div/div/div/div[1]'.</msg>
<arg>${locator}</arg>
<doc>Click the element identified by ``locator``.</doc>
<status status="PASS" start="2025-04-19T03:26:41.972716" elapsed="0.486221"/>
</kw>
<arg>xpath=//*[@id="root"]/div/div/div/div/div[1]</arg>
<arg>InvalidLogin1.png</arg>
<status status="PASS" start="2025-04-19T03:26:40.319110" elapsed="2.140466"/>
</kw>
<kw name="Input Text" owner="SeleniumLibrary">
<msg time="2025-04-19T03:26:42.460680" level="INFO">Typing text '20240010' into text field 'xpath=//*[@id="root"]/div/div/div/div[2]/form/div[1]/div/input'.</msg>
<arg>xpath=//*[@id="root"]/div/div/div/div[2]/form/div[1]/div/input</arg>
<arg>20240010</arg>
<doc>Types the given ``text`` into the text field identified by ``locator``.</doc>
<status status="PASS" start="2025-04-19T03:26:42.460062" elapsed="0.764464"/>
</kw>
<kw name="Input Password" owner="SeleniumLibrary">
<msg time="2025-04-19T03:26:43.225137" level="INFO">Typing password into text field 'xpath=//*[@id="root"]/div/div/div/div[2]/form/div[2]/div/input'.</msg>
<msg time="2025-04-19T03:26:43.670676" level="INFO">Temporally setting log level to: NONE</msg>
<arg>xpath=//*[@id="root"]/div/div/div/div[2]/form/div[2]/div/input</arg>
<arg>123456</arg>
<doc>Types the given password into the text field identified by ``locator``.</doc>
<status status="PASS" start="2025-04-19T03:26:43.224875" elapsed="0.710287"/>
</kw>
<kw name="Click And Capture" owner="KeyWord">
<kw name="Wait Until Element Is Visible" owner="SeleniumLibrary">
<arg>${locator}</arg>
<arg>timeout=10s</arg>
<doc>Waits until the element ``locator`` is visible.</doc>
<status status="PASS" start="2025-04-19T03:26:43.936293" elapsed="0.428955"/>
</kw>
<kw name="Capture Page Screenshot" owner="SeleniumLibrary">
<msg time="2025-04-19T03:26:44.676737" level="INFO" html="true">&lt;/td&gt;&lt;/tr&gt;&lt;tr&gt;&lt;td colspan="3"&gt;&lt;a href="Screenshots/Login/Negative/InvalidLogin2.png"&gt;&lt;img src="Screenshots/Login/Negative/InvalidLogin2.png" width="800px"&gt;&lt;/a&gt;</msg>
<arg>${filename}</arg>
<doc>Takes a screenshot of the current page and embeds it into a log file.</doc>
<status status="PASS" start="2025-04-19T03:26:44.365561" elapsed="0.311309"/>
</kw>
<kw name="Click Element" owner="SeleniumLibrary">
<msg time="2025-04-19T03:26:44.677401" level="INFO">Clicking element 'xpath=//*[@id="root"]/div/div/div/div[2]/form/button'.</msg>
<arg>${locator}</arg>
<doc>Click the element identified by ``locator``.</doc>
<status status="PASS" start="2025-04-19T03:26:44.677104" elapsed="0.511121"/>
</kw>
<arg>xpath=//*[@id="root"]/div/div/div/div[2]/form/button</arg>
<arg>InvalidLogin2.png</arg>
<status status="PASS" start="2025-04-19T03:26:43.935586" elapsed="1.253005"/>
</kw>
<kw name="Wait Until Element Is Visible" owner="SeleniumLibrary">
<arg>xpath=//div[contains(@class, "bg-red-50")]//p[contains(text(), "ชื่อผู้ใช้หรือรหัสผ่านไม่ถูกต้อง")]</arg>
<arg>timeout=10s</arg>
<doc>Waits until the element ``locator`` is visible.</doc>
<status status="PASS" start="2025-04-19T03:26:45.188967" elapsed="0.428005"/>
</kw>
<kw name="Capture Page Screenshot" owner="SeleniumLibrary">
<msg time="2025-04-19T03:26:45.924712" level="INFO" html="true">&lt;/td&gt;&lt;/tr&gt;&lt;tr&gt;&lt;td colspan="3"&gt;&lt;a href="Screenshots/Login/Negative/InvalidLogin3.png"&gt;&lt;img src="Screenshots/Login/Negative/InvalidLogin3.png" width="800px"&gt;&lt;/a&gt;</msg>
<arg>InvalidLogin3.png</arg>
<doc>Takes a screenshot of the current page and embeds it into a log file.</doc>
<status status="PASS" start="2025-04-19T03:26:45.617532" elapsed="0.307354"/>
</kw>
<doc>ตรวจสอบการแสดงผลเมื่อใส่ชื่อผู้ใช้หรือรหัสผ่านผิด</doc>
<tag>LoginNegative</tag>
<status status="PASS" start="2025-04-19T03:26:40.029214" elapsed="5.895862"/>
</test>
<test id="s1-t2" name="Test Checkin Outside Allowed Radius" line="27">
<kw name="Set Screenshot Directory" owner="SeleniumLibrary">
<arg>${EXECDIR}/results/Screenshots/Checkin/Negative</arg>
<doc>Sets the directory for captured screenshots.</doc>
<status status="PASS" start="2025-04-19T03:26:45.927106" elapsed="0.000445"/>
</kw>
<kw name="Go To" owner="SeleniumLibrary">
<msg time="2025-04-19T03:26:45.927871" level="INFO">Opening url 'http://localhost:5173/'</msg>
<arg>${BASE_URL}</arg>
<doc>Navigates the current browser window to the provided ``url``.</doc>
<status status="PASS" start="2025-04-19T03:26:45.927727" elapsed="0.314700"/>
</kw>
<kw name="Click And Capture" owner="KeyWord">
<kw name="Wait Until Element Is Visible" owner="SeleniumLibrary">
<arg>${locator}</arg>
<arg>timeout=10s</arg>
<doc>Waits until the element ``locator`` is visible.</doc>
<status status="PASS" start="2025-04-19T03:26:46.243077" elapsed="0.419680"/>
</kw>
<kw name="Capture Page Screenshot" owner="SeleniumLibrary">
<msg time="2025-04-19T03:26:46.902777" level="INFO" html="true">&lt;/td&gt;&lt;/tr&gt;&lt;tr&gt;&lt;td colspan="3"&gt;&lt;a href="Screenshots/Checkin/Negative/CheckIn1.png"&gt;&lt;img src="Screenshots/Checkin/Negative/CheckIn1.png" width="800px"&gt;&lt;/a&gt;</msg>
<arg>${filename}</arg>
<doc>Takes a screenshot of the current page and embeds it into a log file.</doc>
<status status="PASS" start="2025-04-19T03:26:46.663323" elapsed="0.239586"/>
</kw>
<kw name="Click Element" owner="SeleniumLibrary">
<msg time="2025-04-19T03:26:46.903512" level="INFO">Clicking element 'xpath=//*[@id="root"]/div/div/div/div/div[1]'.</msg>
<arg>${locator}</arg>
<doc>Click the element identified by ``locator``.</doc>
<status status="PASS" start="2025-04-19T03:26:46.903291" elapsed="0.471312"/>
</kw>
<arg>xpath=//*[@id="root"]/div/div/div/div/div[1]</arg>
<arg>CheckIn1.png</arg>
<status status="PASS" start="2025-04-19T03:26:46.242767" elapsed="1.132042"/>
</kw>
<kw name="Input Text" owner="SeleniumLibrary">
<msg time="2025-04-19T03:26:47.375276" level="INFO">Typing text '20240010' into text field 'xpath=//*[@id="root"]/div/div/div/div[2]/form/div[1]/div/input'.</msg>
<arg>xpath=//*[@id="root"]/div/div/div/div[2]/form/div[1]/div/input</arg>
<arg>20240010</arg>
<doc>Types the given ``text`` into the text field identified by ``locator``.</doc>
<status status="PASS" start="2025-04-19T03:26:47.375069" elapsed="0.720272"/>
</kw>
<kw name="Input Password" owner="SeleniumLibrary">
<msg time="2025-04-19T03:26:48.096143" level="INFO">Typing password into text field 'xpath=//*[@id="root"]/div/div/div/div[2]/form/div[2]/div/input'.</msg>
<msg time="2025-04-19T03:26:48.539235" level="INFO">Temporally setting log level to: NONE</msg>
<arg>xpath=//*[@id="root"]/div/div/div/div[2]/form/div[2]/div/input</arg>
<arg>1234567</arg>
<doc>Types the given password into the text field identified by ``locator``.</doc>
<status status="PASS" start="2025-04-19T03:26:48.095697" elapsed="0.759796"/>
</kw>
<kw name="Click And Capture" owner="KeyWord">
<kw name="Wait Until Element Is Visible" owner="SeleniumLibrary">
<arg>${locator}</arg>
<arg>timeout=10s</arg>
<doc>Waits until the element ``locator`` is visible.</doc>
<status status="PASS" start="2025-04-19T03:26:48.856165" elapsed="0.423431"/>
</kw>
<kw name="Capture Page Screenshot" owner="SeleniumLibrary">
<msg time="2025-04-19T03:26:49.594767" level="INFO" html="true">&lt;/td&gt;&lt;/tr&gt;&lt;tr&gt;&lt;td colspan="3"&gt;&lt;a href="Screenshots/Checkin/Negative/CheckIn2.png"&gt;&lt;img src="Screenshots/Checkin/Negative/CheckIn2.png" width="800px"&gt;&lt;/a&gt;</msg>
<arg>${filename}</arg>
<doc>Takes a screenshot of the current page and embeds it into a log file.</doc>
<status status="PASS" start="2025-04-19T03:26:49.280243" elapsed="0.314646"/>
</kw>
<kw name="Click Element" owner="SeleniumLibrary">
<msg time="2025-04-19T03:26:49.595306" level="INFO">Clicking element 'xpath=//*[@id="root"]/div/div/div/div[2]/form/button'.</msg>
<arg>${locator}</arg>
<doc>Click the element identified by ``locator``.</doc>
<status status="PASS" start="2025-04-19T03:26:49.595084" elapsed="0.478428"/>
</kw>
<arg>xpath=//*[@id="root"]/div/div/div/div[2]/form/button</arg>
<arg>CheckIn2.png</arg>
<status status="PASS" start="2025-04-19T03:26:48.855795" elapsed="1.217910"/>
</kw>
<kw name="Click And Capture" owner="KeyWord">
<kw name="Wait Until Element Is Visible" owner="SeleniumLibrary">
<arg>${locator}</arg>
<arg>timeout=10s</arg>
<doc>Waits until the element ``locator`` is visible.</doc>
<status status="PASS" start="2025-04-19T03:26:50.074634" elapsed="0.454372"/>
</kw>
<kw name="Capture Page Screenshot" owner="SeleniumLibrary">
<msg time="2025-04-19T03:26:50.770746" level="INFO" html="true">&lt;/td&gt;&lt;/tr&gt;&lt;tr&gt;&lt;td colspan="3"&gt;&lt;a href="Screenshots/Checkin/Negative/Checkin3.png"&gt;&lt;img src="Screenshots/Checkin/Negative/Checkin3.png" width="800px"&gt;&lt;/a&gt;</msg>
<arg>${filename}</arg>
<doc>Takes a screenshot of the current page and embeds it into a log file.</doc>
<status status="PASS" start="2025-04-19T03:26:50.529553" elapsed="0.241420"/>
</kw>
<kw name="Click Element" owner="SeleniumLibrary">
<msg time="2025-04-19T03:26:50.771540" level="INFO">Clicking element 'xpath=//*[@id="root"]/div/div/div[1]/nav/div/div/div[2]/a[1]'.</msg>
<arg>${locator}</arg>
<doc>Click the element identified by ``locator``.</doc>
<status status="PASS" start="2025-04-19T03:26:50.771221" elapsed="0.629937"/>
</kw>
<arg>xpath=//*[@id="root"]/div/div/div[1]/nav/div/div/div[2]/a[1]</arg>
<arg>Checkin3.png</arg>
<status status="PASS" start="2025-04-19T03:26:50.074032" elapsed="1.327479"/>
</kw>
<kw name="Set Geolocation" owner="KeyWord">
<kw name="Create Dictionary" owner="BuiltIn">
<msg time="2025-04-19T03:26:51.402580" level="INFO">${params} = {'latitude': '14.123456', 'longitude': '100.987654', 'accuracy': '100'}</msg>
<var>${params}</var>
<arg>latitude=${lat}</arg>
<arg>longitude=${lng}</arg>
<arg>accuracy=100</arg>
<doc>Creates and returns a dictionary based on the given ``items``.</doc>
<status status="PASS" start="2025-04-19T03:26:51.402223" elapsed="0.000402"/>
</kw>
<arg>${GEO_LAT}</arg>
<arg>${GEO_LNG}</arg>
<status status="PASS" start="2025-04-19T03:26:51.401865" elapsed="0.000836"/>
</kw>
<kw name="Reload Page" owner="SeleniumLibrary">
<doc>Simulates user reloading page.</doc>
<status status="PASS" start="2025-04-19T03:26:51.402798" elapsed="0.239925"/>
</kw>
<kw name="Wait Until Page Contains" owner="SeleniumLibrary">
<arg>ระบบบันทึกเวลาทำงาน</arg>
<arg>timeout=5s</arg>
<doc>Waits until ``text`` appears on the current page.</doc>
<status status="PASS" start="2025-04-19T03:26:51.643352" elapsed="0.248342"/>
</kw>
<kw name="Click And Capture" owner="KeyWord">
<kw name="Wait Until Element Is Visible" owner="SeleniumLibrary">
<arg>${locator}</arg>
<arg>timeout=10s</arg>
<doc>Waits until the element ``locator`` is visible.</doc>
<status status="PASS" start="2025-04-19T03:26:51.892651" elapsed="0.422736"/>
</kw>
<kw name="Capture Page Screenshot" owner="SeleniumLibrary">
<msg time="2025-04-19T03:26:52.602126" level="INFO" html="true">&lt;/td&gt;&lt;/tr&gt;&lt;tr&gt;&lt;td colspan="3"&gt;&lt;a href="Screenshots/Checkin/Negative/Checkin4.png"&gt;&lt;img src="Screenshots/Checkin/Negative/Checkin4.png" width="800px"&gt;&lt;/a&gt;</msg>
<arg>${filename}</arg>
<doc>Takes a screenshot of the current page and embeds it into a log file.</doc>
<status status="PASS" start="2025-04-19T03:26:52.315724" elapsed="0.286535"/>
</kw>
<kw name="Click Element" owner="SeleniumLibrary">
<msg time="2025-04-19T03:26:52.602701" level="INFO">Clicking element 'xpath=//*[@id="root"]/div/div/div[2]/div/div[2]/div[3]/button[1]'.</msg>
<arg>${locator}</arg>
<doc>Click the element identified by ``locator``.</doc>
<status status="PASS" start="2025-04-19T03:26:52.602456" elapsed="0.480047"/>
</kw>
<arg>xpath=//*[@id="root"]/div/div/div[2]/div/div[2]/div[3]/button[1]</arg>
<arg>Checkin4.png</arg>
<status status="PASS" start="2025-04-19T03:26:51.892138" elapsed="1.190658"/>
</kw>
<kw name="Capture Page Screenshot" owner="SeleniumLibrary">
<msg time="2025-04-19T03:26:53.419146" level="INFO" html="true">&lt;/td&gt;&lt;/tr&gt;&lt;tr&gt;&lt;td colspan="3"&gt;&lt;a href="Screenshots/Checkin/Negative/Checkin5.png"&gt;&lt;img src="Screenshots/Checkin/Negative/Checkin5.png" width="800px"&gt;&lt;/a&gt;</msg>
<arg>Checkin5.png</arg>
<doc>Takes a screenshot of the current page and embeds it into a log file.</doc>
<status status="PASS" start="2025-04-19T03:26:53.083151" elapsed="0.336135"/>
</kw>
<doc>ทดสอบการเช็คอินเมื่อตำแหน่งอยู่นอกพื้นที่ที่กำหนด</doc>
<tag>CheckinNegative</tag>
<status status="PASS" start="2025-04-19T03:26:45.925446" elapsed="7.494023"/>
</test>
<test id="s1-t3" name="Test Checkout Outside Allowed Radius" line="49">
<kw name="Set Screenshot Directory" owner="SeleniumLibrary">
<arg>${EXECDIR}/results/Screenshots/Checkin/Negative</arg>
<doc>Sets the directory for captured screenshots.</doc>
<status status="PASS" start="2025-04-19T03:26:53.420988" elapsed="0.000265"/>
</kw>
<kw name="Go To" owner="SeleniumLibrary">
<msg time="2025-04-19T03:26:53.421483" level="INFO">Opening url 'http://localhost:5173/'</msg>
<arg>${BASE_URL}</arg>
<doc>Navigates the current browser window to the provided ``url``.</doc>
<status status="PASS" start="2025-04-19T03:26:53.421381" elapsed="0.342116"/>
</kw>
<kw name="Click And Capture" owner="KeyWord">
<kw name="Wait Until Element Is Visible" owner="SeleniumLibrary">
<arg>${locator}</arg>
<arg>timeout=10s</arg>
<doc>Waits until the element ``locator`` is visible.</doc>
<status status="PASS" start="2025-04-19T03:26:53.764225" elapsed="0.420014"/>
</kw>
<kw name="Capture Page Screenshot" owner="SeleniumLibrary">
<msg time="2025-04-19T03:26:54.422386" level="INFO" html="true">&lt;/td&gt;&lt;/tr&gt;&lt;tr&gt;&lt;td colspan="3"&gt;&lt;a href="Screenshots/Checkin/Negative/CheckOut1.png"&gt;&lt;img src="Screenshots/Checkin/Negative/CheckOut1.png" width="800px"&gt;&lt;/a&gt;</msg>
<arg>${filename}</arg>
<doc>Takes a screenshot of the current page and embeds it into a log file.</doc>
<status status="PASS" start="2025-04-19T03:26:54.184642" elapsed="0.237889"/>
</kw>
<kw name="Click Element" owner="SeleniumLibrary">
<msg time="2025-04-19T03:26:54.422949" level="INFO">Clicking element 'xpath=//*[@id="root"]/div/div/div/div/div[1]'.</msg>
<arg>${locator}</arg>
<doc>Click the element identified by ``locator``.</doc>
<status status="PASS" start="2025-04-19T03:26:54.422733" elapsed="0.470636"/>
</kw>
<arg>xpath=//*[@id="root"]/div/div/div/div/div[1]</arg>
<arg>CheckOut1.png</arg>
<status status="PASS" start="2025-04-19T03:26:53.763846" elapsed="1.130190"/>
</kw>
<kw name="Input Text" owner="SeleniumLibrary">
<msg time="2025-04-19T03:26:54.895549" level="INFO">Typing text '20240010' into text field 'xpath=//*[@id="root"]/div/div/div/div[2]/form/div[1]/div/input'.</msg>
<arg>xpath=//*[@id="root"]/div/div/div/div[2]/form/div[1]/div/input</arg>
<arg>20240010</arg>
<doc>Types the given ``text`` into the text field identified by ``locator``.</doc>
<status status="PASS" start="2025-04-19T03:26:54.894679" elapsed="0.722843"/>
</kw>
<kw name="Input Password" owner="SeleniumLibrary">
<msg time="2025-04-19T03:26:55.618294" level="INFO">Typing password into text field 'xpath=//*[@id="root"]/div/div/div/div[2]/form/div[2]/div/input'.</msg>
<msg time="2025-04-19T03:26:56.061682" level="INFO">Temporally setting log level to: NONE</msg>
<arg>xpath=//*[@id="root"]/div/div/div/div[2]/form/div[2]/div/input</arg>
<arg>1234567</arg>
<doc>Types the given password into the text field identified by ``locator``.</doc>
<status status="PASS" start="2025-04-19T03:26:55.617992" elapsed="0.711016"/>
</kw>
<kw name="Click And Capture" owner="KeyWord">
<kw name="Wait Until Element Is Visible" owner="SeleniumLibrary">
<arg>${locator}</arg>
<arg>timeout=10s</arg>
<doc>Waits until the element ``locator`` is visible.</doc>
<status status="PASS" start="2025-04-19T03:26:56.329661" elapsed="0.421113"/>
</kw>
<kw name="Capture Page Screenshot" owner="SeleniumLibrary">
<msg time="2025-04-19T03:26:57.063395" level="INFO" html="true">&lt;/td&gt;&lt;/tr&gt;&lt;tr&gt;&lt;td colspan="3"&gt;&lt;a href="Screenshots/Checkin/Negative/CheckOut2.png"&gt;&lt;img src="Screenshots/Checkin/Negative/CheckOut2.png" width="800px"&gt;&lt;/a&gt;</msg>
<arg>${filename}</arg>
<doc>Takes a screenshot of the current page and embeds it into a log file.</doc>
<status status="PASS" start="2025-04-19T03:26:56.751164" elapsed="0.312351"/>
</kw>
<kw name="Click Element" owner="SeleniumLibrary">
<msg time="2025-04-19T03:26:57.063905" level="INFO">Clicking element 'xpath=//*[@id="root"]/div/div/div/div[2]/form/button'.</msg>
<arg>${locator}</arg>
<doc>Click the element identified by ``locator``.</doc>
<status status="PASS" start="2025-04-19T03:26:57.063696" elapsed="0.472745"/>
</kw>
<arg>xpath=//*[@id="root"]/div/div/div/div[2]/form/button</arg>
<arg>CheckOut2.png</arg>
<status status="PASS" start="2025-04-19T03:26:56.329303" elapsed="1.207478"/>
</kw>
<kw name="Click And Capture" owner="KeyWord">
<kw name="Wait Until Element Is Visible" owner="SeleniumLibrary">
<arg>${locator}</arg>
<arg>timeout=10s</arg>
<doc>Waits until the element ``locator`` is visible.</doc>
<status status="PASS" start="2025-04-19T03:26:57.537661" elapsed="0.436511"/>
</kw>
<kw name="Capture Page Screenshot" owner="SeleniumLibrary">
<msg time="2025-04-19T03:26:58.220579" level="INFO" html="true">&lt;/td&gt;&lt;/tr&gt;&lt;tr&gt;&lt;td colspan="3"&gt;&lt;a href="Screenshots/Checkin/Negative/CheckOut3.png"&gt;&lt;img src="Screenshots/Checkin/Negative/CheckOut3.png" width="800px"&gt;&lt;/a&gt;</msg>
<arg>${filename}</arg>
<doc>Takes a screenshot of the current page and embeds it into a log file.</doc>
<status status="PASS" start="2025-04-19T03:26:57.974664" elapsed="0.246045"/>
</kw>
<kw name="Click Element" owner="SeleniumLibrary">
<msg time="2025-04-19T03:26:58.221120" level="INFO">Clicking element 'xpath=//*[@id="root"]/div/div/div[1]/nav/div/div/div[2]/a[1]'.</msg>
<arg>${locator}</arg>
<doc>Click the element identified by ``locator``.</doc>
<status status="PASS" start="2025-04-19T03:26:58.220907" elapsed="0.621154"/>
</kw>
<arg>xpath=//*[@id="root"]/div/div/div[1]/nav/div/div/div[2]/a[1]</arg>
<arg>CheckOut3.png</arg>
<status status="PASS" start="2025-04-19T03:26:57.537158" elapsed="1.305161"/>
</kw>
<kw name="Set Geolocation" owner="KeyWord">
<kw name="Create Dictionary" owner="BuiltIn">
<msg time="2025-04-19T03:26:58.843263" level="INFO">${params} = {'latitude': '14.123456', 'longitude': '100.987654', 'accuracy': '100'}</msg>
<var>${params}</var>
<arg>latitude=${lat}</arg>
<arg>longitude=${lng}</arg>
<arg>accuracy=100</arg>
<doc>Creates and returns a dictionary based on the given ``items``.</doc>
<status status="PASS" start="2025-04-19T03:26:58.842957" elapsed="0.000338"/>
</kw>
<arg>${GEO_LAT}</arg>
<arg>${GEO_LNG}</arg>
<status status="PASS" start="2025-04-19T03:26:58.842536" elapsed="0.000848"/>
</kw>
<kw name="Reload Page" owner="SeleniumLibrary">
<doc>Simulates user reloading page.</doc>
<status status="PASS" start="2025-04-19T03:26:58.843485" elapsed="0.300857"/>
</kw>
<kw name="Wait Until Page Contains" owner="SeleniumLibrary">
<arg>ระบบบันทึกเวลาทำงาน</arg>
<arg>timeout=5s</arg>
<doc>Waits until ``text`` appears on the current page.</doc>
<status status="PASS" start="2025-04-19T03:26:59.144590" elapsed="0.212418"/>
</kw>
<kw name="Click And Capture" owner="KeyWord">
<kw name="Wait Until Element Is Visible" owner="SeleniumLibrary">
<arg>${locator}</arg>
<arg>timeout=10s</arg>
<doc>Waits until the element ``locator`` is visible.</doc>
<status status="PASS" start="2025-04-19T03:26:59.358047" elapsed="0.422973"/>
</kw>
<kw name="Capture Page Screenshot" owner="SeleniumLibrary">
<msg time="2025-04-19T03:27:00.065027" level="INFO" html="true">&lt;/td&gt;&lt;/tr&gt;&lt;tr&gt;&lt;td colspan="3"&gt;&lt;a href="Screenshots/Checkin/Negative/CheckOut3.png"&gt;&lt;img src="Screenshots/Checkin/Negative/CheckOut3.png" width="800px"&gt;&lt;/a&gt;</msg>
<arg>${filename}</arg>
<doc>Takes a screenshot of the current page and embeds it into a log file.</doc>
<status status="PASS" start="2025-04-19T03:26:59.781244" elapsed="0.283934"/>
</kw>
<kw name="Click Element" owner="SeleniumLibrary">
<msg time="2025-04-19T03:27:00.065554" level="INFO">Clicking element 'xpath=//*[@id="root"]/div/div/div[2]/div/div[2]/div[3]/button[2]'.</msg>
<arg>${locator}</arg>
<doc>Click the element identified by ``locator``.</doc>
<status status="PASS" start="2025-04-19T03:27:00.065361" elapsed="0.482711"/>
</kw>
<arg>xpath=//*[@id="root"]/div/div/div[2]/div/div[2]/div[3]/button[2]</arg>
<arg>CheckOut3.png</arg>
<status status="PASS" start="2025-04-19T03:26:59.357572" elapsed="1.190715"/>
</kw>
<kw name="Capture Page Screenshot" owner="SeleniumLibrary">
<msg time="2025-04-19T03:27:00.853685" level="INFO" html="true">&lt;/td&gt;&lt;/tr&gt;&lt;tr&gt;&lt;td colspan="3"&gt;&lt;a href="Screenshots/Checkin/Negative/CheckOut4.png"&gt;&lt;img src="Screenshots/Checkin/Negative/CheckOut4.png" width="800px"&gt;&lt;/a&gt;</msg>
<arg>CheckOut4.png</arg>
<doc>Takes a screenshot of the current page and embeds it into a log file.</doc>
<status status="PASS" start="2025-04-19T03:27:00.548586" elapsed="0.305225"/>
</kw>
<doc>ทดสอบการเช็คอินเมื่อตำแหน่งอยู่นอกพื้นที่ที่กำหนด</doc>
<tag>CheckoutNegative</tag>
<status status="PASS" start="2025-04-19T03:26:53.419790" elapsed="7.434485"/>
</test>
<test id="s1-t4" name="Test Notification Page When No Notification" line="72">
<kw name="Set Screenshot Directory" owner="SeleniumLibrary">
<arg>${EXECDIR}/results/Screenshots/Notification/Negative</arg>
<doc>Sets the directory for captured screenshots.</doc>
<status status="PASS" start="2025-04-19T03:27:00.856127" elapsed="0.000407"/>
</kw>
<kw name="Go To" owner="SeleniumLibrary">
<msg time="2025-04-19T03:27:00.856756" level="INFO">Opening url 'http://localhost:5173/'</msg>
<arg>${BASE_URL}</arg>
<doc>Navigates the current browser window to the provided ``url``.</doc>
<status status="PASS" start="2025-04-19T03:27:00.856654" elapsed="0.326030"/>
</kw>
<kw name="Click And Capture" owner="KeyWord">
<kw name="Wait Until Element Is Visible" owner="SeleniumLibrary">
<arg>${locator}</arg>
<arg>timeout=10s</arg>
<doc>Waits until the element ``locator`` is visible.</doc>
<status status="PASS" start="2025-04-19T03:27:01.183942" elapsed="0.420667"/>
</kw>
<kw name="Capture Page Screenshot" owner="SeleniumLibrary">
<msg time="2025-04-19T03:27:01.854140" level="INFO" html="true">&lt;/td&gt;&lt;/tr&gt;&lt;tr&gt;&lt;td colspan="3"&gt;&lt;a href="Screenshots/Notification/Negative/Notification1.png"&gt;&lt;img src="Screenshots/Notification/Negative/Notification1.png" width="800px"&gt;&lt;/a&gt;</msg>
<arg>${filename}</arg>
<doc>Takes a screenshot of the current page and embeds it into a log file.</doc>
<status status="PASS" start="2025-04-19T03:27:01.604967" elapsed="0.249343"/>
</kw>
<kw name="Click Element" owner="SeleniumLibrary">
<msg time="2025-04-19T03:27:01.854959" level="INFO">Clicking element 'xpath=//*[@id="root"]/div/div/div/div/div[1]'.</msg>
<arg>${locator}</arg>
<doc>Click the element identified by ``locator``.</doc>
<status status="PASS" start="2025-04-19T03:27:01.854582" elapsed="0.479248"/>
</kw>
<arg>xpath=//*[@id="root"]/div/div/div/div/div[1]</arg>
<arg>Notification1.png</arg>
<status status="PASS" start="2025-04-19T03:27:01.183154" elapsed="1.150933"/>
</kw>
<kw name="Input Text" owner="SeleniumLibrary">
<msg time="2025-04-19T03:27:02.334789" level="INFO">Typing text '20240001' into text field 'xpath=//*[@id="root"]/div/div/div/div[2]/form/div[1]/div/input'.</msg>
<arg>xpath=//*[@id="root"]/div/div/div/div[2]/form/div[1]/div/input</arg>
<arg>20240001</arg>
<doc>Types the given ``text`` into the text field identified by ``locator``.</doc>
<status status="PASS" start="2025-04-19T03:27:02.334320" elapsed="0.719271"/>
</kw>
<kw name="Input Password" owner="SeleniumLibrary">
<msg time="2025-04-19T03:27:03.054780" level="INFO">Typing password into text field 'xpath=//*[@id="root"]/div/div/div/div[2]/form/div[2]/div/input'.</msg>
<msg time="2025-04-19T03:27:03.496234" level="INFO">Temporally setting log level to: NONE</msg>
<arg>xpath=//*[@id="root"]/div/div/div/div[2]/form/div[2]/div/input</arg>
<arg>1234567</arg>
<doc>Types the given password into the text field identified by ``locator``.</doc>
<status status="PASS" start="2025-04-19T03:27:03.054223" elapsed="0.710390"/>
</kw>
<kw name="Click And Capture" owner="KeyWord">
<kw name="Wait Until Element Is Visible" owner="SeleniumLibrary">
<arg>${locator}</arg>
<arg>timeout=10s</arg>
<doc>Waits until the element ``locator`` is visible.</doc>
<status status="PASS" start="2025-04-19T03:27:03.765524" elapsed="0.422438"/>
</kw>
<kw name="Capture Page Screenshot" owner="SeleniumLibrary">
<msg time="2025-04-19T03:27:04.508636" level="INFO" html="true">&lt;/td&gt;&lt;/tr&gt;&lt;tr&gt;&lt;td colspan="3"&gt;&lt;a href="Screenshots/Notification/Negative/Notification2.png"&gt;&lt;img src="Screenshots/Notification/Negative/Notification2.png" width="800px"&gt;&lt;/a&gt;</msg>
<arg>${filename}</arg>
<doc>Takes a screenshot of the current page and embeds it into a log file.</doc>
<status status="PASS" start="2025-04-19T03:27:04.188310" elapsed="0.320452"/>
</kw>
<kw name="Click Element" owner="SeleniumLibrary">
<msg time="2025-04-19T03:27:04.509213" level="INFO">Clicking element 'xpath=//*[@id="root"]/div/div/div/div[2]/form/button'.</msg>
<arg>${locator}</arg>
<doc>Click the element identified by ``locator``.</doc>
<status status="PASS" start="2025-04-19T03:27:04.508971" elapsed="0.498938"/>
</kw>
<arg>xpath=//*[@id="root"]/div/div/div/div[2]/form/button</arg>
<arg>Notification2.png</arg>
<status status="PASS" start="2025-04-19T03:27:03.765017" elapsed="1.243435"/>
</kw>
<kw name="Click And Capture" owner="KeyWord">
<kw name="Wait Until Element Is Visible" owner="SeleniumLibrary">
<arg>${locator}</arg>
<arg>timeout=10s</arg>
<doc>Waits until the element ``locator`` is visible.</doc>
<status status="PASS" start="2025-04-19T03:27:05.010146" elapsed="0.496833"/>
</kw>
<kw name="Capture Page Screenshot" owner="SeleniumLibrary">
<msg time="2025-04-19T03:27:05.751337" level="INFO" html="true">&lt;/td&gt;&lt;/tr&gt;&lt;tr&gt;&lt;td colspan="3"&gt;&lt;a href="Screenshots/Notification/Negative/Notification3.png"&gt;&lt;img src="Screenshots/Notification/Negative/Notification3.png" width="800px"&gt;&lt;/a&gt;</msg>
<arg>${filename}</arg>
<doc>Takes a screenshot of the current page and embeds it into a log file.</doc>
<status status="PASS" start="2025-04-19T03:27:05.507380" elapsed="0.244164"/>
</kw>
<kw name="Click Element" owner="SeleniumLibrary">
<msg time="2025-04-19T03:27:05.752060" level="INFO">Clicking element 'xpath=//*[@id="root"]/div/div/div[1]/nav/div/div/div[2]/a[2]'.</msg>
<arg>${locator}</arg>
<doc>Click the element identified by ``locator``.</doc>
<status status="PASS" start="2025-04-19T03:27:05.751774" elapsed="0.617897"/>
</kw>
<arg>xpath=//*[@id="root"]/div/div/div[1]/nav/div/div/div[2]/a[2]</arg>
<arg>Notification3.png</arg>
<status status="PASS" start="2025-04-19T03:27:05.009026" elapsed="1.360818"/>
</kw>
<kw name="Wait Until Page Contains Element" owner="SeleniumLibrary">
<arg>xpath=//p[contains(text(), "ไม่มีการแจ้งเตือน")]</arg>
<arg>timeout=5s</arg>
<doc>Waits until the element ``locator`` appears on the current page.</doc>
<status status="PASS" start="2025-04-19T03:27:06.369986" elapsed="0.215576"/>
</kw>
<kw name="Element Should Be Visible" owner="SeleniumLibrary">
<msg time="2025-04-19T03:27:07.007220" level="INFO">Element 'xpath=//p[contains(text(), "ไม่มีการแจ้งเตือน")]' is displayed.</msg>
<arg>xpath=//p[contains(text(), "ไม่มีการแจ้งเตือน")]</arg>
<doc>Verifies that the element identified by ``locator`` is visible.</doc>
<status status="PASS" start="2025-04-19T03:27:06.585812" elapsed="0.421654"/>
</kw>
<kw name="Capture Page Screenshot" owner="SeleniumLibrary">
<msg time="2025-04-19T03:27:07.247197" level="INFO" html="true">&lt;/td&gt;&lt;/tr&gt;&lt;tr&gt;&lt;td colspan="3"&gt;&lt;a href="Screenshots/Notification/Negative/Notification4.png"&gt;&lt;img src="Screenshots/Notification/Negative/Notification4.png" width="800px"&gt;&lt;/a&gt;</msg>
<arg>Notification4.png</arg>
<doc>Takes a screenshot of the current page and embeds it into a log file.</doc>
<status status="PASS" start="2025-04-19T03:27:07.007916" elapsed="0.239408"/>
</kw>
<doc>ทดสอบเมื่อหน้าการแจ้งเตือนไม่มีการแจ้งเตือนเลย</doc>
<tag>NotificationNegative</tag>
<status status="PASS" start="2025-04-19T03:27:00.854552" elapsed="6.392915"/>
</test>
<test id="s1-t5" name="Test Case For Workinfo Page dropdown" line="92">
<kw name="Set Screenshot Directory" owner="SeleniumLibrary">
<arg>${EXECDIR}/results/Screenshots/WorkInfo/Dropdown/Negative</arg>
<doc>Sets the directory for captured screenshots.</doc>
<status status="PASS" start="2025-04-19T03:27:07.248757" elapsed="0.000580"/>
</kw>
<kw name="Go To" owner="SeleniumLibrary">
<msg time="2025-04-19T03:27:07.249845" level="INFO">Opening url 'http://localhost:5173/'</msg>
<arg>${BASE_URL}</arg>
<doc>Navigates the current browser window to the provided ``url``.</doc>
<status status="PASS" start="2025-04-19T03:27:07.249647" elapsed="0.295983"/>
</kw>
<kw name="Click And Capture" owner="KeyWord">
<kw name="Wait Until Element Is Visible" owner="SeleniumLibrary">
<arg>${locator}</arg>
<arg>timeout=10s</arg>
<doc>Waits until the element ``locator`` is visible.</doc>
<status status="PASS" start="2025-04-19T03:27:07.546418" elapsed="0.425206"/>
</kw>
<kw name="Capture Page Screenshot" owner="SeleniumLibrary">
<msg time="2025-04-19T03:27:08.219636" level="INFO" html="true">&lt;/td&gt;&lt;/tr&gt;&lt;tr&gt;&lt;td colspan="3"&gt;&lt;a href="Screenshots/WorkInfo/Dropdown/Negative/WorkInfoDropDown1.png"&gt;&lt;img src="Screenshots/WorkInfo/Dropdown/Negative/WorkInfoDropDown1.png" width="800px"&gt;&lt;/a&gt;</msg>
<arg>${filename}</arg>
<doc>Takes a screenshot of the current page and embeds it into a log file.</doc>
<status status="PASS" start="2025-04-19T03:27:07.971895" elapsed="0.247909"/>
</kw>
<kw name="Click Element" owner="SeleniumLibrary">
<msg time="2025-04-19T03:27:08.220332" level="INFO">Clicking element 'xpath=//*[@id="root"]/div/div/div/div/div[1]'.</msg>
<arg>${locator}</arg>
<doc>Click the element identified by ``locator``.</doc>
<status status="PASS" start="2025-04-19T03:27:08.220047" elapsed="0.482840"/>
</kw>
<arg>xpath=//*[@id="root"]/div/div/div/div/div[1]</arg>
<arg>WorkInfoDropDown1.png</arg>
<status status="PASS" start="2025-04-19T03:27:07.546099" elapsed="1.157125"/>
</kw>
<kw name="Input Text" owner="SeleniumLibrary">
<msg time="2025-04-19T03:27:08.703741" level="INFO">Typing text '20240001' into text field 'xpath=//*[@id="root"]/div/div/div/div[2]/form/div[1]/div/input'.</msg>
<arg>xpath=//*[@id="root"]/div/div/div/div[2]/form/div[1]/div/input</arg>
<arg>20240001</arg>
<doc>Types the given ``text`` into the text field identified by ``locator``.</doc>
<status status="PASS" start="2025-04-19T03:27:08.703443" elapsed="0.714324"/>
</kw>
<kw name="Input Password" owner="SeleniumLibrary">
<msg time="2025-04-19T03:27:09.418691" level="INFO">Typing password into text field 'xpath=//*[@id="root"]/div/div/div/div[2]/form/div[2]/div/input'.</msg>
<msg time="2025-04-19T03:27:09.875193" level="INFO">Temporally setting log level to: NONE</msg>
<arg>xpath=//*[@id="root"]/div/div/div/div[2]/form/div[2]/div/input</arg>
<arg>1234567</arg>
<doc>Types the given password into the text field identified by ``locator``.</doc>
<status status="PASS" start="2025-04-19T03:27:09.418228" elapsed="0.725766"/>
</kw>
<kw name="Click And Capture" owner="KeyWord">
<kw name="Wait Until Element Is Visible" owner="SeleniumLibrary">
<arg>${locator}</arg>
<arg>timeout=10s</arg>
<doc>Waits until the element ``locator`` is visible.</doc>
<status status="PASS" start="2025-04-19T03:27:10.145199" elapsed="0.422329"/>
</kw>
<kw name="Capture Page Screenshot" owner="SeleniumLibrary">
<msg time="2025-04-19T03:27:10.882133" level="INFO" html="true">&lt;/td&gt;&lt;/tr&gt;&lt;tr&gt;&lt;td colspan="3"&gt;&lt;a href="Screenshots/WorkInfo/Dropdown/Negative/WorkInfoDropDown2.png"&gt;&lt;img src="Screenshots/WorkInfo/Dropdown/Negative/WorkInfoDropDown2.png" width="800px"&gt;&lt;/a&gt;</msg>
<arg>${filename}</arg>
<doc>Takes a screenshot of the current page and embeds it into a log file.</doc>
<status status="PASS" start="2025-04-19T03:27:10.567935" elapsed="0.314348"/>
</kw>
<kw name="Click Element" owner="SeleniumLibrary">
<msg time="2025-04-19T03:27:10.882674" level="INFO">Clicking element 'xpath=//*[@id="root"]/div/div/div/div[2]/form/button'.</msg>
<arg>${locator}</arg>
<doc>Click the element identified by ``locator``.</doc>
<status status="PASS" start="2025-04-19T03:27:10.882465" elapsed="0.471076"/>
</kw>
<arg>xpath=//*[@id="root"]/div/div/div/div[2]/form/button</arg>
<arg>WorkInfoDropDown2.png</arg>
<status status="PASS" start="2025-04-19T03:27:10.144649" elapsed="1.209253"/>
</kw>
<kw name="Click And Capture" owner="KeyWord">
<kw name="Wait Until Element Is Visible" owner="SeleniumLibrary">
<arg>${locator}</arg>
<arg>timeout=10s</arg>
<doc>Waits until the element ``locator`` is visible.</doc>
<status status="PASS" start="2025-04-19T03:27:11.355065" elapsed="0.422351"/>
</kw>
<kw name="Capture Page Screenshot" owner="SeleniumLibrary">
<msg time="2025-04-19T03:27:12.019217" level="INFO" html="true">&lt;/td&gt;&lt;/tr&gt;&lt;tr&gt;&lt;td colspan="3"&gt;&lt;a href="Screenshots/WorkInfo/Dropdown/Negative/WorkInfoDropdown3.png"&gt;&lt;img src="Screenshots/WorkInfo/Dropdown/Negative/WorkInfoDropdown3.png" width="800px"&gt;&lt;/a&gt;</msg>
<arg>${filename}</arg>
<doc>Takes a screenshot of the current page and embeds it into a log file.</doc>
<status status="PASS" start="2025-04-19T03:27:11.777896" elapsed="0.241440"/>
</kw>
<kw name="Click Element" owner="SeleniumLibrary">
<msg time="2025-04-19T03:27:12.019726" level="INFO">Clicking element 'xpath=//*[@id="root"]/div/div/div[1]/nav/div/div/div[2]/a[3]'.</msg>
<arg>${locator}</arg>
<doc>Click the element identified by ``locator``.</doc>
<status status="PASS" start="2025-04-19T03:27:12.019521" elapsed="0.580994"/>
</kw>
<arg>xpath=//*[@id="root"]/div/div/div[1]/nav/div/div/div[2]/a[3]</arg>
<arg>WorkInfoDropdown3.png</arg>
<status status="PASS" start="2025-04-19T03:27:11.354371" elapsed="1.246367"/>
</kw>
<kw name="Input Text" owner="SeleniumLibrary">
<msg time="2025-04-19T03:27:12.601172" level="INFO">Typing text '5' into text field 'xpath=//*[@id="root"]/div/div/div[2]/div/div[2]/form/div[1]/div[2]/div/input'.</msg>
<arg>xpath=//*[@id="root"]/div/div/div[2]/div/div[2]/form/div[1]/div[2]/div/input</arg>
<arg>5</arg>
<doc>Types the given ``text`` into the text field identified by ``locator``.</doc>
<status status="PASS" start="2025-04-19T03:27:12.600973" elapsed="0.695194"/>
</kw>
<kw name="Input Text" owner="SeleniumLibrary">
<msg time="2025-04-19T03:27:13.296991" level="INFO">Typing text 'test' into text field 'xpath=//*[@id="root"]/div/div/div[2]/div/div[2]/form/div[2]/div/textarea'.</msg>
<arg>xpath=//*[@id="root"]/div/div/div[2]/div/div[2]/form/div[2]/div/textarea</arg>
<arg>test</arg>
<doc>Types the given ``text`` into the text field identified by ``locator``.</doc>
<status status="PASS" start="2025-04-19T03:27:13.296571" elapsed="0.698621"/>
</kw>
<kw name="Input Text" owner="SeleniumLibrary">
<msg time="2025-04-19T03:27:13.995759" level="INFO">Typing text 'test' into text field 'xpath=//*[@id="root"]/div/div/div[2]/div/div[2]/form/div[3]/div/input'.</msg>
<arg>xpath=//*[@id="root"]/div/div/div[2]/div/div[2]/form/div[3]/div/input</arg>
<arg>test</arg>
<doc>Types the given ``text`` into the text field identified by ``locator``.</doc>
<status status="PASS" start="2025-04-19T03:27:13.995517" elapsed="0.705664"/>
</kw>
<kw name="Click And Capture" owner="KeyWord">
<kw name="Wait Until Element Is Visible" owner="SeleniumLibrary">
<arg>${locator}</arg>
<arg>timeout=10s</arg>
<doc>Waits until the element ``locator`` is visible.</doc>
<status status="PASS" start="2025-04-19T03:27:14.701789" elapsed="0.428934"/>
</kw>
<kw name="Capture Page Screenshot" owner="SeleniumLibrary">
<msg time="2025-04-19T03:27:15.370622" level="INFO" html="true">&lt;/td&gt;&lt;/tr&gt;&lt;tr&gt;&lt;td colspan="3"&gt;&lt;a href="Screenshots/WorkInfo/Dropdown/Negative/WorkInfoDropdown4.png"&gt;&lt;img src="Screenshots/WorkInfo/Dropdown/Negative/WorkInfoDropdown4.png" width="800px"&gt;&lt;/a&gt;</msg>
<arg>${filename}</arg>
<doc>Takes a screenshot of the current page and embeds it into a log file.</doc>
<status status="PASS" start="2025-04-19T03:27:15.131319" elapsed="0.239463"/>
</kw>
<kw name="Click Element" owner="SeleniumLibrary">
<msg time="2025-04-19T03:27:15.371338" level="INFO">Clicking element 'xpath=//*[@id="root"]/div/div/div[2]/div/div[2]/form/div[4]/button[2]'.</msg>
<arg>${locator}</arg>
<doc>Click the element identified by ``locator``.</doc>
<status status="PASS" start="2025-04-19T03:27:15.371006" elapsed="0.484317"/>
</kw>
<arg>xpath=//*[@id="root"]/div/div/div[2]/div/div[2]/form/div[4]/button[2]</arg>
<arg>WorkInfoDropdown4.png</arg>
<status status="PASS" start="2025-04-19T03:27:14.701450" elapsed="1.154446"/>
</kw>
<kw name="Execute Javascript" owner="SeleniumLibrary">
<msg time="2025-04-19T03:27:15.857269" level="INFO">Executing JavaScript:
return document.querySelector("select").checkValidity();
Without any arguments.</msg>
<msg time="2025-04-19T03:27:16.065541" level="INFO">${valid} = False</msg>
<var>${valid}</var>
<arg>return document.querySelector("select").checkValidity();</arg>
<doc>Executes the given JavaScript code with possible arguments.</doc>
<status status="PASS" start="2025-04-19T03:27:15.856326" elapsed="0.209270"/>
</kw>
<kw name="Should Be Equal" owner="BuiltIn">
<arg>${valid}</arg>
<arg>${False}</arg>
<doc>Fails if the given objects are unequal.</doc>
<status status="PASS" start="2025-04-19T03:27:16.065768" elapsed="0.000221"/>
</kw>
<kw name="Capture Page Screenshot" owner="SeleniumLibrary">
<msg time="2025-04-19T03:27:16.336788" level="INFO" html="true">&lt;/td&gt;&lt;/tr&gt;&lt;tr&gt;&lt;td colspan="3"&gt;&lt;a href="Screenshots/WorkInfo/Dropdown/Negative/WorkInfoDropdown5.png"&gt;&lt;img src="Screenshots/WorkInfo/Dropdown/Negative/WorkInfoDropdown5.png" width="800px"&gt;&lt;/a&gt;</msg>
<arg>WorkInfoDropdown5.png</arg>
<doc>Takes a screenshot of the current page and embeds it into a log file.</doc>
<status status="PASS" start="2025-04-19T03:27:16.066086" elapsed="0.270816"/>
</kw>
<doc>ทดสอบเมื่อไม่ได้เลือกข้อมูลใน dropdown</doc>
<tag>WorkInfoDropdown</tag>
<status status="PASS" start="2025-04-19T03:27:07.247726" elapsed="9.089303"/>
</test>
<test id="s1-t6" name="Test Case For Workinfo Page Hour" line="118">
<kw name="Set Screenshot Directory" owner="SeleniumLibrary">
<arg>${EXECDIR}/results/Screenshots/WorkInfo/Hours/Negative</arg>
<doc>Sets the directory for captured screenshots.</doc>
<status status="PASS" start="2025-04-19T03:27:16.338181" elapsed="0.000272"/>
</kw>
<kw name="Go To" owner="SeleniumLibrary">
<msg time="2025-04-19T03:27:16.338764" level="INFO">Opening url 'http://localhost:5173/'</msg>
<arg>${BASE_URL}</arg>
<doc>Navigates the current browser window to the provided ``url``.</doc>
<status status="PASS" start="2025-04-19T03:27:16.338606" elapsed="0.316573"/>
</kw>
<kw name="Click And Capture" owner="KeyWord">
<kw name="Wait Until Element Is Visible" owner="SeleniumLibrary">
<arg>${locator}</arg>
<arg>timeout=10s</arg>
<doc>Waits until the element ``locator`` is visible.</doc>
<status status="PASS" start="2025-04-19T03:27:16.655865" elapsed="0.420628"/>
</kw>
<kw name="Capture Page Screenshot" owner="SeleniumLibrary">
<msg time="2025-04-19T03:27:17.319401" level="INFO" html="true">&lt;/td&gt;&lt;/tr&gt;&lt;tr&gt;&lt;td colspan="3"&gt;&lt;a href="Screenshots/WorkInfo/Hours/Negative/Hours1.png"&gt;&lt;img src="Screenshots/WorkInfo/Hours/Negative/Hours1.png" width="800px"&gt;&lt;/a&gt;</msg>
<arg>${filename}</arg>
<doc>Takes a screenshot of the current page and embeds it into a log file.</doc>
<status status="PASS" start="2025-04-19T03:27:17.076864" elapsed="0.242661"/>
</kw>
<kw name="Click Element" owner="SeleniumLibrary">
<msg time="2025-04-19T03:27:17.319974" level="INFO">Clicking element 'xpath=//*[@id="root"]/div/div/div/div/div[1]'.</msg>
<arg>${locator}</arg>
<doc>Click the element identified by ``locator``.</doc>
<status status="PASS" start="2025-04-19T03:27:17.319753" elapsed="0.485007"/>
</kw>
<arg>xpath=//*[@id="root"]/div/div/div/div/div[1]</arg>
<arg>Hours1.png</arg>
<status status="PASS" start="2025-04-19T03:27:16.655507" elapsed="1.149900"/>
</kw>
<kw name="Input Text" owner="SeleniumLibrary">
<msg time="2025-04-19T03:27:17.806421" level="INFO">Typing text '20240008' into text field 'xpath=//*[@id="root"]/div/div/div/div[2]/form/div[1]/div/input'.</msg>
<arg>xpath=//*[@id="root"]/div/div/div/div[2]/form/div[1]/div/input</arg>
<arg>20240008</arg>
<doc>Types the given ``text`` into the text field identified by ``locator``.</doc>
<status status="PASS" start="2025-04-19T03:27:17.805801" elapsed="0.719361"/>
</kw>
<kw name="Input Password" owner="SeleniumLibrary">
<msg time="2025-04-19T03:27:18.525775" level="INFO">Typing password into text field 'xpath=//*[@id="root"]/div/div/div/div[2]/form/div[2]/div/input'.</msg>
<msg time="2025-04-19T03:27:18.963572" level="INFO">Temporally setting log level to: NONE</msg>
<arg>xpath=//*[@id="root"]/div/div/div/div[2]/form/div[2]/div/input</arg>
<arg>123456</arg>
<doc>Types the given password into the text field identified by ``locator``.</doc>
<status status="PASS" start="2025-04-19T03:27:18.525488" elapsed="0.703233"/>
</kw>
<kw name="Click And Capture" owner="KeyWord">
<kw name="Wait Until Element Is Visible" owner="SeleniumLibrary">
<arg>${locator}</arg>
<arg>timeout=10s</arg>
<doc>Waits until the element ``locator`` is visible.</doc>
<status status="PASS" start="2025-04-19T03:27:19.229425" elapsed="0.423409"/>
</kw>
<kw name="Capture Page Screenshot" owner="SeleniumLibrary">
<msg time="2025-04-19T03:27:19.963285" level="INFO" html="true">&lt;/td&gt;&lt;/tr&gt;&lt;tr&gt;&lt;td colspan="3"&gt;&lt;a href="Screenshots/WorkInfo/Hours/Negative/Hours2.png"&gt;&lt;img src="Screenshots/WorkInfo/Hours/Negative/Hours2.png" width="800px"&gt;&lt;/a&gt;</msg>
<arg>${filename}</arg>
<doc>Takes a screenshot of the current page and embeds it into a log file.</doc>
<status status="PASS" start="2025-04-19T03:27:19.653317" elapsed="0.310094"/>
</kw>
<kw name="Click Element" owner="SeleniumLibrary">
<msg time="2025-04-19T03:27:19.963932" level="INFO">Clicking element 'xpath=//*[@id="root"]/div/div/div/div[2]/form/button'.</msg>
<arg>${locator}</arg>
<doc>Click the element identified by ``locator``.</doc>
<status status="PASS" start="2025-04-19T03:27:19.963661" elapsed="0.473855"/>
</kw>
<arg>xpath=//*[@id="root"]/div/div/div/div[2]/form/button</arg>
<arg>Hours2.png</arg>
<status status="PASS" start="2025-04-19T03:27:19.229054" elapsed="1.208980"/>
</kw>
<kw name="Click And Capture" owner="KeyWord">
<kw name="Wait Until Element Is Visible" owner="SeleniumLibrary">
<arg>${locator}</arg>
<arg>timeout=10s</arg>
<doc>Waits until the element ``locator`` is visible.</doc>
<status status="PASS" start="2025-04-19T03:27:20.439805" elapsed="0.429948"/>
</kw>
<kw name="Capture Page Screenshot" owner="SeleniumLibrary">
<msg time="2025-04-19T03:27:21.118707" level="INFO" html="true">&lt;/td&gt;&lt;/tr&gt;&lt;tr&gt;&lt;td colspan="3"&gt;&lt;a href="Screenshots/WorkInfo/Hours/Negative/Hours3.png"&gt;&lt;img src="Screenshots/WorkInfo/Hours/Negative/Hours3.png" width="800px"&gt;&lt;/a&gt;</msg>
<arg>${filename}</arg>
<doc>Takes a screenshot of the current page and embeds it into a log file.</doc>
<status status="PASS" start="2025-04-19T03:27:20.870136" elapsed="0.248773"/>
</kw>
<kw name="Click Element" owner="SeleniumLibrary">
<msg time="2025-04-19T03:27:21.119691" level="INFO">Clicking element 'xpath=//*[@id="root"]/div/div/div[1]/nav/div/div/div[2]/a[3]'.</msg>
<arg>${locator}</arg>
<doc>Click the element identified by ``locator``.</doc>
<status status="PASS" start="2025-04-19T03:27:21.119224" elapsed="0.580912"/>
</kw>
<arg>xpath=//*[@id="root"]/div/div/div[1]/nav/div/div/div[2]/a[3]</arg>
<arg>Hours3.png</arg>
<status status="PASS" start="2025-04-19T03:27:20.438696" elapsed="1.261657"/>
</kw>
<kw name="Click And Capture" owner="KeyWord">
<kw name="Wait Until Element Is Visible" owner="SeleniumLibrary">
<arg>${locator}</arg>
<arg>timeout=10s</arg>
<doc>Waits until the element ``locator`` is visible.</doc>
<status status="PASS" start="2025-04-19T03:27:21.701103" elapsed="0.424794"/>
</kw>
<kw name="Capture Page Screenshot" owner="SeleniumLibrary">
<msg time="2025-04-19T03:27:22.367311" level="INFO" html="true">&lt;/td&gt;&lt;/tr&gt;&lt;tr&gt;&lt;td colspan="3"&gt;&lt;a href="Screenshots/WorkInfo/Hours/Negative/Hours4.png"&gt;&lt;img src="Screenshots/WorkInfo/Hours/Negative/Hours4.png" width="800px"&gt;&lt;/a&gt;</msg>
<arg>${filename}</arg>
<doc>Takes a screenshot of the current page and embeds it into a log file.</doc>
<status status="PASS" start="2025-04-19T03:27:22.126301" elapsed="0.241283"/>
</kw>
<kw name="Click Element" owner="SeleniumLibrary">
<msg time="2025-04-19T03:27:22.368387" level="INFO">Clicking element 'xpath=//*[@id="root"]/div/div/div[2]/div/div[2]/form/div[1]/div[1]/div/select'.</msg>
<arg>${locator}</arg>
<doc>Click the element identified by ``locator``.</doc>
<status status="PASS" start="2025-04-19T03:27:22.367962" elapsed="0.487407"/>
</kw>
<arg>xpath=//*[@id="root"]/div/div/div[2]/div/div[2]/form/div[1]/div[1]/div/select</arg>
<arg>Hours4.png</arg>
<status status="PASS" start="2025-04-19T03:27:21.700640" elapsed="1.154988"/>
</kw>
<kw name="Click And Capture" owner="KeyWord">
<kw name="Wait Until Element Is Visible" owner="SeleniumLibrary">
<arg>${locator}</arg>
<arg>timeout=10s</arg>
<doc>Waits until the element ``locator`` is visible.</doc>
<status status="PASS" start="2025-04-19T03:27:22.856248" elapsed="0.421952"/>
</kw>
<kw name="Capture Page Screenshot" owner="SeleniumLibrary">
<msg time="2025-04-19T03:27:23.519745" level="INFO" html="true">&lt;/td&gt;&lt;/tr&gt;&lt;tr&gt;&lt;td colspan="3"&gt;&lt;a href="Screenshots/WorkInfo/Hours/Negative/Hours5.png"&gt;&lt;img src="Screenshots/WorkInfo/Hours/Negative/Hours5.png" width="800px"&gt;&lt;/a&gt;</msg>
<arg>${filename}</arg>
<doc>Takes a screenshot of the current page and embeds it into a log file.</doc>
<status status="PASS" start="2025-04-19T03:27:23.278607" elapsed="0.241299"/>
</kw>
<kw name="Click Element" owner="SeleniumLibrary">
<msg time="2025-04-19T03:27:23.520321" level="INFO">Clicking element 'xpath=//*[@id="root"]/div/div/div[2]/div/div[2]/form/div[1]/div[1]/div/select/option[2]'.</msg>
<arg>${locator}</arg>
<doc>Click the element identified by ``locator``.</doc>
<status status="PASS" start="2025-04-19T03:27:23.520106" elapsed="0.437228"/>
</kw>
<arg>xpath=//*[@id="root"]/div/div/div[2]/div/div[2]/form/div[1]/div[1]/div/select/option[2]</arg>
<arg>Hours5.png</arg>
<status status="PASS" start="2025-04-19T03:27:22.855949" elapsed="1.101622"/>
</kw>
<kw name="Input Text" owner="SeleniumLibrary">
<msg time="2025-04-19T03:27:23.958125" level="INFO">Typing text 'test' into text field 'xpath=//*[@id="root"]/div/div/div[2]/div/div[2]/form/div[2]/div/textarea'.</msg>
<arg>xpath=//*[@id="root"]/div/div/div[2]/div/div[2]/form/div[2]/div/textarea</arg>
<arg>test</arg>
<doc>Types the given ``text`` into the text field identified by ``locator``.</doc>
<status status="PASS" start="2025-04-19T03:27:23.957856" elapsed="0.700858"/>
</kw>
<kw name="Input Text" owner="SeleniumLibrary">
<msg time="2025-04-19T03:27:24.659500" level="INFO">Typing text 'test' into text field 'xpath=//*[@id="root"]/div/div/div[2]/div/div[2]/form/div[3]/div/input'.</msg>
<arg>xpath=//*[@id="root"]/div/div/div[2]/div/div[2]/form/div[3]/div/input</arg>
<arg>test</arg>
<doc>Types the given ``text`` into the text field identified by ``locator``.</doc>
<status status="PASS" start="2025-04-19T03:27:24.659137" elapsed="0.715567"/>
</kw>
<kw name="Click And Capture" owner="KeyWord">
<kw name="Wait Until Element Is Visible" owner="SeleniumLibrary">
<arg>${locator}</arg>
<arg>timeout=10s</arg>
<doc>Waits until the element ``locator`` is visible.</doc>
<status status="PASS" start="2025-04-19T03:27:25.375909" elapsed="0.418457"/>
</kw>
<kw name="Capture Page Screenshot" owner="SeleniumLibrary">
<msg time="2025-04-19T03:27:26.030720" level="INFO" html="true">&lt;/td&gt;&lt;/tr&gt;&lt;tr&gt;&lt;td colspan="3"&gt;&lt;a href="Screenshots/WorkInfo/Hours/Negative/Hours6.png"&gt;&lt;img src="Screenshots/WorkInfo/Hours/Negative/Hours6.png" width="800px"&gt;&lt;/a&gt;</msg>
<arg>${filename}</arg>
<doc>Takes a screenshot of the current page and embeds it into a log file.</doc>
<status status="PASS" start="2025-04-19T03:27:25.794776" elapsed="0.236095"/>
</kw>
<kw name="Click Element" owner="SeleniumLibrary">
<msg time="2025-04-19T03:27:26.031750" level="INFO">Clicking element 'xpath=//*[@id="root"]/div/div/div[2]/div/div[2]/form/div[4]/button[2]'.</msg>
<arg>${locator}</arg>
<doc>Click the element identified by ``locator``.</doc>
<status status="PASS" start="2025-04-19T03:27:26.031135" elapsed="0.470689"/>
</kw>
<arg>xpath=//*[@id="root"]/div/div/div[2]/div/div[2]/form/div[4]/button[2]</arg>
<arg>Hours6.png</arg>
<status status="PASS" start="2025-04-19T03:27:25.375216" elapsed="1.126763"/>
</kw>
<kw name="Execute Javascript" owner="SeleniumLibrary">
<msg time="2025-04-19T03:27:26.502528" level="INFO">Executing JavaScript:
return document.querySelector("input").checkValidity();
Without any arguments.</msg>
<msg time="2025-04-19T03:27:26.711518" level="INFO">${valid} = False</msg>
<var>${valid}</var>
<arg>return document.querySelector("input").checkValidity();</arg>
<doc>Executes the given JavaScript code with possible arguments.</doc>
<status status="PASS" start="2025-04-19T03:27:26.502145" elapsed="0.209449"/>
</kw>
<kw name="Should Be Equal" owner="BuiltIn">
<arg>${valid}</arg>
<arg>${False}</arg>
<doc>Fails if the given objects are unequal.</doc>
<status status="PASS" start="2025-04-19T03:27:26.711815" elapsed="0.000250"/>
</kw>
<kw name="Capture Page Screenshot" owner="SeleniumLibrary">
<msg time="2025-04-19T03:27:26.971376" level="INFO" html="true">&lt;/td&gt;&lt;/tr&gt;&lt;tr&gt;&lt;td colspan="3"&gt;&lt;a href="Screenshots/WorkInfo/Hours/Negative/Hours7.png"&gt;&lt;img src="Screenshots/WorkInfo/Hours/Negative/Hours7.png" width="800px"&gt;&lt;/a&gt;</msg>
<arg>Hours7.png</arg>
<doc>Takes a screenshot of the current page and embeds it into a log file.</doc>
<status status="PASS" start="2025-04-19T03:27:26.712187" elapsed="0.259375"/>
</kw>
<doc>ทดสอบเมื่อไม่ได้กรอกข้อมูลเวลาการทำงาน</doc>
<tag>WorkInfoHours</tag>
<status status="PASS" start="2025-04-19T03:27:16.337240" elapsed="10.634608"/>
</test>
<test id="s1-t7" name="Test Case For Request Page leaveRequest Type" line="147">
<kw name="Set Screenshot Directory" owner="SeleniumLibrary">
<arg>${EXECDIR}/results/Screenshots/Request/LeaveRequest/Type</arg>
<doc>Sets the directory for captured screenshots.</doc>
<status status="PASS" start="2025-04-19T03:27:26.974071" elapsed="0.000677"/>
</kw>
<kw name="Go To" owner="SeleniumLibrary">
<msg time="2025-04-19T03:27:26.975273" level="INFO">Opening url 'http://localhost:5173/'</msg>
<arg>${BASE_URL}</arg>
<doc>Navigates the current browser window to the provided ``url``.</doc>
<status status="PASS" start="2025-04-19T03:27:26.974985" elapsed="0.330956"/>
</kw>
<kw name="Click And Capture" owner="KeyWord">
<kw name="Wait Until Element Is Visible" owner="SeleniumLibrary">
<arg>${locator}</arg>
<arg>timeout=10s</arg>
<doc>Waits until the element ``locator`` is visible.</doc>
<status status="PASS" start="2025-04-19T03:27:27.307639" elapsed="0.421421"/>
</kw>
<kw name="Capture Page Screenshot" owner="SeleniumLibrary">
<msg time="2025-04-19T03:27:27.970034" level="INFO" html="true">&lt;/td&gt;&lt;/tr&gt;&lt;tr&gt;&lt;td colspan="3"&gt;&lt;a href="Screenshots/Request/LeaveRequest/Type/LeaveRequest1.png"&gt;&lt;img src="Screenshots/Request/LeaveRequest/Type/LeaveRequest1.png" width="800px"&gt;&lt;/a&gt;</msg>
<arg>${filename}</arg>
<doc>Takes a screenshot of the current page and embeds it into a log file.</doc>
<status status="PASS" start="2025-04-19T03:27:27.729366" elapsed="0.240821"/>
</kw>
<kw name="Click Element" owner="SeleniumLibrary">
<msg time="2025-04-19T03:27:27.970667" level="INFO">Clicking element 'xpath=//*[@id="root"]/div/div/div/div/div[1]'.</msg>
<arg>${locator}</arg>
<doc>Click the element identified by ``locator``.</doc>
<status status="PASS" start="2025-04-19T03:27:27.970394" elapsed="0.471914"/>
</kw>
<arg>xpath=//*[@id="root"]/div/div/div/div/div[1]</arg>
<arg>LeaveRequest1.png</arg>
<status status="PASS" start="2025-04-19T03:27:27.306572" elapsed="1.135962"/>
</kw>
<kw name="Input Text" owner="SeleniumLibrary">
<msg time="2025-04-19T03:27:28.443179" level="INFO">Typing text '20240008' into text field 'xpath=//*[@id="root"]/div/div/div/div[2]/form/div[1]/div/input'.</msg>
<arg>xpath=//*[@id="root"]/div/div/div/div[2]/form/div[1]/div/input</arg>
<arg>20240008</arg>
<doc>Types the given ``text`` into the text field identified by ``locator``.</doc>
<status status="PASS" start="2025-04-19T03:27:28.442747" elapsed="0.718248"/>
</kw>
<kw name="Input Password" owner="SeleniumLibrary">
<msg time="2025-04-19T03:27:29.162188" level="INFO">Typing password into text field 'xpath=//*[@id="root"]/div/div/div/div[2]/form/div[2]/div/input'.</msg>
<msg time="2025-04-19T03:27:29.604835" level="INFO">Temporally setting log level to: NONE</msg>
<arg>xpath=//*[@id="root"]/div/div/div/div[2]/form/div[2]/div/input</arg>
<arg>123456</arg>
<doc>Types the given password into the text field identified by ``locator``.</doc>
<status status="PASS" start="2025-04-19T03:27:29.161448" elapsed="0.706467"/>
</kw>
<kw name="Click And Capture" owner="KeyWord">
<kw name="Wait Until Element Is Visible" owner="SeleniumLibrary">
<arg>${locator}</arg>
<arg>timeout=10s</arg>
<doc>Waits until the element ``locator`` is visible.</doc>
<status status="PASS" start="2025-04-19T03:27:29.868466" elapsed="0.423101"/>
</kw>
<kw name="Capture Page Screenshot" owner="SeleniumLibrary">
<msg time="2025-04-19T03:27:30.597071" level="INFO" html="true">&lt;/td&gt;&lt;/tr&gt;&lt;tr&gt;&lt;td colspan="3"&gt;&lt;a href="Screenshots/Request/LeaveRequest/Type/LeaveRequest2.png"&gt;&lt;img src="Screenshots/Request/LeaveRequest/Type/LeaveRequest2.png" width="800px"&gt;&lt;/a&gt;</msg>
<arg>${filename}</arg>
<doc>Takes a screenshot of the current page and embeds it into a log file.</doc>
<status status="PASS" start="2025-04-19T03:27:30.291969" elapsed="0.305231"/>
</kw>
<kw name="Click Element" owner="SeleniumLibrary">
<msg time="2025-04-19T03:27:30.597629" level="INFO">Clicking element 'xpath=//*[@id="root"]/div/div/div/div[2]/form/button'.</msg>
<arg>${locator}</arg>
<doc>Click the element identified by ``locator``.</doc>
<status status="PASS" start="2025-04-19T03:27:30.597401" elapsed="0.467845"/>
</kw>
<arg>xpath=//*[@id="root"]/div/div/div/div[2]/form/button</arg>
<arg>LeaveRequest2.png</arg>
<status status="PASS" start="2025-04-19T03:27:29.868167" elapsed="1.197267"/>
</kw>
<kw name="Click And Capture" owner="KeyWord">
<kw name="Wait Until Element Is Visible" owner="SeleniumLibrary">
<arg>${locator}</arg>
<arg>timeout=10s</arg>
<doc>Waits until the element ``locator`` is visible.</doc>
<status status="PASS" start="2025-04-19T03:27:31.066009" elapsed="0.420573"/>
</kw>
<kw name="Capture Page Screenshot" owner="SeleniumLibrary">
<msg time="2025-04-19T03:27:31.736347" level="INFO" html="true">&lt;/td&gt;&lt;/tr&gt;&lt;tr&gt;&lt;td colspan="3"&gt;&lt;a href="Screenshots/Request/LeaveRequest/Type/LeaveRequest3.png"&gt;&lt;img src="Screenshots/Request/LeaveRequest/Type/LeaveRequest3.png" width="800px"&gt;&lt;/a&gt;</msg>
<arg>${filename}</arg>
<doc>Takes a screenshot of the current page and embeds it into a log file.</doc>
<status status="PASS" start="2025-04-19T03:27:31.487095" elapsed="0.249447"/>
</kw>
<kw name="Click Element" owner="SeleniumLibrary">
<msg time="2025-04-19T03:27:31.737096" level="INFO">Clicking element 'xpath=//*[@id="root"]/div/div/div[1]/nav/div/div/div[2]/a[4]'.</msg>
<arg>${locator}</arg>
<doc>Click the element identified by ``locator``.</doc>
<status status="PASS" start="2025-04-19T03:27:31.736804" elapsed="0.623725"/>
</kw>
<arg>xpath=//*[@id="root"]/div/div/div[1]/nav/div/div/div[2]/a[4]</arg>
<arg>LeaveRequest3.png</arg>
<status status="PASS" start="2025-04-19T03:27:31.065654" elapsed="1.295111"/>
</kw>
<kw name="Click And Capture" owner="KeyWord">
<kw name="Wait Until Element Is Visible" owner="SeleniumLibrary">
<arg>${locator}</arg>
<arg>timeout=10s</arg>
<doc>Waits until the element ``locator`` is visible.</doc>
<status status="PASS" start="2025-04-19T03:27:32.361739" elapsed="0.423935"/>
</kw>
<kw name="Capture Page Screenshot" owner="SeleniumLibrary">
<msg time="2025-04-19T03:27:33.031263" level="INFO" html="true">&lt;/td&gt;&lt;/tr&gt;&lt;tr&gt;&lt;td colspan="3"&gt;&lt;a href="Screenshots/Request/LeaveRequest/Type/LeaveRequest4.png"&gt;&lt;img src="Screenshots/Request/LeaveRequest/Type/LeaveRequest4.png" width="800px"&gt;&lt;/a&gt;</msg>
<arg>${filename}</arg>
<doc>Takes a screenshot of the current page and embeds it into a log file.</doc>
<status status="PASS" start="2025-04-19T03:27:32.786153" elapsed="0.245294"/>
</kw>
<kw name="Click Element" owner="SeleniumLibrary">
<msg time="2025-04-19T03:27:33.032030" level="INFO">Clicking element 'xpath=//*[@id="formType"]'.</msg>
<arg>${locator}</arg>
<doc>Click the element identified by ``locator``.</doc>
<status status="PASS" start="2025-04-19T03:27:33.031711" elapsed="0.490140"/>
</kw>
<arg>xpath=//*[@id="formType"]</arg>
<arg>LeaveRequest4.png</arg>
<status status="PASS" start="2025-04-19T03:27:32.361070" elapsed="1.161039"/>
</kw>
<kw name="Click And Capture" owner="KeyWord">
<kw name="Wait Until Element Is Visible" owner="SeleniumLibrary">
<arg>${locator}</arg>
<arg>timeout=10s</arg>
<doc>Waits until the element ``locator`` is visible.</doc>
<status status="PASS" start="2025-04-19T03:27:33.522887" elapsed="0.424680"/>
</kw>
<kw name="Capture Page Screenshot" owner="SeleniumLibrary">
<msg time="2025-04-19T03:27:34.185838" level="INFO" html="true">&lt;/td&gt;&lt;/tr&gt;&lt;tr&gt;&lt;td colspan="3"&gt;&lt;a href="Screenshots/Request/LeaveRequest/Type/LeaveRequest5.png"&gt;&lt;img src="Screenshots/Request/LeaveRequest/Type/LeaveRequest5.png" width="800px"&gt;&lt;/a&gt;</msg>
<arg>${filename}</arg>
<doc>Takes a screenshot of the current page and embeds it into a log file.</doc>
<status status="PASS" start="2025-04-19T03:27:33.948087" elapsed="0.237898"/>
</kw>
<kw name="Click Element" owner="SeleniumLibrary">
<msg time="2025-04-19T03:27:34.186486" level="INFO">Clicking element 'xpath=//*[@id="formType"]/option[2]'.</msg>
<arg>${locator}</arg>
<doc>Click the element identified by ``locator``.</doc>
<status status="PASS" start="2025-04-19T03:27:34.186221" elapsed="0.444951"/>
</kw>
<arg>xpath=//*[@id="formType"]/option[2]</arg>
<arg>LeaveRequest5.png</arg>
<status status="PASS" start="2025-04-19T03:27:33.522515" elapsed="1.108890"/>
</kw>
<kw name="Click And Capture" owner="KeyWord">
<kw name="Wait Until Element Is Visible" owner="SeleniumLibrary">
<arg>${locator}</arg>
<arg>timeout=10s</arg>
<doc>Waits until the element ``locator`` is visible.</doc>
<status status="PASS" start="2025-04-19T03:27:34.632138" elapsed="0.424537"/>
</kw>
<kw name="Capture Page Screenshot" owner="SeleniumLibrary">
<msg time="2025-04-19T03:27:35.305068" level="INFO" html="true">&lt;/td&gt;&lt;/tr&gt;&lt;tr&gt;&lt;td colspan="3"&gt;&lt;a href="Screenshots/Request/LeaveRequest/Type/LeaveRequest6.png"&gt;&lt;img src="Screenshots/Request/LeaveRequest/Type/LeaveRequest6.png" width="800px"&gt;&lt;/a&gt;</msg>
<arg>${filename}</arg>
<doc>Takes a screenshot of the current page and embeds it into a log file.</doc>
<status status="PASS" start="2025-04-19T03:27:35.057154" elapsed="0.248059"/>
</kw>
<kw name="Click Element" owner="SeleniumLibrary">
<msg time="2025-04-19T03:27:35.305707" level="INFO">Clicking element 'xpath=//*[@id="root"]/div/div/div[2]/div/form/div/input[1]'.</msg>
<arg>${locator}</arg>
<doc>Click the element identified by ``locator``.</doc>
<status status="PASS" start="2025-04-19T03:27:35.305443" elapsed="0.491018"/>
</kw>
<arg>xpath=//*[@id="root"]/div/div/div[2]/div/form/div/input[1]</arg>
<arg>LeaveRequest6.png</arg>
<status status="PASS" start="2025-04-19T03:27:34.631693" elapsed="1.165040"/>
</kw>
<kw name="Input Text" owner="SeleniumLibrary">
<msg time="2025-04-19T03:27:35.797295" level="INFO">Typing text '04/16/2025' into text field 'xpath=//*[@id="root"]/div/div/div[2]/div/form/div/input[1]'.</msg>
<arg>xpath=//*[@id="root"]/div/div/div[2]/div/form/div/input[1]</arg>
<arg>04/16/2025</arg>
<doc>Types the given ``text`` into the text field identified by ``locator``.</doc>
<status status="PASS" start="2025-04-19T03:27:35.796980" elapsed="0.706615"/>
</kw>
<kw name="Click And Capture" owner="KeyWord">
<kw name="Wait Until Element Is Visible" owner="SeleniumLibrary">
<arg>${locator}</arg>
<arg>timeout=10s</arg>
<doc>Waits until the element ``locator`` is visible.</doc>
<status status="PASS" start="2025-04-19T03:27:36.504626" elapsed="0.425875"/>
</kw>
<kw name="Capture Page Screenshot" owner="SeleniumLibrary">
<msg time="2025-04-19T03:27:37.169243" level="INFO" html="true">&lt;/td&gt;&lt;/tr&gt;&lt;tr&gt;&lt;td colspan="3"&gt;&lt;a href="Screenshots/Request/LeaveRequest/Type/LeaveRequest7.png"&gt;&lt;img src="Screenshots/Request/LeaveRequest/Type/LeaveRequest7.png" width="800px"&gt;&lt;/a&gt;</msg>
<arg>${filename}</arg>
<doc>Takes a screenshot of the current page and embeds it into a log file.</doc>
<status status="PASS" start="2025-04-19T03:27:36.930809" elapsed="0.238571"/>
</kw>
<kw name="Click Element" owner="SeleniumLibrary">
<msg time="2025-04-19T03:27:37.169843" level="INFO">Clicking element 'xpath=//*[@id="root"]/div/div/div[2]/div/form/div/input[2]'.</msg>
<arg>${locator}</arg>
<doc>Click the element identified by ``locator``.</doc>
<status status="PASS" start="2025-04-19T03:27:37.169587" elapsed="0.477783"/>
</kw>
<arg>xpath=//*[@id="root"]/div/div/div[2]/div/form/div/input[2]</arg>
<arg>LeaveRequest7.png</arg>
<status status="PASS" start="2025-04-19T03:27:36.504198" elapsed="1.143489"/>
</kw>
<kw name="Input Text" owner="SeleniumLibrary">
<msg time="2025-04-19T03:27:37.648102" level="INFO">Typing text '04/20/2025' into text field 'xpath=//*[@id="root"]/div/div/div[2]/div/form/div/input[2]'.</msg>
<arg>xpath=//*[@id="root"]/div/div/div[2]/div/form/div/input[2]</arg>
<arg>04/20/2025</arg>
<doc>Types the given ``text`` into the text field identified by ``locator``.</doc>
<status status="PASS" start="2025-04-19T03:27:37.647863" elapsed="0.707380"/>
</kw>
<kw name="Click And Capture" owner="KeyWord">
<kw name="Wait Until Element Is Visible" owner="SeleniumLibrary">
<arg>${locator}</arg>
<arg>timeout=10s</arg>
<doc>Waits until the element ``locator`` is visible.</doc>
<status status="PASS" start="2025-04-19T03:27:38.356329" elapsed="0.425029"/>
</kw>
<kw name="Capture Page Screenshot" owner="SeleniumLibrary">
<msg time="2025-04-19T03:27:39.022338" level="INFO" html="true">&lt;/td&gt;&lt;/tr&gt;&lt;tr&gt;&lt;td colspan="3"&gt;&lt;a href="Screenshots/Request/LeaveRequest/Type/LeaveRequest8.png"&gt;&lt;img src="Screenshots/Request/LeaveRequest/Type/LeaveRequest8.png" width="800px"&gt;&lt;/a&gt;</msg>
<arg>${filename}</arg>
<doc>Takes a screenshot of the current page and embeds it into a log file.</doc>
<status status="PASS" start="2025-04-19T03:27:38.781767" elapsed="0.240737"/>
</kw>
<kw name="Click Element" owner="SeleniumLibrary">
<msg time="2025-04-19T03:27:39.023007" level="INFO">Clicking element 'xpath=//*[@id="root"]/div/div/div[2]/div/form/div/input[3]'.</msg>
<arg>${locator}</arg>
<doc>Click the element identified by ``locator``.</doc>
<status status="PASS" start="2025-04-19T03:27:39.022732" elapsed="0.488197"/>
</kw>
<arg>xpath=//*[@id="root"]/div/div/div[2]/div/form/div/input[3]</arg>
<arg>LeaveRequest8.png</arg>
<status status="PASS" start="2025-04-19T03:27:38.355698" elapsed="1.155442"/>
</kw>
<kw name="Input Text" owner="SeleniumLibrary">
<msg time="2025-04-19T03:27:39.511800" level="INFO">Typing text 'กูจะนอน' into text field 'xpath=//*[@id="root"]/div/div/div[2]/div/form/div/input[3]'.</msg>
<arg>xpath=//*[@id="root"]/div/div/div[2]/div/form/div/input[3]</arg>
<arg>กูจะนอน</arg>
<doc>Types the given ``text`` into the text field identified by ``locator``.</doc>
<status status="PASS" start="2025-04-19T03:27:39.511408" elapsed="0.711974"/>
</kw>
<kw name="Click And Capture" owner="KeyWord">
<kw name="Wait Until Element Is Visible" owner="SeleniumLibrary">
<arg>${locator}</arg>
<arg>timeout=10s</arg>
<doc>Waits until the element ``locator`` is visible.</doc>
<status status="PASS" start="2025-04-19T03:27:40.224730" elapsed="0.423295"/>
</kw>
<kw name="Capture Page Screenshot" owner="SeleniumLibrary">
<msg time="2025-04-19T03:27:40.898510" level="INFO" html="true">&lt;/td&gt;&lt;/tr&gt;&lt;tr&gt;&lt;td colspan="3"&gt;&lt;a href="Screenshots/Request/LeaveRequest/Type/LeaveRequest9.png"&gt;&lt;img src="Screenshots/Request/LeaveRequest/Type/LeaveRequest9.png" width="800px"&gt;&lt;/a&gt;</msg>
<arg>${filename}</arg>
<doc>Takes a screenshot of the current page and embeds it into a log file.</doc>
<status status="PASS" start="2025-04-19T03:27:40.648431" elapsed="0.250198"/>
</kw>
<kw name="Click Element" owner="SeleniumLibrary">
<msg time="2025-04-19T03:27:40.899017" level="INFO">Clicking element 'xpath=//*[@id="root"]/div/div/div[2]/div/form/button'.</msg>
<arg>${locator}</arg>
<doc>Click the element identified by ``locator``.</doc>
<status status="PASS" start="2025-04-19T03:27:40.898811" elapsed="0.482000"/>
</kw>
<arg>xpath=//*[@id="root"]/div/div/div[2]/div/form/button</arg>
<arg>LeaveRequest9.png</arg>
<status status="PASS" start="2025-04-19T03:27:40.223845" elapsed="1.157184"/>
</kw>
<kw name="Should Field Be Invalid" owner="KeyWord">
<kw name="Execute Javascript" owner="SeleniumLibrary">
<msg time="2025-04-19T03:27:41.381836" level="INFO">Executing JavaScript:
return document.querySelector(`select[name="leave_type"]`).checkValidity();
Without any arguments.</msg>
<msg time="2025-04-19T03:27:41.590705" level="INFO">${is_valid} = False</msg>
<var>${is_valid}</var>
<arg>return document.querySelector(`${locator}`).checkValidity();</arg>
<doc>Executes the given JavaScript code with possible arguments.</doc>
<status status="PASS" start="2025-04-19T03:27:41.381458" elapsed="0.209321"/>
</kw>
<kw name="Should Be Equal" owner="BuiltIn">
<arg>${is_valid}</arg>
<arg>${False}</arg>
<doc>Fails if the given objects are unequal.</doc>
<status status="PASS" start="2025-04-19T03:27:41.591030" elapsed="0.000249"/>
</kw>
<arg>select[name="leave_type"]</arg>
<status status="PASS" start="2025-04-19T03:27:41.381202" elapsed="0.210159"/>
</kw>
<kw name="Sleep" owner="BuiltIn">
<msg time="2025-04-19T03:27:46.592702" level="INFO">Slept 5 seconds.</msg>
<arg>5s</arg>
<doc>Pauses the test executed for the given time.</doc>
<status status="PASS" start="2025-04-19T03:27:41.591510" elapsed="5.001478"/>
</kw>
<kw name="Capture Page Screenshot" owner="SeleniumLibrary">
<msg time="2025-04-19T03:27:46.866861" level="INFO" html="true">&lt;/td&gt;&lt;/tr&gt;&lt;tr&gt;&lt;td colspan="3"&gt;&lt;a href="Screenshots/Request/LeaveRequest/Type/LeaveRequest11.png"&gt;&lt;img src="Screenshots/Request/LeaveRequest/Type/LeaveRequest11.png" width="800px"&gt;&lt;/a&gt;</msg>
<arg>LeaveRequest11.png</arg>
<doc>Takes a screenshot of the current page and embeds it into a log file.</doc>
<status status="PASS" start="2025-04-19T03:27:46.593417" elapsed="0.273598"/>
</kw>
<doc>ทดสอบเมื่อไม่ได้กรอกข้อมูลการขออนุญาตลา</doc>
<tag>LeaveRequestType</tag>
<status status="PASS" start="2025-04-19T03:27:26.972227" elapsed="19.894993"/>
</test>
<test id="s1-t8" name="Test Case For Request Page LeaveRequest StartDate" line="179">
<kw name="Set Screenshot Directory" owner="SeleniumLibrary">
<arg>${EXECDIR}/results/Screenshots/Request/LeaveRequest/StartDate</arg>
<doc>Sets the directory for captured screenshots.</doc>
<status status="PASS" start="2025-04-19T03:27:46.868870" elapsed="0.000432"/>
</kw>
<kw name="Go To" owner="SeleniumLibrary">
<msg time="2025-04-19T03:27:46.869668" level="INFO">Opening url 'http://localhost:5173/'</msg>
<arg>${BASE_URL}</arg>
<doc>Navigates the current browser window to the provided ``url``.</doc>
<status status="PASS" start="2025-04-19T03:27:46.869494" elapsed="0.301411"/>
</kw>
<kw name="Click And Capture" owner="KeyWord">
<kw name="Wait Until Element Is Visible" owner="SeleniumLibrary">
<arg>${locator}</arg>
<arg>timeout=10s</arg>
<doc>Waits until the element ``locator`` is visible.</doc>
<status status="PASS" start="2025-04-19T03:27:47.171607" elapsed="0.420522"/>
</kw>
<kw name="Capture Page Screenshot" owner="SeleniumLibrary">
<msg time="2025-04-19T03:27:47.839283" level="INFO" html="true">&lt;/td&gt;&lt;/tr&gt;&lt;tr&gt;&lt;td colspan="3"&gt;&lt;a href="Screenshots/Request/LeaveRequest/StartDate/StartDate1.png"&gt;&lt;img src="Screenshots/Request/LeaveRequest/StartDate/StartDate1.png" width="800px"&gt;&lt;/a&gt;</msg>
<arg>${filename}</arg>
<doc>Takes a screenshot of the current page and embeds it into a log file.</doc>
<status status="PASS" start="2025-04-19T03:27:47.592981" elapsed="0.246425"/>
</kw>
<kw name="Click Element" owner="SeleniumLibrary">
<msg time="2025-04-19T03:27:47.840145" level="INFO">Clicking element 'xpath=//*[@id="root"]/div/div/div/div/div[1]'.</msg>
<arg>${locator}</arg>
<doc>Click the element identified by ``locator``.</doc>
<status status="PASS" start="2025-04-19T03:27:47.839692" elapsed="0.486256"/>
</kw>
<arg>xpath=//*[@id="root"]/div/div/div/div/div[1]</arg>
<arg>StartDate1.png</arg>
<status status="PASS" start="2025-04-19T03:27:47.171303" elapsed="1.154864"/>
</kw>
<kw name="Input Text" owner="SeleniumLibrary">
<msg time="2025-04-19T03:27:48.326772" level="INFO">Typing text '20240008' into text field 'xpath=//*[@id="root"]/div/div/div/div[2]/form/div[1]/div/input'.</msg>
<arg>xpath=//*[@id="root"]/div/div/div/div[2]/form/div[1]/div/input</arg>
<arg>20240008</arg>
<doc>Types the given ``text`` into the text field identified by ``locator``.</doc>
<status status="PASS" start="2025-04-19T03:27:48.326413" elapsed="0.753932"/>
</kw>
<kw name="Input Password" owner="SeleniumLibrary">
<msg time="2025-04-19T03:27:49.081108" level="INFO">Typing password into text field 'xpath=//*[@id="root"]/div/div/div/div[2]/form/div[2]/div/input'.</msg>
<msg time="2025-04-19T03:27:49.524853" level="INFO">Temporally setting log level to: NONE</msg>
<arg>xpath=//*[@id="root"]/div/div/div/div[2]/form/div[2]/div/input</arg>
<arg>123456</arg>
<doc>Types the given password into the text field identified by ``locator``.</doc>
<status status="PASS" start="2025-04-19T03:27:49.080758" elapsed="0.713781"/>
</kw>
<kw name="Click And Capture" owner="KeyWord">
<kw name="Wait Until Element Is Visible" owner="SeleniumLibrary">
<arg>${locator}</arg>
<arg>timeout=10s</arg>
<doc>Waits until the element ``locator`` is visible.</doc>
<status status="PASS" start="2025-04-19T03:27:49.795985" elapsed="0.424117"/>
</kw>
<kw name="Capture Page Screenshot" owner="SeleniumLibrary">
<msg time="2025-04-19T03:27:50.568151" level="INFO" html="true">&lt;/td&gt;&lt;/tr&gt;&lt;tr&gt;&lt;td colspan="3"&gt;&lt;a href="Screenshots/Request/LeaveRequest/StartDate/StartDate2.png"&gt;&lt;img src="Screenshots/Request/LeaveRequest/StartDate/StartDate2.png" width="800px"&gt;&lt;/a&gt;</msg>
<arg>${filename}</arg>
<doc>Takes a screenshot of the current page and embeds it into a log file.</doc>
<status status="PASS" start="2025-04-19T03:27:50.220456" elapsed="0.347843"/>
</kw>
<kw name="Click Element" owner="SeleniumLibrary">
<msg time="2025-04-19T03:27:50.568814" level="INFO">Clicking element 'xpath=//*[@id="root"]/div/div/div/div[2]/form/button'.</msg>
<arg>${locator}</arg>
<doc>Click the element identified by ``locator``.</doc>
<status status="PASS" start="2025-04-19T03:27:50.568528" elapsed="0.470794"/>
</kw>
<arg>xpath=//*[@id="root"]/div/div/div/div[2]/form/button</arg>
<arg>StartDate2.png</arg>
<status status="PASS" start="2025-04-19T03:27:49.795120" elapsed="1.244542"/>
</kw>
<kw name="Click And Capture" owner="KeyWord">
<kw name="Wait Until Element Is Visible" owner="SeleniumLibrary">
<arg>${locator}</arg>
<arg>timeout=10s</arg>
<doc>Waits until the element ``locator`` is visible.</doc>
<status status="PASS" start="2025-04-19T03:27:51.040518" elapsed="0.420529"/>
</kw>
<kw name="Capture Page Screenshot" owner="SeleniumLibrary">
<msg time="2025-04-19T03:27:51.699959" level="INFO" html="true">&lt;/td&gt;&lt;/tr&gt;&lt;tr&gt;&lt;td colspan="3"&gt;&lt;a href="Screenshots/Request/LeaveRequest/StartDate/StartDate3.png"&gt;&lt;img src="Screenshots/Request/LeaveRequest/StartDate/StartDate3.png" width="800px"&gt;&lt;/a&gt;</msg>
<arg>${filename}</arg>
<doc>Takes a screenshot of the current page and embeds it into a log file.</doc>
<status status="PASS" start="2025-04-19T03:27:51.461408" elapsed="0.238703"/>
</kw>
<kw name="Click Element" owner="SeleniumLibrary">
<msg time="2025-04-19T03:27:51.700550" level="INFO">Clicking element 'xpath=//*[@id="root"]/div/div/div[1]/nav/div/div/div[2]/a[4]'.</msg>
<arg>${locator}</arg>
<doc>Click the element identified by ``locator``.</doc>
<status status="PASS" start="2025-04-19T03:27:51.700324" elapsed="0.633713"/>
</kw>
<arg>xpath=//*[@id="root"]/div/div/div[1]/nav/div/div/div[2]/a[4]</arg>
<arg>StartDate3.png</arg>
<status status="PASS" start="2025-04-19T03:27:51.040022" elapsed="1.294178"/>
</kw>
<kw name="Click And Capture" owner="KeyWord">
<kw name="Wait Until Element Is Visible" owner="SeleniumLibrary">
<arg>${locator}</arg>
<arg>timeout=10s</arg>
<doc>Waits until the element ``locator`` is visible.</doc>
<status status="PASS" start="2025-04-19T03:27:52.334753" elapsed="0.424417"/>
</kw>
<kw name="Capture Page Screenshot" owner="SeleniumLibrary">
<msg time="2025-04-19T03:27:53.000929" level="INFO" html="true">&lt;/td&gt;&lt;/tr&gt;&lt;tr&gt;&lt;td colspan="3"&gt;&lt;a href="Screenshots/Request/LeaveRequest/StartDate/StartDate4.png"&gt;&lt;img src="Screenshots/Request/LeaveRequest/StartDate/StartDate4.png" width="800px"&gt;&lt;/a&gt;</msg>
<arg>${filename}</arg>
<doc>Takes a screenshot of the current page and embeds it into a log file.</doc>
<status status="PASS" start="2025-04-19T03:27:52.759467" elapsed="0.241611"/>
</kw>
<kw name="Click Element" owner="SeleniumLibrary">
<msg time="2025-04-19T03:27:53.001488" level="INFO">Clicking element 'xpath=//*[@id="formType"]'.</msg>
<arg>${locator}</arg>
<doc>Click the element identified by ``locator``.</doc>
<status status="PASS" start="2025-04-19T03:27:53.001265" elapsed="0.486138"/>
</kw>
<arg>xpath=//*[@id="formType"]</arg>
<arg>StartDate4.png</arg>
<status status="PASS" start="2025-04-19T03:27:52.334421" elapsed="1.153280"/>
</kw>
<kw name="Click And Capture" owner="KeyWord">
<kw name="Wait Until Element Is Visible" owner="SeleniumLibrary">
<arg>${locator}</arg>
<arg>timeout=10s</arg>
<doc>Waits until the element ``locator`` is visible.</doc>
<status status="PASS" start="2025-04-19T03:27:53.488641" elapsed="0.420951"/>
</kw>
<kw name="Capture Page Screenshot" owner="SeleniumLibrary">
<msg time="2025-04-19T03:27:54.155501" level="INFO" html="true">&lt;/td&gt;&lt;/tr&gt;&lt;tr&gt;&lt;td colspan="3"&gt;&lt;a href="Screenshots/Request/LeaveRequest/StartDate/StartDate5.png"&gt;&lt;img src="Screenshots/Request/LeaveRequest/StartDate/StartDate5.png" width="800px"&gt;&lt;/a&gt;</msg>
<arg>${filename}</arg>
<doc>Takes a screenshot of the current page and embeds it into a log file.</doc>
<status status="PASS" start="2025-04-19T03:27:53.910094" elapsed="0.245753"/>
</kw>
<kw name="Click Element" owner="SeleniumLibrary">
<msg time="2025-04-19T03:27:54.156349" level="INFO">Clicking element 'xpath=//*[@id="formType"]/option[2]'.</msg>
<arg>${locator}</arg>
<doc>Click the element identified by ``locator``.</doc>
<status status="PASS" start="2025-04-19T03:27:54.156069" elapsed="0.442056"/>
</kw>
<arg>xpath=//*[@id="formType"]/option[2]</arg>
<arg>StartDate5.png</arg>
<status status="PASS" start="2025-04-19T03:27:53.488089" elapsed="1.110236"/>
</kw>
<kw name="Click And Capture" owner="KeyWord">
<kw name="Wait Until Element Is Visible" owner="SeleniumLibrary">
<arg>${locator}</arg>
<arg>timeout=10s</arg>
<doc>Waits until the element ``locator`` is visible.</doc>
<status status="PASS" start="2025-04-19T03:27:54.599344" elapsed="0.427508"/>
</kw>
<kw name="Capture Page Screenshot" owner="SeleniumLibrary">
[...]
<kw name="Click Element" owner="SeleniumLibrary">
<msg time="2025-04-19T03:29:20.780142" level="INFO">Clicking element 'xpath=//*[@id="root"]/div/div/div[2]/div[2]/div[3]/input'.</msg>
<arg>${locator}</arg>
<doc>Click the element identified by ``locator``.</doc>
<status status="PASS" start="2025-04-19T03:29:20.779889" elapsed="0.489460"/>
</kw>
<arg>xpath=//*[@id="root"]/div/div/div[2]/div[2]/div[3]/input</arg>
<arg>NewPasswordEmpty6.png</arg>
<status status="PASS" start="2025-04-19T03:29:20.118177" elapsed="1.151398"/>
</kw>
<kw name="Input Password" owner="SeleniumLibrary">
<msg time="2025-04-19T03:29:21.270111" level="INFO">Typing password into text field 'xpath=//*[@id="root"]/div/div/div[2]/div[2]/div[3]/input'.</msg>
<msg time="2025-04-19T03:29:21.712950" level="INFO">Temporally setting log level to: NONE</msg>
<arg>xpath=//*[@id="root"]/div/div/div[2]/div[2]/div[3]/input</arg>
<arg>1234567</arg>
<doc>Types the given password into the text field identified by ``locator``.</doc>
<status status="PASS" start="2025-04-19T03:29:21.269814" elapsed="0.693455"/>
</kw>
<kw name="Click And Capture" owner="KeyWord">
<kw name="Wait Until Element Is Visible" owner="SeleniumLibrary">
<arg>${locator}</arg>
<arg>timeout=10s</arg>
<doc>Waits until the element ``locator`` is visible.</doc>
<status status="PASS" start="2025-04-19T03:29:21.963806" elapsed="0.419268"/>
</kw>
<kw name="Capture Page Screenshot" owner="SeleniumLibrary">
<msg time="2025-04-19T03:29:22.628378" level="INFO" html="true">&lt;/td&gt;&lt;/tr&gt;&lt;tr&gt;&lt;td colspan="3"&gt;&lt;a href="Screenshots/Settings/NewPasswordEmpty/NewPasswordEmpty7.png"&gt;&lt;img src="Screenshots/Settings/NewPasswordEmpty/NewPasswordEmpty7.png" width="800px"&gt;&lt;/a&gt;</msg>
<arg>${filename}</arg>
<doc>Takes a screenshot of the current page and embeds it into a log file.</doc>
<status status="PASS" start="2025-04-19T03:29:22.383306" elapsed="0.245319"/>
</kw>
<kw name="Click Element" owner="SeleniumLibrary">
<msg time="2025-04-19T03:29:22.629274" level="INFO">Clicking element 'xpath=//*[@id="root"]/div/div/div[2]/div[2]/div[4]/button'.</msg>
<arg>${locator}</arg>
<doc>Click the element identified by ``locator``.</doc>
<status status="PASS" start="2025-04-19T03:29:22.628967" elapsed="0.465444"/>
</kw>
<arg>xpath=//*[@id="root"]/div/div/div[2]/div[2]/div[4]/button</arg>
<arg>NewPasswordEmpty7.png</arg>
<status status="PASS" start="2025-04-19T03:29:21.963507" elapsed="1.131144"/>
</kw>
<kw name="Wait Until Element Is Visible" owner="SeleniumLibrary">
<arg>xpath=/html/body/div[2]/div</arg>
<arg>timeout=5s</arg>
<doc>Waits until the element ``locator`` is visible.</doc>
<status status="PASS" start="2025-04-19T03:29:23.094903" elapsed="0.419383"/>
</kw>
<kw name="Element Should Contain" owner="SeleniumLibrary">
<msg time="2025-04-19T03:29:23.938229" level="INFO">Element 'xpath=/html/body/div[2]/div' contains text 'Failed to update password.'.</msg>
<arg>xpath=/html/body/div[2]/div</arg>
<arg>Failed to update password.</arg>
<doc>Verifies that element ``locator`` contains text ``expected``.</doc>
<status status="PASS" start="2025-04-19T03:29:23.514620" elapsed="0.423941"/>
</kw>
<kw name="Element Should Contain" owner="SeleniumLibrary">
<msg time="2025-04-19T03:29:24.378326" level="INFO">Element 'xpath=/html/body/div[2]/div' contains text 'รหัสผ่านใหม่ต้องมีความยาวอย่างน้อย 6 ตัวอักษร'.</msg>
<arg>xpath=/html/body/div[2]/div</arg>
<arg>รหัสผ่านใหม่ต้องมีความยาวอย่างน้อย 6 ตัวอักษร</arg>
<doc>Verifies that element ``locator`` contains text ``expected``.</doc>
<status status="PASS" start="2025-04-19T03:29:23.938930" elapsed="0.439652"/>
</kw>
<kw name="Capture Page Screenshot" owner="SeleniumLibrary">
<msg time="2025-04-19T03:29:24.630709" level="INFO" html="true">&lt;/td&gt;&lt;/tr&gt;&lt;tr&gt;&lt;td colspan="3"&gt;&lt;a href="Screenshots/Settings/NewPasswordEmpty/NewPasswordEmpty8.png"&gt;&lt;img src="Screenshots/Settings/NewPasswordEmpty/NewPasswordEmpty8.png" width="800px"&gt;&lt;/a&gt;</msg>
<arg>NewPasswordEmpty8.png</arg>
<doc>Takes a screenshot of the current page and embeds it into a log file.</doc>
<status status="PASS" start="2025-04-19T03:29:24.378979" elapsed="0.251912"/>
</kw>
<kw name="Sleep" owner="BuiltIn">
<msg time="2025-04-19T03:29:29.631413" level="INFO">Slept 5 seconds.</msg>
<arg>5s</arg>
<doc>Pauses the test executed for the given time.</doc>
<status status="PASS" start="2025-04-19T03:29:24.631070" elapsed="5.000541"/>
</kw>
<doc>ทดสอบเมื่อไม่ได้กรอกข้อมูลรหัสผ่านใหม่</doc>
<tag>NewPasswordEmpty</tag>
<status status="PASS" start="2025-04-19T03:29:11.734293" elapsed="17.897795"/>
</test>
<test id="s1-t15" name="Test Case For Setting Page When Confirm Password Empty" line="396">
<kw name="Set Screenshot Directory" owner="SeleniumLibrary">
<arg>${EXECDIR}/results/Screenshots/Settings/ConfirmPasswordEmpty</arg>
<doc>Sets the directory for captured screenshots.</doc>
<status status="PASS" start="2025-04-19T03:29:29.634515" elapsed="0.000280"/>
</kw>
<kw name="Go To" owner="SeleniumLibrary">
<msg time="2025-04-19T03:29:29.635019" level="INFO">Opening url 'http://localhost:5173/'</msg>
<arg>${BASE_URL}</arg>
<doc>Navigates the current browser window to the provided ``url``.</doc>
<status status="PASS" start="2025-04-19T03:29:29.634907" elapsed="0.332781"/>
</kw>
<kw name="Click And Capture" owner="KeyWord">
<kw name="Wait Until Element Is Visible" owner="SeleniumLibrary">
<arg>${locator}</arg>
<arg>timeout=10s</arg>
<doc>Waits until the element ``locator`` is visible.</doc>
<status status="PASS" start="2025-04-19T03:29:29.968417" elapsed="0.421038"/>
</kw>
<kw name="Capture Page Screenshot" owner="SeleniumLibrary">
<msg time="2025-04-19T03:29:30.628260" level="INFO" html="true">&lt;/td&gt;&lt;/tr&gt;&lt;tr&gt;&lt;td colspan="3"&gt;&lt;a href="Screenshots/Settings/ConfirmPasswordEmpty/ConfirmPasswordEmpty1.png"&gt;&lt;img src="Screenshots/Settings/ConfirmPasswordEmpty/ConfirmPasswordEmpty1.png" width="800px"&gt;&lt;/a&gt;</msg>
<arg>${filename}</arg>
<doc>Takes a screenshot of the current page and embeds it into a log file.</doc>
<status status="PASS" start="2025-04-19T03:29:30.389909" elapsed="0.238482"/>
</kw>
<kw name="Click Element" owner="SeleniumLibrary">
<msg time="2025-04-19T03:29:30.628825" level="INFO">Clicking element 'xpath=//*[@id="root"]/div/div/div/div/div[1]'.</msg>
<arg>${locator}</arg>
<doc>Click the element identified by ``locator``.</doc>
<status status="PASS" start="2025-04-19T03:29:30.628581" elapsed="0.474749"/>
</kw>
<arg>xpath=//*[@id="root"]/div/div/div/div/div[1]</arg>
<arg>ConfirmPasswordEmpty1.png</arg>
<status status="PASS" start="2025-04-19T03:29:29.968057" elapsed="1.135522"/>
</kw>
<kw name="Input Text" owner="SeleniumLibrary">
<msg time="2025-04-19T03:29:31.104441" level="INFO">Typing text '20240008' into text field 'xpath=//*[@id="root"]/div/div/div/div[2]/form/div[1]/div/input'.</msg>
<arg>xpath=//*[@id="root"]/div/div/div/div[2]/form/div[1]/div/input</arg>
<arg>20240008</arg>
<doc>Types the given ``text`` into the text field identified by ``locator``.</doc>
<status status="PASS" start="2025-04-19T03:29:31.104048" elapsed="0.712955"/>
</kw>
<kw name="Input Password" owner="SeleniumLibrary">
<msg time="2025-04-19T03:29:31.818119" level="INFO">Typing password into text field 'xpath=//*[@id="root"]/div/div/div/div[2]/form/div[2]/div/input'.</msg>
<msg time="2025-04-19T03:29:32.259122" level="INFO">Temporally setting log level to: NONE</msg>
<arg>xpath=//*[@id="root"]/div/div/div/div[2]/form/div[2]/div/input</arg>
<arg>123456</arg>
<doc>Types the given password into the text field identified by ``locator``.</doc>
<status status="PASS" start="2025-04-19T03:29:31.817549" elapsed="0.708965"/>
</kw>
<kw name="Click And Capture" owner="KeyWord">
<kw name="Wait Until Element Is Visible" owner="SeleniumLibrary">
<arg>${locator}</arg>
<arg>timeout=10s</arg>
<doc>Waits until the element ``locator`` is visible.</doc>
<status status="PASS" start="2025-04-19T03:29:32.527329" elapsed="0.423228"/>
</kw>
<kw name="Capture Page Screenshot" owner="SeleniumLibrary">
<msg time="2025-04-19T03:29:33.257617" level="INFO" html="true">&lt;/td&gt;&lt;/tr&gt;&lt;tr&gt;&lt;td colspan="3"&gt;&lt;a href="Screenshots/Settings/ConfirmPasswordEmpty/ConfirmPasswordEmpty2.png"&gt;&lt;img src="Screenshots/Settings/ConfirmPasswordEmpty/ConfirmPasswordEmpty2.png" width="800px"&gt;&lt;/a&gt;</msg>
<arg>${filename}</arg>
<doc>Takes a screenshot of the current page and embeds it into a log file.</doc>
<status status="PASS" start="2025-04-19T03:29:32.951123" elapsed="0.306652"/>
</kw>
<kw name="Click Element" owner="SeleniumLibrary">
<msg time="2025-04-19T03:29:33.258241" level="INFO">Clicking element 'xpath=//*[@id="root"]/div/div/div/div[2]/form/button'.</msg>
<arg>${locator}</arg>
<doc>Click the element identified by ``locator``.</doc>
<status status="PASS" start="2025-04-19T03:29:33.257998" elapsed="0.475937"/>
</kw>
<arg>xpath=//*[@id="root"]/div/div/div/div[2]/form/button</arg>
<arg>ConfirmPasswordEmpty2.png</arg>
<status status="PASS" start="2025-04-19T03:29:32.526906" elapsed="1.207270"/>
</kw>
<kw name="Click And Capture" owner="KeyWord">
<kw name="Wait Until Element Is Visible" owner="SeleniumLibrary">
<arg>${locator}</arg>
<arg>timeout=10s</arg>
<doc>Waits until the element ``locator`` is visible.</doc>
<status status="PASS" start="2025-04-19T03:29:33.734783" elapsed="0.419313"/>
</kw>
<kw name="Capture Page Screenshot" owner="SeleniumLibrary">
<msg time="2025-04-19T03:29:34.395558" level="INFO" html="true">&lt;/td&gt;&lt;/tr&gt;&lt;tr&gt;&lt;td colspan="3"&gt;&lt;a href="Screenshots/Settings/ConfirmPasswordEmpty/ConfirmPasswordEmpty3.png"&gt;&lt;img src="Screenshots/Settings/ConfirmPasswordEmpty/ConfirmPasswordEmpty3.png" width="800px"&gt;&lt;/a&gt;</msg>
<arg>${filename}</arg>
<doc>Takes a screenshot of the current page and embeds it into a log file.</doc>
<status status="PASS" start="2025-04-19T03:29:34.154489" elapsed="0.241194"/>
</kw>
<kw name="Click Element" owner="SeleniumLibrary">
<msg time="2025-04-19T03:29:34.396196" level="INFO">Clicking element 'xpath=/html/body/div/div/div/div[1]/nav/div/div/div[3]/div/div[1]/button'.</msg>
<arg>${locator}</arg>
<doc>Click the element identified by ``locator``.</doc>
<status status="PASS" start="2025-04-19T03:29:34.395925" elapsed="0.478207"/>
</kw>
<arg>xpath=/html/body/div/div/div/div[1]/nav/div/div/div[3]/div/div[1]/button</arg>
<arg>ConfirmPasswordEmpty3.png</arg>
<status status="PASS" start="2025-04-19T03:29:33.734489" elapsed="1.139917"/>
</kw>
<kw name="Click And Capture" owner="KeyWord">
<kw name="Wait Until Element Is Visible" owner="SeleniumLibrary">
<arg>${locator}</arg>
<arg>timeout=10s</arg>
<doc>Waits until the element ``locator`` is visible.</doc>
<status status="PASS" start="2025-04-19T03:29:34.875203" elapsed="0.422161"/>
</kw>
<kw name="Capture Page Screenshot" owner="SeleniumLibrary">
<msg time="2025-04-19T03:29:35.548173" level="INFO" html="true">&lt;/td&gt;&lt;/tr&gt;&lt;tr&gt;&lt;td colspan="3"&gt;&lt;a href="Screenshots/Settings/ConfirmPasswordEmpty/ConfirmPasswordEmpty4.png"&gt;&lt;img src="Screenshots/Settings/ConfirmPasswordEmpty/ConfirmPasswordEmpty4.png" width="800px"&gt;&lt;/a&gt;</msg>
<arg>${filename}</arg>
<doc>Takes a screenshot of the current page and embeds it into a log file.</doc>
<status status="PASS" start="2025-04-19T03:29:35.297822" elapsed="0.250520"/>
</kw>
<kw name="Click Element" owner="SeleniumLibrary">
<msg time="2025-04-19T03:29:35.549110" level="INFO">Clicking element 'xpath=/html/body/div/div/div/div[1]/nav/div/div/div[3]/div/div[2]/a[2]'.</msg>
<arg>${locator}</arg>
<doc>Click the element identified by ``locator``.</doc>
<status status="PASS" start="2025-04-19T03:29:35.548633" elapsed="0.602621"/>
</kw>
<arg>xpath=/html/body/div/div/div/div[1]/nav/div/div/div[3]/div/div[2]/a[2]</arg>
<arg>ConfirmPasswordEmpty4.png</arg>
<status status="PASS" start="2025-04-19T03:29:34.874754" elapsed="1.276743"/>
</kw>
<kw name="Click And Capture" owner="KeyWord">
<kw name="Wait Until Element Is Visible" owner="SeleniumLibrary">
<arg>${locator}</arg>
<arg>timeout=10s</arg>
<doc>Waits until the element ``locator`` is visible.</doc>
<status status="PASS" start="2025-04-19T03:29:36.152350" elapsed="0.422329"/>
</kw>
<kw name="Capture Page Screenshot" owner="SeleniumLibrary">
<msg time="2025-04-19T03:29:36.810459" level="INFO" html="true">&lt;/td&gt;&lt;/tr&gt;&lt;tr&gt;&lt;td colspan="3"&gt;&lt;a href="Screenshots/Settings/ConfirmPasswordEmpty/ConfirmPasswordEmpty5.png"&gt;&lt;img src="Screenshots/Settings/ConfirmPasswordEmpty/ConfirmPasswordEmpty5.png" width="800px"&gt;&lt;/a&gt;</msg>
<arg>${filename}</arg>
<doc>Takes a screenshot of the current page and embeds it into a log file.</doc>
<status status="PASS" start="2025-04-19T03:29:36.575013" elapsed="0.235714"/>
</kw>
<kw name="Click Element" owner="SeleniumLibrary">
<msg time="2025-04-19T03:29:36.811202" level="INFO">Clicking element 'xpath=//*[@id="root"]/div/div/div[2]/div[2]/div[1]/input'.</msg>
<arg>${locator}</arg>
<doc>Click the element identified by ``locator``.</doc>
<status status="PASS" start="2025-04-19T03:29:36.810963" elapsed="0.490508"/>
</kw>
<arg>xpath=//*[@id="root"]/div/div/div[2]/div[2]/div[1]/input</arg>
<arg>ConfirmPasswordEmpty5.png</arg>
<status status="PASS" start="2025-04-19T03:29:36.151823" elapsed="1.149809"/>
</kw>
<kw name="Input Password" owner="SeleniumLibrary">
<msg time="2025-04-19T03:29:37.302036" level="INFO">Typing password into text field 'xpath=//*[@id="root"]/div/div/div[2]/div[2]/div[1]/input'.</msg>
<msg time="2025-04-19T03:29:37.737620" level="INFO">Temporally setting log level to: NONE</msg>
<arg>xpath=//*[@id="root"]/div/div/div[2]/div[2]/div[1]/input</arg>
<arg>123456</arg>
<doc>Types the given password into the text field identified by ``locator``.</doc>
<status status="PASS" start="2025-04-19T03:29:37.301828" elapsed="0.698698"/>
</kw>
<kw name="Click And Capture" owner="KeyWord">
<kw name="Wait Until Element Is Visible" owner="SeleniumLibrary">
<arg>${locator}</arg>
<arg>timeout=10s</arg>
<doc>Waits until the element ``locator`` is visible.</doc>
<status status="PASS" start="2025-04-19T03:29:38.001186" elapsed="0.421751"/>
</kw>
<kw name="Capture Page Screenshot" owner="SeleniumLibrary">
<msg time="2025-04-19T03:29:38.661624" level="INFO" html="true">&lt;/td&gt;&lt;/tr&gt;&lt;tr&gt;&lt;td colspan="3"&gt;&lt;a href="Screenshots/Settings/ConfirmPasswordEmpty/ConfirmPasswordEmpty6.png"&gt;&lt;img src="Screenshots/Settings/ConfirmPasswordEmpty/ConfirmPasswordEmpty6.png" width="800px"&gt;&lt;/a&gt;</msg>
<arg>${filename}</arg>
<doc>Takes a screenshot of the current page and embeds it into a log file.</doc>
<status status="PASS" start="2025-04-19T03:29:38.423167" elapsed="0.238618"/>
</kw>
<kw name="Click Element" owner="SeleniumLibrary">
<msg time="2025-04-19T03:29:38.662337" level="INFO">Clicking element 'xpath=//*[@id="root"]/div/div/div[2]/div[2]/div[2]/input'.</msg>
<arg>${locator}</arg>
<doc>Click the element identified by ``locator``.</doc>
<status status="PASS" start="2025-04-19T03:29:38.662026" elapsed="0.473737"/>
</kw>
<arg>xpath=//*[@id="root"]/div/div/div[2]/div[2]/div[2]/input</arg>
<arg>ConfirmPasswordEmpty6.png</arg>
<status status="PASS" start="2025-04-19T03:29:38.000853" elapsed="1.135072"/>
</kw>
<kw name="Input Password" owner="SeleniumLibrary">
<msg time="2025-04-19T03:29:39.136402" level="INFO">Typing password into text field 'xpath=//*[@id="root"]/div/div/div[2]/div[2]/div[2]/input'.</msg>
<msg time="2025-04-19T03:29:39.585297" level="INFO">Temporally setting log level to: NONE</msg>
<arg>xpath=//*[@id="root"]/div/div/div[2]/div[2]/div[2]/input</arg>
<arg>1234567</arg>
<doc>Types the given password into the text field identified by ``locator``.</doc>
<status status="PASS" start="2025-04-19T03:29:39.136146" elapsed="0.699038"/>
</kw>
<kw name="Click And Capture" owner="KeyWord">
<kw name="Wait Until Element Is Visible" owner="SeleniumLibrary">
<arg>${locator}</arg>
<arg>timeout=10s</arg>
<doc>Waits until the element ``locator`` is visible.</doc>
<status status="PASS" start="2025-04-19T03:29:39.835816" elapsed="0.419058"/>
</kw>
<kw name="Capture Page Screenshot" owner="SeleniumLibrary">
<msg time="2025-04-19T03:29:40.495316" level="INFO" html="true">&lt;/td&gt;&lt;/tr&gt;&lt;tr&gt;&lt;td colspan="3"&gt;&lt;a href="Screenshots/Settings/ConfirmPasswordEmpty/ConfirmPasswordEmpty7.png"&gt;&lt;img src="Screenshots/Settings/ConfirmPasswordEmpty/ConfirmPasswordEmpty7.png" width="800px"&gt;&lt;/a&gt;</msg>
<arg>${filename}</arg>
<doc>Takes a screenshot of the current page and embeds it into a log file.</doc>
<status status="PASS" start="2025-04-19T03:29:40.255258" elapsed="0.240215"/>
</kw>
<kw name="Click Element" owner="SeleniumLibrary">
<msg time="2025-04-19T03:29:40.496042" level="INFO">Clicking element 'xpath=//*[@id="root"]/div/div/div[2]/div[2]/div[4]/button'.</msg>
<arg>${locator}</arg>
<doc>Click the element identified by ``locator``.</doc>
<status status="PASS" start="2025-04-19T03:29:40.495745" elapsed="0.469186"/>
</kw>
<arg>xpath=//*[@id="root"]/div/div/div[2]/div[2]/div[4]/button</arg>
<arg>ConfirmPasswordEmpty7.png</arg>
<status status="PASS" start="2025-04-19T03:29:39.835525" elapsed="1.129707"/>
</kw>
<kw name="Wait Until Element Is Visible" owner="SeleniumLibrary">
<arg>xpath=/html/body/div[2]/div</arg>
<arg>timeout=5s</arg>
<doc>Waits until the element ``locator`` is visible.</doc>
<status status="PASS" start="2025-04-19T03:29:40.965597" elapsed="0.420200"/>
</kw>
<kw name="Element Should Contain" owner="SeleniumLibrary">
<msg time="2025-04-19T03:29:41.807835" level="INFO">Element 'xpath=/html/body/div[2]/div' contains text 'Failed to update password.'.</msg>
<arg>xpath=/html/body/div[2]/div</arg>
<arg>Failed to update password.</arg>
<doc>Verifies that element ``locator`` contains text ``expected``.</doc>
<status status="PASS" start="2025-04-19T03:29:41.386362" elapsed="0.421678"/>
</kw>
<kw name="Element Should Contain" owner="SeleniumLibrary">
<msg time="2025-04-19T03:29:42.231092" level="INFO">Element 'xpath=/html/body/div[2]/div' contains text 'รหัสผ่านใหม่และยืนยันรหัสผ่านไม่ตรงกัน'.</msg>
<arg>xpath=/html/body/div[2]/div</arg>
<arg>รหัสผ่านใหม่และยืนยันรหัสผ่านไม่ตรงกัน</arg>
<doc>Verifies that element ``locator`` contains text ``expected``.</doc>
<status status="PASS" start="2025-04-19T03:29:41.808311" elapsed="0.423073"/>
</kw>
<doc>ทดสอบเมื่อไม่ได้กรอกข้อมูลยืนยันรหัสผ่านใหม่</doc>
<tag>ConfirmPasswordEmpty</tag>
<status status="PASS" start="2025-04-19T03:29:29.632701" elapsed="12.599123"/>
</test>
<kw name="Close Browser" owner="SeleniumLibrary" type="TEARDOWN">
<doc>Closes the current browser.</doc>
<status status="PASS" start="2025-04-19T03:29:42.232722" elapsed="2.514071"/>
</kw>
<status status="PASS" start="2025-04-19T03:26:37.285465" elapsed="187.461544"/>
</suite>
<statistics>
<total>
<stat pass="15" fail="0" skip="0">All Tests</stat>
</total>
<tag>
<stat pass="1" fail="0" skip="0">CheckinNegative</stat>
<stat pass="1" fail="0" skip="0">CheckoutNegative</stat>
<stat pass="1" fail="0" skip="0">ConfirmPasswordEmpty</stat>
<stat pass="1" fail="0" skip="0">EditAddress</stat>
<stat pass="1" fail="0" skip="0">EditPhoneNumber</stat>
<stat pass="1" fail="0" skip="0">LeaveRequestEndDate</stat>
<stat pass="1" fail="0" skip="0">LeaveRequestReason</stat>
<stat pass="1" fail="0" skip="0">LeaveRequestStartDate</stat>
<stat pass="1" fail="0" skip="0">LeaveRequestType</stat>
<stat pass="1" fail="0" skip="0">LoginNegative</stat>
<stat pass="1" fail="0" skip="0">NewPasswordEmpty</stat>
<stat pass="1" fail="0" skip="0">NotificationNegative</stat>
<stat pass="1" fail="0" skip="0">OldPasswordEmpty</stat>
<stat pass="1" fail="0" skip="0">WorkInfoDropdown</stat>
<stat pass="1" fail="0" skip="0">WorkInfoHours</stat>
</tag>
<suite>
<stat name="FrontEndNGT" id="s1" pass="15" fail="0" skip="0">FrontEndNGT</stat>
</suite>
</statistics>
<errors>
</errors>
</robot>
